TN:
SF:src/db/database.ts
FN:22,resolveDbPath
FN:42,closeDb
FNF:2
FNH:2
FNDA:5,resolveDbPath
FNDA:5,closeDb
DA:1,1
DA:16,1
DA:17,1
DA:18,1
DA:19,1
DA:20,1
DA:22,5
DA:23,5
DA:24,5
DA:25,5
DA:26,5
DA:28,1
DA:30,1
DA:31,1
DA:32,1
DA:33,1
DA:35,1
DA:37,1
DA:38,1
DA:39,1
DA:40,1
DA:42,1
DA:43,5
DA:44,5
DA:46,1
DA:47,1
LF:26
LH:26
BRDA:32,0,0,0
BRDA:22,1,0,5
BRDA:23,2,0,0
BRDA:24,3,0,0
BRDA:42,4,0,5
BRF:5
BRH:2
end_of_record
TN:
SF:src/db/migrate.ts
FN:9,applySchema
FNF:1
FNH:1
FNDA:5,applySchema
DA:1,1
DA:9,1
DA:10,5
DA:11,5
DA:12,5
DA:13,5
DA:16,1
DA:17,1
DA:19,1
DA:20,0
DA:21,0
DA:22,0
DA:23,0
DA:24,0
DA:25,0
DA:26,0
LF:16
LH:9
BRDA:19,0,0,0
BRDA:9,1,0,5
BRF:2
BRH:1
end_of_record
TN:
SF:src/db/repos.ts
FN:1,(empty-report)
FNF:1
FNH:0
FNDA:0,(empty-report)
DA:1,0
DA:22,0
DA:23,0
DA:24,0
DA:25,0
DA:26,0
DA:27,0
DA:29,0
DA:30,0
DA:33,0
DA:35,0
DA:40,0
DA:41,0
DA:42,0
DA:43,0
DA:45,0
DA:46,0
DA:47,0
DA:48,0
DA:51,0
DA:52,0
DA:53,0
DA:54,0
DA:55,0
DA:56,0
DA:57,0
DA:59,0
DA:60,0
DA:62,0
DA:63,0
DA:64,0
DA:65,0
DA:66,0
DA:68,0
DA:69,0
DA:70,0
DA:71,0
DA:76,0
DA:77,0
DA:78,0
DA:79,0
DA:94,0
DA:95,0
DA:102,0
DA:103,0
DA:104,0
DA:105,0
DA:108,0
DA:109,0
DA:110,0
DA:111,0
DA:112,0
DA:113,0
DA:114,0
DA:115,0
DA:116,0
DA:117,0
DA:118,0
DA:120,0
DA:121,0
DA:124,0
DA:126,0
DA:127,0
DA:128,0
DA:129,0
DA:130,0
DA:134,0
DA:135,0
DA:136,0
DA:137,0
DA:144,0
DA:145,0
DA:146,0
DA:147,0
DA:148,0
DA:149,0
DA:150,0
DA:165,0
DA:166,0
DA:172,0
DA:173,0
DA:174,0
DA:175,0
DA:178,0
DA:179,0
DA:180,0
DA:181,0
DA:182,0
DA:183,0
DA:184,0
DA:185,0
DA:186,0
DA:187,0
DA:189,0
DA:190,0
DA:193,0
DA:195,0
DA:196,0
DA:197,0
DA:198,0
DA:199,0
DA:201,0
DA:202,0
DA:203,0
DA:204,0
DA:205,0
DA:206,0
DA:209,0
DA:210,0
DA:220,0
DA:221,0
DA:222,0
DA:223,0
DA:227,0
DA:228,0
DA:229,0
DA:230,0
DA:231,0
DA:232,0
DA:233,0
DA:234,0
DA:235,0
DA:236,0
DA:237,0
DA:238,0
DA:239,0
DA:240,0
DA:241,0
DA:242,0
DA:243,0
DA:244,0
DA:245,0
DA:246,0
DA:248,0
DA:249,0
DA:250,0
DA:251,0
DA:256,0
DA:257,0
DA:258,0
DA:259,0
DA:262,0
DA:263,0
DA:273,0
DA:274,0
DA:275,0
DA:279,0
DA:280,0
DA:281,0
DA:282,0
DA:283,0
DA:284,0
DA:285,0
DA:286,0
DA:287,0
DA:288,0
DA:289,0
DA:290,0
DA:291,0
DA:292,0
LF:160
LH:0
BRDA:1,0,0,0
BRF:1
BRH:0
end_of_record
TN:
SF:src/db/repos/audit.ts
FN:20,log
FN:49,listForOrg
FNF:2
FNH:2
FNDA:66,log
FNDA:2,listForOrg
DA:1,1
DA:19,1
DA:20,1
DA:30,66
DA:31,66
DA:32,66
DA:35,66
DA:36,66
DA:37,66
DA:38,66
DA:39,66
DA:40,66
DA:41,66
DA:42,66
DA:43,66
DA:44,66
DA:45,66
DA:46,66
DA:47,66
DA:49,1
DA:50,2
DA:51,2
DA:52,2
DA:53,2
DA:54,2
DA:55,2
DA:56,2
DA:57,1
LF:28
LH:28
BRDA:20,0,0,66
BRDA:37,1,0,2
BRDA:38,2,0,1
BRDA:39,3,0,3
BRDA:41,4,0,37
BRDA:42,5,0,38
BRDA:43,6,0,2
BRDA:44,7,0,32
BRDA:45,8,0,65
BRDA:49,9,0,2
BRDA:52,10,0,0
BRF:11
BRH:10
end_of_record
TN:
SF:src/db/repos/catalog.ts
FN:41,rowToItem
FN:56,listForOrg
FN:65,findById
FN:70,create
FN:93,update
FN:113,delete
FN:119,replaceAll
FNF:7
FNH:7
FNDA:22,rowToItem
FNDA:7,listForOrg
FNDA:9,findById
FNDA:6,create
FNDA:1,update
FNDA:1,delete
FNDA:2,replaceAll
DA:1,1
DA:41,22
DA:42,22
DA:43,22
DA:44,22
DA:45,22
DA:46,22
DA:47,22
DA:48,22
DA:49,22
DA:50,22
DA:51,22
DA:52,22
DA:53,22
DA:55,1
DA:56,1
DA:57,7
DA:58,7
DA:61,7
DA:62,7
DA:63,7
DA:65,1
DA:66,9
DA:67,9
DA:68,9
DA:70,1
DA:76,6
DA:77,6
DA:78,6
DA:79,6
DA:81,6
DA:82,6
DA:83,6
DA:84,6
DA:85,6
DA:86,6
DA:87,6
DA:88,6
DA:89,6
DA:90,6
DA:91,6
DA:93,1
DA:98,1
DA:99,1
DA:100,1
DA:101,1
DA:102,1
DA:103,1
DA:104,1
DA:105,1
DA:106,1
DA:107,1
DA:108,1
DA:109,1
DA:110,1
DA:111,1
DA:113,1
DA:114,1
DA:115,1
DA:116,1
DA:119,1
DA:121,2
DA:122,2
DA:123,2
DA:124,2
DA:125,5
DA:126,5
DA:127,5
DA:129,5
DA:130,5
DA:131,5
DA:132,5
DA:133,5
DA:134,5
DA:135,5
DA:136,2
DA:137,2
DA:138,2
DA:139,2
DA:140,1
LF:80
LH:80
BRDA:41,0,0,22
BRDA:56,1,0,7
BRDA:65,2,0,9
BRDA:67,3,0,0
BRDA:70,4,0,6
BRDA:86,5,0,5
BRDA:87,6,0,0
BRDA:93,7,0,1
BRDA:102,8,0,0
BRDA:103,9,0,0
BRDA:104,10,0,0
BRDA:105,11,0,0
BRDA:113,12,0,1
BRDA:119,13,0,2
BRDA:122,14,0,2
BRDA:124,15,0,5
BRDA:132,16,0,0
BRF:17
BRH:10
end_of_record
TN:
SF:src/db/repos/decor.ts
FN:46,listItems
FN:52,createItem
FN:63,updateItem
FN:77,deleteItem
FN:82,listCategories
FN:88,createCategory
FN:97,deleteCategory
FN:102,listArrangements
FN:108,upsertArrangement
FN:124,deleteArrangement
FN:129,listPackages
FN:135,upsertPackage
FN:151,deletePackage
FNF:13
FNH:13
FNDA:1,listItems
FNDA:1,createItem
FNDA:1,updateItem
FNDA:1,deleteItem
FNDA:1,listCategories
FNDA:1,createCategory
FNDA:1,deleteCategory
FNDA:2,listArrangements
FNDA:3,upsertArrangement
FNDA:1,deleteArrangement
FNDA:1,listPackages
FNDA:1,upsertPackage
FNDA:1,deletePackage
DA:1,1
DA:44,1
DA:46,1
DA:47,1
DA:48,1
DA:49,1
DA:50,1
DA:52,1
DA:53,1
DA:54,1
DA:55,1
DA:57,1
DA:58,1
DA:59,1
DA:60,1
DA:61,1
DA:63,1
DA:64,1
DA:65,1
DA:66,1
DA:67,1
DA:68,1
DA:69,1
DA:70,1
DA:71,1
DA:72,1
DA:73,1
DA:74,1
DA:75,1
DA:77,1
DA:78,1
DA:79,1
DA:82,1
DA:83,1
DA:84,1
DA:85,1
DA:86,1
DA:88,1
DA:89,1
DA:90,1
DA:91,1
DA:93,1
DA:94,1
DA:95,1
DA:97,1
DA:98,1
DA:99,1
DA:102,1
DA:103,2
DA:104,2
DA:105,2
DA:106,2
DA:108,1
DA:109,3
DA:110,3
DA:111,3
DA:112,1
DA:113,1
DA:114,1
DA:115,2
DA:116,2
DA:117,2
DA:119,2
DA:120,2
DA:121,3
DA:122,3
DA:124,1
DA:125,1
DA:126,1
DA:129,1
DA:130,1
DA:131,1
DA:132,1
DA:133,1
DA:135,1
DA:136,1
DA:137,1
DA:138,1
DA:139,0
DA:140,0
DA:141,0
DA:142,1
DA:143,1
DA:144,1
DA:146,1
DA:147,1
DA:148,1
DA:149,1
DA:151,1
DA:152,1
DA:153,1
DA:154,1
LF:92
LH:89
BRDA:46,0,0,1
BRDA:52,1,0,1
BRDA:57,2,0,0
BRDA:59,3,0,0
BRDA:63,4,0,1
BRDA:66,5,0,0
BRDA:68,6,0,0
BRDA:69,7,0,0
BRDA:70,8,0,0
BRDA:71,9,0,0
BRDA:77,10,0,1
BRDA:82,11,0,1
BRDA:88,12,0,1
BRDA:97,13,0,1
BRDA:102,14,0,2
BRDA:108,15,0,3
BRDA:109,16,0,2
BRDA:110,17,0,1
BRDA:110,18,0,2
BRDA:111,19,0,2
BRDA:111,20,0,1
BRDA:119,21,0,1
BRDA:124,22,0,1
BRDA:129,23,0,1
BRDA:135,24,0,1
BRDA:137,25,0,0
BRDA:138,26,0,0
BRDA:151,27,0,1
BRF:28
BRH:19
end_of_record
TN:
SF:src/db/repos/events.ts
FN:39,findById
FN:43,create
FN:78,update
FN:99,softDelete
FN:106,listForOrg
FN:118,orgMapForUser
FN:132,addMember
FN:139,listMembers
FN:152,create
FN:178,listForEvent
FN:184,delete
FNF:11
FNH:10
FNDA:44,findById
FNDA:25,create
FNDA:2,update
FNDA:2,softDelete
FNDA:4,listForOrg
FNDA:18,orgMapForUser
FNDA:1,addMember
FNDA:0,listMembers
FNDA:1,create
FNDA:1,listForEvent
FNDA:1,delete
DA:1,1
DA:38,1
DA:39,1
DA:40,44
DA:41,44
DA:43,1
DA:54,25
DA:55,25
DA:56,25
DA:57,25
DA:61,25
DA:62,25
DA:63,25
DA:64,25
DA:65,25
DA:66,25
DA:67,25
DA:68,25
DA:69,25
DA:70,25
DA:71,25
DA:72,25
DA:73,25
DA:74,25
DA:75,25
DA:76,25
DA:78,1
DA:79,2
DA:80,2
DA:81,2
DA:82,14
DA:83,2
DA:84,2
DA:85,2
DA:86,14
DA:87,2
DA:88,1
DA:89,1
DA:90,1
DA:91,2
DA:92,2
DA:93,2
DA:94,2
DA:95,2
DA:96,2
DA:97,2
DA:99,1
DA:100,2
DA:101,2
DA:102,2
DA:103,2
DA:104,2
DA:106,1
DA:107,4
DA:108,4
DA:109,4
DA:110,4
DA:111,4
DA:113,4
DA:114,4
DA:115,4
DA:118,1
DA:119,18
DA:120,18
DA:125,18
DA:126,18
DA:127,18
DA:128,18
DA:129,18
DA:132,1
DA:133,1
DA:134,1
DA:136,1
DA:137,1
DA:139,1
DA:140,0
DA:141,0
DA:146,0
DA:147,0
DA:148,1
DA:151,1
DA:152,1
DA:160,1
DA:161,1
DA:162,1
DA:163,1
DA:165,1
DA:166,1
DA:167,1
DA:168,1
DA:169,1
DA:170,1
DA:171,1
DA:172,1
DA:173,1
DA:174,1
DA:175,1
DA:176,1
DA:178,1
DA:179,1
DA:180,1
DA:181,1
DA:182,1
DA:184,1
DA:185,1
DA:186,1
DA:187,1
DA:188,1
LF:108
LH:104
BRDA:39,0,0,44
BRDA:43,1,0,25
BRDA:67,2,0,12
BRDA:78,3,0,2
BRDA:81,4,0,14
BRDA:82,5,0,2
BRDA:87,6,0,1
BRDA:91,7,0,0
BRDA:99,8,0,2
BRDA:106,9,0,4
BRDA:109,10,0,3
BRDA:110,11,0,0
BRDA:118,12,0,18
BRDA:127,13,0,16
BRDA:132,14,0,1
BRDA:152,15,0,1
BRDA:172,16,0,0
BRDA:178,17,0,1
BRDA:184,18,0,1
BRF:19
BRH:16
end_of_record
TN:
SF:src/db/repos/guests.ts
FN:47,findById
FN:53,listForEvent
FN:59,create
FN:88,update
FN:123,softDelete
FN:131,rotatePortalToken
FN:140,revokePortalToken
FN:146,countByStatus
FN:160,submit
FN:204,listForEvent
FN:214,findById
FN:221,getForEvent
FN:225,upsert
FNF:13
FNH:12
FNDA:23,findById
FNDA:3,listForEvent
FNDA:10,create
FNDA:4,update
FNDA:1,softDelete
FNDA:1,rotatePortalToken
FNDA:2,revokePortalToken
FNDA:3,countByStatus
FNDA:2,submit
FNDA:1,listForEvent
FNDA:0,findById
FNDA:5,getForEvent
FNDA:1,upsert
DA:1,1
DA:46,1
DA:47,1
DA:48,23
DA:49,23
DA:50,23
DA:51,23
DA:53,1
DA:54,3
DA:55,3
DA:56,3
DA:57,3
DA:59,1
DA:60,10
DA:61,10
DA:62,10
DA:68,10
DA:69,10
DA:70,10
DA:71,10
DA:72,10
DA:73,10
DA:74,10
DA:75,10
DA:76,10
DA:77,10
DA:78,10
DA:79,10
DA:80,10
DA:81,10
DA:82,10
DA:83,10
DA:84,10
DA:85,10
DA:86,10
DA:88,1
DA:89,4
DA:90,4
DA:91,4
DA:92,4
DA:93,4
DA:94,4
DA:95,4
DA:96,4
DA:97,4
DA:98,4
DA:99,4
DA:100,4
DA:101,4
DA:102,4
DA:103,4
DA:104,4
DA:105,4
DA:106,4
DA:107,4
DA:108,4
DA:109,4
DA:110,4
DA:111,4
DA:112,4
DA:113,4
DA:114,4
DA:115,4
DA:116,4
DA:117,4
DA:118,4
DA:119,4
DA:120,4
DA:121,4
DA:123,1
DA:124,1
DA:125,1
DA:126,1
DA:127,1
DA:128,1
DA:131,1
DA:132,1
DA:133,1
DA:134,1
DA:135,1
DA:136,1
DA:137,1
DA:138,1
DA:140,1
DA:141,2
DA:142,2
DA:143,2
DA:144,2
DA:146,1
DA:147,3
DA:148,3
DA:151,3
DA:152,3
DA:153,3
DA:154,3
DA:155,3
DA:156,1
DA:159,1
DA:160,1
DA:174,2
DA:175,2
DA:176,2
DA:177,2
DA:182,2
DA:183,2
DA:184,2
DA:185,2
DA:186,2
DA:187,2
DA:188,2
DA:189,2
DA:190,2
DA:191,2
DA:192,2
DA:193,2
DA:194,2
DA:195,2
DA:196,2
DA:197,2
DA:198,2
DA:199,2
DA:200,2
DA:201,2
DA:202,2
DA:204,1
DA:205,1
DA:206,1
DA:211,1
DA:212,1
DA:214,1
DA:215,0
DA:216,0
DA:217,1
DA:220,1
DA:221,1
DA:222,5
DA:223,5
DA:225,1
DA:236,1
DA:237,1
DA:238,1
DA:239,0
DA:240,0
DA:245,0
DA:246,0
DA:247,0
DA:248,0
DA:249,0
DA:250,0
DA:251,0
DA:252,0
DA:253,0
DA:254,0
DA:255,0
DA:256,1
DA:257,1
DA:258,1
DA:263,1
DA:264,1
DA:265,1
DA:266,1
DA:267,1
DA:268,1
DA:269,1
DA:270,1
DA:271,1
DA:272,1
DA:273,1
DA:274,1
DA:275,1
DA:276,1
DA:277,1
LF:172
LH:157
BRDA:47,0,0,23
BRDA:53,1,0,3
BRDA:59,2,0,10
BRDA:71,3,0,9
BRDA:80,4,0,0
BRDA:81,5,0,0
BRDA:82,6,0,0
BRDA:88,7,0,4
BRDA:109,8,0,0
BRDA:111,9,0,0
BRDA:112,10,0,0
BRDA:113,11,0,0
BRDA:115,12,0,0
BRDA:123,13,0,1
BRDA:131,14,0,1
BRDA:140,15,0,2
BRDA:146,16,0,3
BRDA:153,17,0,4
BRDA:160,18,0,2
BRDA:184,19,0,0
BRDA:185,20,0,0
BRDA:187,21,0,1
BRDA:193,22,0,1
BRDA:194,23,0,1
BRDA:199,24,0,0
BRDA:204,25,0,1
BRDA:221,26,0,5
BRDA:225,27,0,1
BRDA:238,28,0,0
BRDA:265,29,0,0
BRDA:266,30,0,0
BRDA:267,31,0,0
BRF:32
BRH:17
end_of_record
TN:
SF:src/db/repos/index.ts
FNF:0
FNH:0
DA:1,1
LF:1
LH:1
BRF:0
BRH:0
end_of_record
TN:
SF:src/db/repos/layouts.ts
FN:32,findById
FN:36,listForOrg
FN:51,create
FN:88,saveRevision
FN:120,_snapshot
FN:128,listVersions
FN:134,getVersion
FN:140,rename
FN:144,delete
FNF:9
FNH:7
FNDA:21,findById
FNDA:1,listForOrg
FNDA:5,create
FNDA:6,saveRevision
FNDA:9,_snapshot
FNDA:2,listVersions
FNDA:0,getVersion
FNDA:0,rename
FNDA:1,delete
DA:1,1
DA:31,1
DA:32,1
DA:33,21
DA:34,21
DA:36,1
DA:37,1
DA:38,1
DA:39,1
DA:40,0
DA:41,0
DA:42,0
DA:43,1
DA:44,1
DA:45,1
DA:46,1
DA:47,1
DA:48,1
DA:49,1
DA:51,1
DA:60,5
DA:61,5
DA:62,5
DA:63,5
DA:67,5
DA:68,5
DA:69,5
DA:70,5
DA:71,5
DA:72,5
DA:73,5
DA:74,5
DA:75,5
DA:76,5
DA:77,5
DA:78,5
DA:80,5
DA:81,5
DA:82,5
DA:88,1
DA:94,6
DA:95,6
DA:96,6
DA:97,6
DA:98,6
DA:99,6
DA:100,2
DA:101,6
DA:102,2
DA:103,2
DA:104,2
DA:105,2
DA:106,4
DA:109,4
DA:110,4
DA:113,4
DA:114,6
DA:115,6
DA:116,6
DA:117,6
DA:118,6
DA:120,1
DA:121,9
DA:122,9
DA:125,9
DA:126,9
DA:128,1
DA:129,2
DA:130,2
DA:131,2
DA:132,2
DA:134,1
DA:135,0
DA:136,0
DA:137,0
DA:138,0
DA:140,1
DA:141,0
DA:142,0
DA:144,1
DA:145,1
DA:146,1
DA:147,1
DA:148,1
LF:84
LH:75
BRDA:32,0,0,21
BRDA:36,1,0,1
BRDA:39,2,0,0
BRDA:45,3,0,0
BRDA:51,4,0,5
BRDA:70,5,0,3
BRDA:75,6,0,1
BRDA:75,7,0,4
BRDA:88,8,0,6
BRDA:95,9,0,6
BRDA:97,10,0,0
BRDA:99,11,0,2
BRDA:101,12,0,2
BRDA:105,13,0,4
BRDA:114,14,0,2
BRDA:120,15,0,9
BRDA:128,16,0,2
BRDA:144,17,0,1
BRF:18
BRH:15
end_of_record
TN:
SF:src/db/repos/messages.ts
FN:16,listForThread
FN:22,send
FN:32,markRead
FN:49,unreadCount
FNF:4
FNH:4
FNDA:1,listForThread
FNDA:3,send
FNDA:2,markRead
FNDA:3,unreadCount
DA:1,1
DA:15,1
DA:16,1
DA:17,1
DA:18,1
DA:19,1
DA:20,1
DA:22,1
DA:23,3
DA:24,3
DA:25,3
DA:27,3
DA:28,3
DA:29,3
DA:30,3
DA:32,1
DA:34,2
DA:35,2
DA:36,2
DA:37,2
DA:38,2
DA:39,3
DA:40,3
DA:41,2
DA:42,2
DA:43,2
DA:44,3
DA:45,2
DA:46,2
DA:47,2
DA:49,1
DA:50,3
DA:51,3
DA:52,3
DA:53,3
DA:54,3
DA:55,4
DA:56,4
DA:57,4
DA:58,3
DA:59,3
DA:60,1
LF:42
LH:42
BRDA:16,0,0,1
BRDA:22,1,0,3
BRDA:32,2,0,2
BRDA:37,3,0,2
BRDA:38,4,0,3
BRDA:40,5,0,2
BRDA:49,6,0,3
BRDA:54,7,0,4
BRDA:56,8,0,2
BRF:9
BRH:9
end_of_record
TN:
SF:src/db/repos/orgs.ts
FN:30,findById
FN:34,findBySlug
FN:38,createWithOwner
FN:53,listForUser
FN:62,listMembers
FN:72,addMember
FN:81,removeMember
FN:88,updateBranding
FN:94,getBranding
FN:99,updateSettings
FNF:10
FNH:4
FNDA:20,findById
FNDA:0,findBySlug
FNDA:50,createWithOwner
FNDA:0,listForUser
FNDA:0,listMembers
FNDA:0,addMember
FNDA:0,removeMember
FNDA:1,updateBranding
FNDA:1,getBranding
FNDA:0,updateSettings
DA:1,1
DA:29,1
DA:30,1
DA:31,20
DA:32,20
DA:34,1
DA:35,0
DA:36,0
DA:38,1
DA:39,50
DA:40,50
DA:41,50
DA:42,50
DA:43,50
DA:44,50
DA:45,50
DA:47,50
DA:48,50
DA:49,50
DA:50,50
DA:51,50
DA:53,1
DA:54,0
DA:55,0
DA:59,0
DA:60,0
DA:62,1
DA:63,0
DA:64,0
DA:69,0
DA:70,0
DA:72,1
DA:73,0
DA:74,0
DA:75,0
DA:77,0
DA:78,0
DA:79,0
DA:81,1
DA:82,0
DA:83,0
DA:84,0
DA:85,0
DA:86,0
DA:88,1
DA:89,1
DA:90,1
DA:91,1
DA:92,1
DA:94,1
DA:95,1
DA:96,1
DA:97,1
DA:99,1
DA:100,0
DA:101,0
DA:102,0
DA:103,0
DA:104,1
LF:59
LH:34
BRDA:30,0,0,20
BRDA:38,1,0,50
BRDA:40,2,0,50
BRDA:88,3,0,1
BRDA:94,4,0,1
BRDA:96,5,0,0
BRF:6
BRH:5
end_of_record
TN:
SF:src/db/repos/questions.ts
FN:18,listForOrg
FN:24,create
FN:47,update
FN:68,delete
FN:74,listForEvent
FN:80,upsert
FNF:6
FNH:5
FNDA:0,listForOrg
FNDA:1,create
FNDA:1,update
FNDA:1,delete
FNDA:1,listForEvent
FNDA:1,upsert
DA:1,1
DA:17,1
DA:18,1
DA:19,0
DA:20,0
DA:21,0
DA:22,0
DA:24,1
DA:29,1
DA:30,1
DA:31,1
DA:32,1
DA:35,1
DA:36,1
DA:37,1
DA:38,1
DA:39,1
DA:40,1
DA:41,1
DA:42,1
DA:43,1
DA:44,1
DA:45,1
DA:47,1
DA:52,1
DA:53,1
DA:54,1
DA:55,1
DA:56,1
DA:57,1
DA:58,1
DA:59,1
DA:60,1
DA:61,1
DA:62,1
DA:63,1
DA:64,1
DA:65,1
DA:66,1
DA:68,1
DA:69,1
DA:70,1
DA:71,1
DA:73,1
DA:74,1
DA:75,1
DA:76,1
DA:77,1
DA:78,1
DA:80,1
DA:81,1
DA:82,1
DA:83,1
DA:84,1
DA:85,0
DA:86,0
DA:87,0
DA:88,0
DA:89,0
DA:90,1
DA:91,1
DA:92,1
DA:93,1
DA:94,1
DA:95,1
DA:96,1
LF:66
LH:57
BRDA:24,0,0,1
BRDA:38,1,0,0
BRDA:39,2,0,0
BRDA:41,3,0,0
BRDA:47,4,0,1
BRDA:55,5,0,0
BRDA:56,6,0,0
BRDA:57,7,0,0
BRDA:58,8,0,0
BRDA:59,9,0,0
BRDA:60,10,0,0
BRDA:61,11,0,0
BRDA:62,12,0,0
BRDA:68,13,0,1
BRDA:74,14,0,1
BRDA:80,15,0,1
BRDA:84,16,0,0
BRDA:93,17,0,0
BRF:18
BRH:5
end_of_record
TN:
SF:src/db/repos/staff.ts
FN:44,listForOrg
FN:53,findById
FN:57,create
FN:84,update
FN:118,delete
FN:136,listForOrg
FN:142,create
FN:153,delete
FN:172,listForOrg
FN:180,create
FN:193,delete
FNF:11
FNH:9
FNDA:0,listForOrg
FNDA:5,findById
FNDA:2,create
FNDA:2,update
FNDA:0,delete
FNDA:1,listForOrg
FNDA:1,create
FNDA:1,delete
FNDA:1,listForOrg
FNDA:1,create
FNDA:1,delete
DA:1,1
DA:43,1
DA:44,1
DA:45,0
DA:46,0
DA:47,0
DA:48,0
DA:49,0
DA:50,0
DA:51,0
DA:53,1
DA:54,5
DA:55,5
DA:57,1
DA:58,2
DA:59,2
DA:60,2
DA:64,2
DA:65,2
DA:66,2
DA:67,2
DA:68,2
DA:69,2
DA:70,2
DA:71,2
DA:72,2
DA:73,2
DA:74,2
DA:75,2
DA:76,2
DA:77,2
DA:78,2
DA:79,2
DA:80,2
DA:81,2
DA:82,2
DA:84,1
DA:85,2
DA:86,2
DA:87,2
DA:88,2
DA:89,2
DA:90,2
DA:91,2
DA:92,2
DA:93,18
DA:94,2
DA:95,2
DA:96,2
DA:97,18
DA:98,2
DA:99,2
DA:100,2
DA:101,2
DA:102,2
DA:103,8
DA:104,0
DA:105,0
DA:106,0
DA:107,8
DA:109,2
DA:110,2
DA:111,2
DA:112,2
DA:113,2
DA:114,2
DA:115,2
DA:116,2
DA:118,1
DA:119,0
DA:120,0
DA:121,1
DA:135,1
DA:136,1
DA:137,1
DA:138,1
DA:139,1
DA:140,1
DA:142,1
DA:143,1
DA:144,1
DA:145,1
DA:147,1
DA:148,1
DA:149,1
DA:150,1
DA:151,1
DA:153,1
DA:154,1
DA:155,1
DA:156,1
DA:171,1
DA:172,1
DA:173,1
DA:174,1
DA:175,1
DA:176,1
DA:177,1
DA:178,1
DA:180,1
DA:183,1
DA:184,1
DA:185,1
DA:186,1
DA:188,1
DA:189,1
DA:190,1
DA:191,1
DA:193,1
DA:194,1
DA:195,1
DA:196,1
LF:112
LH:100
BRDA:53,0,0,5
BRDA:57,1,0,2
BRDA:71,2,0,1
BRDA:84,3,0,2
BRDA:92,4,0,18
BRDA:93,5,0,2
BRDA:95,6,0,0
BRDA:102,7,0,8
BRDA:103,8,0,0
BRDA:112,9,0,0
BRDA:136,10,0,1
BRDA:142,11,0,1
BRDA:153,12,0,1
BRDA:172,13,0,1
BRDA:175,14,0,0
BRDA:180,15,0,1
BRDA:189,16,0,0
BRDA:193,17,0,1
BRF:18
BRH:13
end_of_record
TN:
SF:src/db/repos/timeline.ts
FN:37,listForEvent
FN:43,findById
FN:47,create
FN:70,update
FN:100,delete
FNF:5
FNH:4
FNDA:1,listForEvent
FNDA:7,findById
FNDA:4,create
FNDA:2,update
FNDA:0,delete
DA:1,1
DA:36,1
DA:37,1
DA:38,1
DA:39,1
DA:40,1
DA:41,1
DA:43,1
DA:44,7
DA:45,7
DA:47,1
DA:48,4
DA:49,4
DA:50,4
DA:54,4
DA:55,4
DA:56,4
DA:57,4
DA:58,4
DA:59,4
DA:60,4
DA:61,4
DA:62,4
DA:63,4
DA:64,4
DA:65,4
DA:66,4
DA:67,4
DA:68,4
DA:70,1
DA:71,2
DA:72,2
DA:73,2
DA:74,2
DA:75,2
DA:76,2
DA:77,2
DA:78,2
DA:79,2
DA:80,2
DA:81,2
DA:82,2
DA:83,2
DA:84,2
DA:85,2
DA:86,2
DA:87,2
DA:88,2
DA:89,2
DA:90,2
DA:91,0
DA:92,0
DA:93,2
DA:94,2
DA:95,2
DA:96,2
DA:97,2
DA:98,2
DA:100,1
DA:101,0
DA:102,0
DA:103,1
LF:62
LH:58
BRDA:37,0,0,1
BRDA:43,1,0,7
BRDA:47,2,0,4
BRDA:70,3,0,2
BRDA:88,4,0,0
BRDA:90,5,0,0
BRDA:90,6,0,0
BRDA:94,7,0,0
BRF:8
BRH:4
end_of_record
TN:
SF:src/db/repos/users.ts
FN:20,findByEmail
FN:26,findById
FN:32,create
FN:46,recordFailedLogin
FN:59,clearFailedLogin
FN:66,isLocked
FN:70,updateProfile
FN:84,invalidateSessions
FNF:8
FNH:5
FNDA:34,findByEmail
FNDA:54,findById
FNDA:53,create
FNDA:1,recordFailedLogin
FNDA:0,clearFailedLogin
FNDA:1,isLocked
FNDA:0,updateProfile
FNDA:0,invalidateSessions
DA:1,1
DA:19,1
DA:20,1
DA:21,34
DA:22,34
DA:23,34
DA:24,34
DA:26,1
DA:27,54
DA:30,54
DA:32,1
DA:37,53
DA:38,53
DA:39,53
DA:40,53
DA:42,53
DA:43,53
DA:44,53
DA:46,1
DA:47,1
DA:48,1
DA:49,1
DA:50,1
DA:51,0
DA:52,1
DA:53,1
DA:54,1
DA:56,1
DA:57,1
DA:59,1
DA:60,0
DA:61,0
DA:63,0
DA:64,0
DA:66,1
DA:67,1
DA:68,1
DA:70,1
DA:71,0
DA:72,0
DA:73,0
DA:74,0
DA:75,0
DA:76,0
DA:77,0
DA:78,0
DA:79,0
DA:80,0
DA:81,0
DA:84,1
DA:85,0
DA:86,0
DA:87,0
DA:88,0
DA:89,1
LF:55
LH:35
BRDA:20,0,0,34
BRDA:26,1,0,54
BRDA:32,2,0,53
BRDA:46,3,0,1
BRDA:48,4,0,0
BRDA:50,5,0,0
BRDA:66,6,0,1
BRDA:67,7,0,0
BRF:8
BRH:5
end_of_record
TN:
SF:src/db/repos/vendors.ts
FN:48,findById
FN:52,listForOrg
FN:60,create
FN:84,update
FN:114,softDelete
FN:121,addPayment
FN:136,listPayments
FNF:7
FNH:4
FNDA:5,findById
FNDA:0,listForOrg
FNDA:2,create
FNDA:0,update
FNDA:0,softDelete
FNDA:3,addPayment
FNDA:2,listPayments
DA:1,1
DA:47,1
DA:48,1
DA:49,5
DA:50,5
DA:52,1
DA:53,0
DA:54,0
DA:55,0
DA:56,0
DA:57,0
DA:58,0
DA:60,1
DA:61,2
DA:62,2
DA:63,2
DA:67,2
DA:68,2
DA:69,2
DA:70,2
DA:71,2
DA:72,2
DA:73,2
DA:74,2
DA:75,2
DA:76,2
DA:77,2
DA:78,2
DA:79,2
DA:80,2
DA:81,2
DA:82,2
DA:84,1
DA:85,0
DA:86,0
DA:87,0
DA:88,0
DA:89,0
DA:90,0
DA:91,0
DA:92,0
DA:93,0
DA:94,0
DA:95,0
DA:96,0
DA:97,0
DA:98,0
DA:99,0
DA:100,0
DA:101,0
DA:102,0
DA:103,0
DA:104,0
DA:105,0
DA:106,0
DA:107,0
DA:108,0
DA:109,0
DA:110,0
DA:111,0
DA:112,0
DA:114,1
DA:115,0
DA:116,0
DA:117,0
DA:118,0
DA:121,1
DA:122,3
DA:123,3
DA:124,3
DA:125,3
DA:127,3
DA:128,3
DA:129,3
DA:130,3
DA:131,3
DA:132,3
DA:133,3
DA:134,3
DA:136,1
DA:137,2
DA:138,2
DA:139,2
DA:140,2
DA:141,1
LF:85
LH:47
BRDA:48,0,0,5
BRDA:60,1,0,2
BRDA:71,2,0,1
BRDA:76,3,0,0
BRDA:77,4,0,0
BRDA:121,5,0,3
BRDA:123,6,0,3
BRDA:136,7,0,2
BRF:8
BRH:6
end_of_record
TN:
SF:src/db/repos/venues.ts
FN:43,findById
FN:47,listForOrg
FN:53,create
FN:82,update
FN:113,softDelete
FNF:5
FNH:5
FNDA:4,findById
FNDA:1,listForOrg
FNDA:1,create
FNDA:1,update
FNDA:1,softDelete
DA:1,1
DA:42,1
DA:43,1
DA:44,4
DA:45,4
DA:47,1
DA:48,1
DA:49,1
DA:50,1
DA:51,1
DA:53,1
DA:54,1
DA:55,1
DA:56,1
DA:61,1
DA:62,1
DA:63,1
DA:64,1
DA:65,1
DA:66,1
DA:67,1
DA:68,1
DA:69,1
DA:70,1
DA:71,1
DA:72,1
DA:73,1
DA:74,1
DA:75,1
DA:76,1
DA:77,1
DA:78,1
DA:79,1
DA:80,1
DA:82,1
DA:83,1
DA:84,1
DA:85,1
DA:86,1
DA:87,1
DA:88,1
DA:89,1
DA:90,1
DA:91,9
DA:92,1
DA:93,1
DA:94,1
DA:95,9
DA:96,1
DA:97,1
DA:98,1
DA:99,1
DA:100,4
DA:101,0
DA:102,0
DA:103,0
DA:104,4
DA:105,1
DA:106,1
DA:107,1
DA:108,1
DA:109,1
DA:110,1
DA:111,1
DA:113,1
DA:114,1
DA:115,1
DA:116,1
DA:117,1
DA:118,1
DA:119,1
LF:71
LH:68
BRDA:43,0,0,4
BRDA:47,1,0,1
BRDA:53,2,0,1
BRDA:68,3,0,0
BRDA:69,4,0,0
BRDA:70,5,0,0
BRDA:82,6,0,1
BRDA:90,7,0,9
BRDA:91,8,0,1
BRDA:99,9,0,4
BRDA:100,10,0,0
BRDA:105,11,0,0
BRDA:113,12,0,1
BRF:13
BRH:8
end_of_record
TN:
SF:src/lib/crypto.ts
FN:26,hashPassword
FN:37,verifyPassword
FN:48,uuid
FN:52,generateOpaqueToken
FN:57,hashToken
FN:66,verifyToken
FNF:6
FNH:6
FNDA:57,hashPassword
FNDA:5,verifyPassword
FNDA:309,uuid
FNDA:3,generateOpaqueToken
FNDA:2,hashToken
FNDA:2,verifyToken
DA:1,1
DA:14,1
DA:15,1
DA:16,1
DA:17,1
DA:26,1
DA:27,57
DA:28,57
DA:29,57
DA:30,57
DA:31,57
DA:32,57
DA:33,57
DA:34,57
DA:35,57
DA:37,1
DA:38,5
DA:39,5
DA:40,5
DA:41,5
DA:42,5
DA:43,5
DA:44,5
DA:45,5
DA:46,5
DA:48,1
DA:49,309
DA:50,309
DA:52,1
DA:53,3
DA:54,3
DA:57,1
DA:58,2
DA:59,2
DA:60,2
DA:61,2
DA:62,2
DA:63,2
DA:64,2
DA:66,1
DA:67,2
DA:68,2
DA:69,2
DA:70,2
DA:71,2
DA:72,2
LF:46
LH:46
BRDA:26,0,0,57
BRDA:37,1,0,5
BRDA:44,2,0,0
BRDA:48,3,0,309
BRDA:52,4,0,3
BRDA:57,5,0,2
BRDA:66,6,0,2
BRDA:70,7,0,0
BRF:8
BRH:6
end_of_record
TN:
SF:src/lib/errors.ts
FN:10,HttpError
FN:21,BadRequest
FN:22,Unauthorized
FN:23,Forbidden
FN:24,NotFound
FN:25,Conflict
FN:26,ServerError
FNF:7
FNH:4
FNDA:10,HttpError
FNDA:3,BadRequest
FNDA:0,Unauthorized
FNDA:4,Forbidden
FNDA:1,NotFound
FNDA:0,Conflict
FNDA:0,ServerError
DA:9,1
DA:10,1
DA:11,10
DA:12,10
DA:13,10
DA:14,10
DA:15,10
DA:16,10
DA:17,10
DA:18,10
DA:19,1
DA:21,1
DA:22,1
DA:23,1
DA:24,1
DA:25,1
DA:26,1
LF:17
LH:17
BRDA:10,0,0,10
BRDA:21,1,0,3
BRDA:23,2,0,4
BRDA:24,3,0,1
BRF:4
BRH:4
end_of_record
TN:
SF:src/lib/json.ts
FN:6,parseJson
FN:15,stringifyJson
FNF:2
FNH:2
FNDA:30,parseJson
FNDA:167,stringifyJson
DA:6,1
DA:7,30
DA:8,30
DA:9,30
DA:10,30
DA:11,0
DA:12,0
DA:13,30
DA:15,1
DA:16,167
DA:17,167
LF:11
LH:9
BRDA:6,0,0,30
BRDA:7,1,0,0
BRDA:10,2,0,0
BRDA:15,3,0,167
BRDA:16,4,0,0
BRF:5
BRH:2
end_of_record
TN:
SF:src/lib/rbac.ts
FN:197,resolvePermissions
FN:240,can
FN:250,assertCan
FN:268,rolesGranting
FNF:4
FNH:3
FNDA:91,resolvePermissions
FNDA:90,can
FNDA:0,assertCan
FNDA:1,rolesGranting
DA:93,1
DA:94,1
DA:95,1
DA:96,1
DA:97,1
DA:98,1
DA:99,1
DA:100,1
DA:101,1
DA:102,1
DA:103,1
DA:104,1
DA:105,1
DA:106,1
DA:107,1
DA:108,1
DA:109,1
DA:110,1
DA:111,1
DA:112,1
DA:113,1
DA:114,1
DA:115,1
DA:116,1
DA:117,1
DA:118,1
DA:119,1
DA:120,1
DA:121,1
DA:122,1
DA:123,1
DA:124,1
DA:125,1
DA:126,1
DA:127,1
DA:128,1
DA:129,1
DA:130,1
DA:131,1
DA:132,1
DA:133,1
DA:134,1
DA:135,1
DA:136,1
DA:137,1
DA:138,1
DA:139,1
DA:140,1
DA:141,1
DA:142,1
DA:143,1
DA:144,1
DA:145,1
DA:146,1
DA:147,1
DA:148,1
DA:149,1
DA:150,1
DA:151,1
DA:152,1
DA:153,1
DA:154,1
DA:155,1
DA:156,1
DA:157,1
DA:158,1
DA:159,1
DA:160,1
DA:161,1
DA:162,1
DA:163,1
DA:164,1
DA:165,1
DA:166,1
DA:167,1
DA:168,1
DA:169,1
DA:170,1
DA:171,1
DA:172,1
DA:173,1
DA:174,1
DA:197,1
DA:198,91
DA:199,91
DA:200,91
DA:201,91
DA:202,91
DA:204,91
DA:205,92
DA:207,92
DA:208,0
DA:209,0
DA:210,92
DA:211,62
DA:212,62
DA:213,92
DA:214,7
DA:215,7
DA:216,92
DA:217,92
DA:218,27
DA:219,20
DA:220,92
DA:221,17
DA:222,17
DA:223,92
DA:224,92
DA:225,65
DA:226,0
DA:227,92
DA:229,0
DA:230,0
DA:232,92
DA:233,86
DA:234,86
DA:235,92
DA:237,91
DA:238,91
DA:240,1
DA:241,90
DA:242,90
DA:243,90
DA:244,90
DA:245,90
DA:246,90
DA:247,90
DA:250,1
DA:251,0
DA:252,0
DA:253,0
DA:254,0
DA:255,0
DA:256,0
DA:257,0
DA:261,0
DA:262,0
DA:263,0
DA:264,0
DA:265,0
DA:268,1
DA:269,1
DA:270,1
DA:271,1
DA:272,1
LF:145
LH:128
BRDA:197,0,0,91
BRDA:204,1,0,92
BRDA:207,2,0,27
BRDA:207,3,0,0
BRDA:210,4,0,65
BRDA:210,5,0,62
BRDA:213,6,0,27
BRDA:213,7,0,7
BRDA:217,8,0,27
BRDA:218,9,0,20
BRDA:220,10,0,17
BRDA:224,11,0,65
BRDA:225,12,0,0
BRDA:227,13,0,0
BRDA:232,14,0,86
BRDA:233,15,0,0
BRDA:233,16,0,3341
BRDA:240,17,0,90
BRDA:268,18,0,1
BRDA:270,19,0,6
BRDA:271,20,0,3
BRF:21
BRH:17
end_of_record
TN:
SF:src/lib/slug.ts
FN:2,slugify
FN:11,slugifyUnique
FNF:2
FNH:2
FNDA:75,slugify
FNDA:25,slugifyUnique
DA:2,1
DA:3,75
DA:4,75
DA:5,75
DA:6,75
DA:7,75
DA:8,75
DA:11,1
DA:12,25
DA:13,25
LF:10
LH:10
BRDA:2,0,0,75
BRDA:11,1,0,25
BRF:2
BRH:2
end_of_record
TN:
SF:src/middleware/auth.ts
FN:26,requireAuth
FNF:1
FNH:1
FNDA:95,requireAuth
DA:1,1
DA:26,95
DA:27,95
DA:28,95
DA:29,95
DA:30,95
DA:31,95
DA:32,95
DA:33,1
DA:34,1
DA:35,1
DA:37,94
DA:38,94
DA:39,94
DA:40,94
DA:44,95
DA:45,0
DA:46,0
DA:47,0
DA:48,95
DA:49,0
DA:50,0
DA:51,0
DA:53,94
DA:54,94
DA:56,94
DA:58,94
DA:59,94
DA:61,94
DA:63,94
DA:64,94
DA:65,94
DA:66,94
DA:67,94
DA:68,94
DA:69,94
DA:70,94
DA:71,94
LF:38
LH:32
BRDA:26,0,0,95
BRDA:31,1,0,94
BRDA:32,2,0,1
BRDA:35,3,0,94
BRDA:44,4,0,0
BRDA:47,5,0,94
BRDA:48,6,0,0
BRDA:51,7,0,94
BRDA:67,8,0,94
BRF:9
BRH:7
end_of_record
TN:
SF:src/routes/audit.ts
FN:7,auditRoutes
FNF:1
FNH:1
FNDA:2,auditRoutes
DA:1,1
DA:7,2
DA:8,2
DA:9,1
DA:10,1
DA:11,1
DA:12,1
DA:13,1
DA:14,1
DA:15,1
DA:16,1
DA:17,1
DA:18,2
DA:19,2
LF:14
LH:14
BRDA:7,0,0,2
BRDA:8,1,0,1
BRDA:11,2,0,0
BRDA:14,3,0,0
BRF:4
BRH:2
end_of_record
TN:
SF:src/routes/auth.ts
FN:20,authRoutes
FNF:1
FNH:1
FNDA:2,authRoutes
DA:1,1
DA:8,1
DA:9,1
DA:10,1
DA:11,1
DA:12,1
DA:13,1
DA:15,1
DA:16,1
DA:17,1
DA:18,1
DA:20,2
DA:21,2
DA:22,33
DA:23,33
DA:24,0
DA:25,0
DA:26,33
DA:27,1
DA:28,1
DA:29,32
DA:30,32
DA:31,32
DA:32,32
DA:33,32
DA:34,32
DA:35,32
DA:36,32
DA:37,32
DA:38,32
DA:39,32
DA:40,32
DA:41,32
DA:42,32
DA:43,32
DA:44,32
DA:45,32
DA:46,32
DA:47,32
DA:48,32
DA:49,32
DA:50,32
DA:51,2
DA:53,2
DA:54,1
DA:55,1
DA:57,1
DA:58,1
DA:60,0
DA:61,0
DA:62,0
DA:63,0
DA:64,0
DA:65,0
DA:66,1
DA:67,1
DA:69,1
DA:70,1
DA:71,1
DA:72,1
DA:73,1
DA:74,1
DA:75,1
DA:76,1
DA:77,1
DA:78,1
DA:79,1
DA:80,1
DA:81,0
DA:82,0
DA:83,0
DA:84,0
DA:85,0
DA:86,0
DA:87,0
DA:88,0
DA:89,0
DA:90,0
DA:91,2
DA:93,2
DA:94,1
DA:95,1
DA:96,1
DA:97,1
DA:98,2
DA:100,2
DA:102,1
DA:103,1
DA:104,1
DA:105,1
DA:106,1
DA:107,2
DA:108,2
LF:93
LH:75
BRDA:20,0,0,2
BRDA:21,1,0,33
BRDA:23,2,0,0
BRDA:26,3,0,1
BRDA:28,4,0,32
BRDA:53,5,0,1
BRDA:55,6,0,0
BRDA:58,7,0,0
BRDA:66,8,0,0
BRDA:67,9,0,0
BRDA:80,10,0,0
BRDA:93,11,0,1
BRDA:100,12,0,1
BRF:13
BRH:7
end_of_record
TN:
SF:src/routes/catalog.ts
FN:27,catalogRoutes
FNF:1
FNH:1
FNDA:2,catalogRoutes
DA:1,1
DA:8,1
DA:10,1
DA:11,1
DA:12,1
DA:13,1
DA:14,1
DA:15,1
DA:17,1
DA:18,1
DA:19,1
DA:20,1
DA:21,1
DA:22,1
DA:23,1
DA:24,1
DA:25,1
DA:27,2
DA:28,2
DA:29,2
DA:30,2
DA:31,2
DA:32,1
DA:33,2
DA:35,2
DA:36,2
DA:37,2
DA:38,2
DA:39,2
DA:40,2
DA:41,2
DA:42,2
DA:43,2
DA:44,2
DA:45,2
DA:46,2
DA:47,2
DA:49,2
DA:51,1
DA:52,1
DA:53,1
DA:54,1
DA:55,1
DA:56,1
DA:57,1
DA:58,1
DA:59,1
DA:60,1
DA:61,1
DA:62,1
DA:63,2
DA:65,2
DA:66,1
DA:67,1
DA:68,1
DA:69,1
DA:70,1
DA:71,1
DA:72,1
DA:73,2
DA:75,2
DA:76,1
DA:77,1
DA:78,1
DA:79,1
DA:80,1
DA:81,1
DA:82,2
DA:83,2
LF:69
LH:69
BRDA:27,0,0,2
BRDA:28,1,0,2
BRDA:30,2,0,1
BRDA:31,3,0,0
BRDA:31,4,0,1
BRDA:35,5,0,2
BRDA:37,6,0,0
BRDA:38,7,0,0
BRDA:40,8,0,0
BRDA:49,9,0,1
BRDA:52,10,0,0
BRDA:53,11,0,0
BRDA:55,12,0,0
BRDA:65,13,0,1
BRDA:68,14,0,0
BRDA:69,15,0,0
BRDA:71,16,0,0
BRDA:75,17,0,1
BRDA:78,18,0,0
BRDA:79,19,0,0
BRF:20
BRH:8
end_of_record
TN:
SF:src/routes/decor.ts
FN:8,decorRoutes
FNF:1
FNH:1
FNDA:2,decorRoutes
DA:1,1
DA:8,2
DA:10,2
DA:11,1
DA:12,1
DA:13,1
DA:14,2
DA:16,2
DA:17,1
DA:18,1
DA:19,1
DA:20,1
DA:21,1
DA:22,1
DA:23,1
DA:24,1
DA:25,1
DA:26,1
DA:27,1
DA:28,2
DA:30,2
DA:31,1
DA:32,1
DA:33,1
DA:34,1
DA:35,1
DA:36,1
DA:37,1
DA:38,1
DA:39,1
DA:40,1
DA:41,1
DA:42,1
DA:43,2
DA:45,2
DA:46,1
DA:47,1
DA:48,2
DA:51,2
DA:52,1
DA:53,1
DA:54,1
DA:55,2
DA:57,2
DA:58,1
DA:59,1
DA:60,1
DA:61,1
DA:62,1
DA:63,1
DA:64,1
DA:65,1
DA:66,1
DA:67,2
DA:69,2
DA:70,1
DA:71,1
DA:72,2
DA:75,2
DA:76,1
DA:77,1
DA:78,1
DA:79,2
DA:81,2
DA:82,1
DA:83,1
DA:84,1
DA:85,1
DA:86,1
DA:87,1
DA:88,1
DA:89,1
DA:90,1
DA:91,2
DA:93,2
DA:94,1
DA:95,1
DA:96,2
DA:99,2
DA:100,1
DA:101,1
DA:102,1
DA:103,2
DA:105,2
DA:106,1
DA:107,1
DA:108,1
DA:109,1
DA:110,1
DA:111,1
DA:112,1
DA:113,1
DA:114,1
DA:115,1
DA:116,1
DA:117,2
DA:119,2
DA:120,1
DA:121,1
DA:122,2
DA:123,2
LF:101
LH:101
BRDA:8,0,0,2
BRDA:10,1,0,1
BRDA:12,2,0,0
BRDA:16,3,0,1
BRDA:18,4,0,0
BRDA:26,5,0,0
BRDA:30,6,0,1
BRDA:39,7,0,0
BRDA:41,8,0,0
BRDA:45,9,0,1
BRDA:51,10,0,1
BRDA:53,11,0,0
BRDA:57,12,0,1
BRDA:59,13,0,0
BRDA:65,14,0,0
BRDA:69,15,0,1
BRDA:75,16,0,1
BRDA:77,17,0,0
BRDA:81,18,0,1
BRDA:83,19,0,0
BRDA:89,20,0,0
BRDA:93,21,0,1
BRDA:99,22,0,1
BRDA:101,23,0,0
BRDA:105,24,0,1
BRDA:107,25,0,0
BRDA:115,26,0,0
BRDA:119,27,0,1
BRF:28
BRH:14
end_of_record
TN:
SF:src/routes/events.ts
FN:33,eventRoutes
FNF:1
FNH:1
FNDA:2,eventRoutes
DA:1,1
DA:10,1
DA:12,1
DA:13,1
DA:14,1
DA:15,1
DA:16,1
DA:17,1
DA:18,1
DA:19,1
DA:20,1
DA:21,1
DA:23,1
DA:25,1
DA:26,1
DA:27,1
DA:28,1
DA:29,1
DA:30,1
DA:31,1
DA:33,2
DA:35,2
DA:36,0
DA:37,2
DA:39,2
DA:40,1
DA:41,1
DA:42,0
DA:43,0
DA:44,1
DA:45,1
DA:46,1
DA:47,2
DA:49,2
DA:50,1
DA:51,1
DA:52,0
DA:53,0
DA:54,1
DA:55,1
DA:56,1
DA:57,1
DA:58,1
DA:59,1
DA:60,2
DA:63,2
DA:64,2
DA:65,2
DA:66,1
DA:67,1
DA:68,1
DA:69,2
DA:71,2
DA:72,14
DA:73,14
DA:74,14
DA:75,0
DA:76,0
DA:77,13
DA:78,13
DA:79,13
DA:80,13
DA:81,13
DA:82,13
DA:83,13
DA:84,13
DA:85,13
DA:86,13
DA:87,13
DA:88,13
DA:89,13
DA:90,13
DA:91,13
DA:92,13
DA:93,13
DA:94,2
DA:96,2
DA:97,3
DA:98,3
DA:99,3
DA:100,2
DA:101,3
DA:102,1
DA:103,2
DA:105,2
DA:106,1
DA:107,1
DA:108,1
DA:109,1
DA:110,1
DA:111,1
DA:112,1
DA:115,1
DA:116,1
DA:117,1
DA:118,1
DA:119,1
DA:120,1
DA:121,1
DA:122,1
DA:123,1
DA:124,7
DA:125,7
DA:126,1
DA:127,1
DA:128,1
DA:129,1
DA:130,1
DA:131,1
DA:132,1
DA:133,2
DA:135,2
DA:136,2
DA:137,2
DA:138,2
DA:139,2
DA:140,2
DA:141,1
DA:142,1
DA:143,1
DA:144,1
DA:145,1
DA:146,1
DA:147,1
DA:148,2
DA:151,2
DA:152,1
DA:153,1
DA:154,1
DA:155,1
DA:156,2
DA:158,2
DA:159,1
DA:160,1
DA:161,1
DA:162,1
DA:163,1
DA:164,1
DA:165,1
DA:166,2
DA:168,2
DA:169,1
DA:170,1
DA:171,1
DA:172,2
DA:173,2
LF:146
LH:139
BRDA:33,0,0,2
BRDA:39,1,0,1
BRDA:41,2,0,0
BRDA:45,3,0,0
BRDA:49,4,0,1
BRDA:51,5,0,0
BRDA:54,6,0,0
BRDA:63,7,0,2
BRDA:65,8,0,1
BRDA:71,9,0,14
BRDA:73,10,0,1
BRDA:73,11,0,13
BRDA:74,12,0,0
BRDA:76,13,0,13
BRDA:96,14,0,3
BRDA:99,15,0,1
BRDA:99,16,0,2
BRDA:101,17,0,1
BRDA:105,18,0,1
BRDA:108,19,0,0
BRDA:110,20,0,0
BRDA:112,21,0,0
BRDA:123,22,0,7
BRDA:124,23,0,1
BRDA:124,24,0,1
BRDA:135,25,0,2
BRDA:138,26,0,0
BRDA:140,27,0,1
BRDA:151,28,0,1
BRDA:154,29,0,0
BRDA:158,30,0,1
BRDA:161,31,0,0
BRDA:163,32,0,0
BRDA:168,33,0,1
BRF:34
BRH:22
end_of_record
TN:
SF:src/routes/guests.ts
FN:50,guestRoutes
FNF:1
FNH:1
FNDA:2,guestRoutes
DA:1,1
DA:11,1
DA:12,1
DA:13,1
DA:14,1
DA:15,1
DA:16,1
DA:17,1
DA:18,1
DA:19,1
DA:20,1
DA:21,1
DA:22,1
DA:23,1
DA:24,1
DA:25,1
DA:26,1
DA:28,1
DA:29,1
DA:30,1
DA:31,1
DA:32,1
DA:33,1
DA:34,1
DA:35,1
DA:36,1
DA:37,1
DA:38,1
DA:40,1
DA:41,1
DA:42,1
DA:43,1
DA:44,1
DA:45,1
DA:46,1
DA:47,1
DA:48,1
DA:50,2
DA:52,2
DA:53,2
DA:54,2
DA:55,2
DA:56,2
DA:57,2
DA:58,2
DA:59,2
DA:60,2
DA:62,2
DA:63,4
DA:64,4
DA:65,4
DA:66,4
DA:67,4
DA:68,4
DA:69,4
DA:70,4
DA:71,4
DA:72,4
DA:73,4
DA:74,4
DA:75,4
DA:76,4
DA:77,2
DA:79,2
DA:80,1
DA:81,1
DA:82,1
DA:83,1
DA:84,0
DA:85,0
DA:86,0
DA:87,2
DA:89,2
DA:90,0
DA:91,0
DA:92,0
DA:93,0
DA:94,0
DA:95,0
DA:96,2
DA:98,2
DA:99,0
DA:100,0
DA:101,0
DA:102,0
DA:103,0
DA:104,0
DA:105,2
DA:107,2
DA:108,1
DA:109,1
DA:110,1
DA:111,1
DA:112,1
DA:113,1
DA:114,2
DA:117,2
DA:118,1
DA:119,1
DA:120,1
DA:121,1
DA:122,2
DA:125,2
DA:126,0
DA:127,0
DA:128,0
DA:129,0
DA:130,2
DA:132,2
DA:133,1
DA:134,1
DA:135,1
DA:136,1
DA:137,1
DA:138,1
DA:140,1
DA:141,1
DA:142,1
DA:143,1
DA:144,1
DA:145,1
DA:146,1
DA:147,0
DA:148,0
DA:149,0
DA:151,1
DA:152,1
DA:153,1
DA:154,1
DA:155,1
DA:156,1
DA:157,1
DA:158,1
DA:159,1
DA:160,1
DA:161,1
DA:162,1
DA:163,1
DA:164,1
DA:165,1
DA:166,1
DA:167,1
DA:168,2
DA:171,2
DA:172,1
DA:173,1
DA:174,1
DA:175,1
DA:176,1
DA:177,1
DA:178,1
DA:179,1
DA:180,1
DA:181,1
DA:182,1
DA:183,1
DA:184,1
DA:185,1
DA:186,1
DA:187,1
DA:188,1
DA:189,2
DA:191,2
DA:192,2
DA:193,2
DA:194,2
DA:195,2
DA:196,2
DA:197,2
DA:198,2
DA:199,2
DA:200,2
DA:201,2
DA:203,2
DA:204,3
DA:205,3
DA:206,3
DA:207,3
DA:208,3
DA:210,3
DA:211,3
DA:212,3
DA:213,3
DA:214,3
DA:216,1
DA:217,1
DA:218,1
DA:219,1
DA:220,1
DA:221,1
DA:222,1
DA:223,1
DA:224,1
DA:225,1
DA:226,1
DA:227,1
DA:228,1
DA:229,1
DA:230,1
DA:231,1
DA:232,1
DA:233,1
DA:234,2
DA:235,2
LF:204
LH:182
BRDA:50,0,0,2
BRDA:52,1,0,2
BRDA:55,2,0,0
BRDA:62,3,0,4
BRDA:65,4,0,0
BRDA:67,5,0,0
BRDA:69,6,0,0
BRDA:79,7,0,1
BRDA:82,8,0,0
BRDA:83,9,0,0
BRDA:107,10,0,1
BRDA:110,11,0,0
BRDA:111,12,0,0
BRDA:117,13,0,1
BRDA:120,14,0,0
BRDA:132,15,0,1
BRDA:135,16,0,0
BRDA:136,17,0,0
BRDA:138,18,0,0
BRDA:146,19,0,0
BRDA:171,20,0,1
BRDA:174,21,0,0
BRDA:176,22,0,0
BRDA:185,23,0,0
BRDA:178,24,0,1
BRDA:179,25,0,1
BRDA:191,26,0,2
BRDA:193,27,0,0
BRDA:195,28,0,0
BRDA:196,29,0,0
BRDA:200,30,0,1
BRDA:200,31,0,1
BRDA:203,32,0,3
BRDA:206,33,0,0
BRDA:208,34,0,0
BRDA:212,35,0,1
BRDA:212,36,0,2
BRDA:213,37,0,1
BRDA:214,38,0,1
BRF:39
BRH:18
end_of_record
TN:
SF:src/routes/layouts.ts
FN:24,layoutRoutes
FNF:1
FNH:1
FNDA:2,layoutRoutes
DA:1,1
DA:8,1
DA:9,1
DA:10,1
DA:11,1
DA:12,1
DA:13,1
DA:14,1
DA:15,1
DA:16,1
DA:18,1
DA:19,1
DA:20,1
DA:21,1
DA:22,1
DA:24,2
DA:25,2
DA:26,1
DA:27,1
DA:28,1
DA:29,1
DA:30,1
DA:31,1
DA:32,1
DA:33,1
DA:34,2
DA:36,2
DA:37,3
DA:38,3
DA:39,3
DA:40,3
DA:41,3
DA:42,3
DA:43,3
DA:44,3
DA:45,3
DA:46,3
DA:47,3
DA:48,3
DA:49,3
DA:50,3
DA:51,3
DA:52,3
DA:53,3
DA:54,3
DA:55,3
DA:56,2
DA:58,2
DA:59,0
DA:60,0
DA:61,0
DA:62,0
DA:63,0
DA:64,0
DA:65,2
DA:67,2
DA:68,3
DA:69,3
DA:70,3
DA:71,3
DA:72,3
DA:73,3
DA:74,3
DA:75,3
DA:76,3
DA:77,3
DA:78,3
DA:79,3
DA:80,3
DA:81,3
DA:82,3
DA:83,3
DA:84,1
DA:85,1
DA:86,1
DA:87,1
DA:88,1
DA:89,0
DA:90,0
DA:91,2
DA:93,2
DA:94,1
DA:95,1
DA:96,1
DA:97,1
DA:98,1
DA:99,2
DA:101,2
DA:102,1
DA:103,1
DA:104,1
DA:105,1
DA:106,1
DA:107,1
DA:108,2
DA:109,2
LF:96
LH:88
BRDA:24,0,0,2
BRDA:25,1,0,1
BRDA:28,2,0,0
BRDA:31,3,0,0
BRDA:36,4,0,3
BRDA:38,5,0,0
BRDA:39,6,0,0
BRDA:67,7,0,3
BRDA:70,8,0,0
BRDA:71,9,0,0
BRDA:73,10,0,0
BRDA:83,11,0,1
BRDA:88,12,0,0
BRDA:93,13,0,1
BRDA:96,14,0,0
BRDA:97,15,0,0
BRDA:101,16,0,1
BRDA:104,17,0,0
BRDA:105,18,0,0
BRF:19
BRH:7
end_of_record
TN:
SF:src/routes/messages.ts
FN:8,messageRoutes
FNF:1
FNH:1
FNDA:2,messageRoutes
DA:1,1
DA:8,2
DA:9,2
DA:10,1
DA:13,1
DA:14,1
DA:15,1
DA:16,1
DA:17,2
DA:19,2
DA:20,1
DA:21,1
DA:22,1
DA:23,1
DA:24,1
DA:25,1
DA:26,1
DA:27,1
DA:28,1
DA:29,1
DA:30,1
DA:31,1
DA:32,1
DA:33,1
DA:34,2
DA:36,2
DA:37,1
DA:38,1
DA:39,1
DA:40,2
DA:41,2
LF:31
LH:31
BRDA:8,0,0,2
BRDA:9,1,0,1
BRDA:19,2,0,1
BRDA:25,3,0,0
BRDA:36,4,0,1
BRF:5
BRH:4
end_of_record
TN:
SF:src/routes/questions.ts
FN:18,questionRoutes
FNF:1
FNH:1
FNDA:2,questionRoutes
DA:1,1
DA:8,1
DA:9,1
DA:10,1
DA:11,1
DA:12,1
DA:13,1
DA:14,1
DA:15,1
DA:16,1
DA:18,2
DA:19,2
DA:20,0
DA:21,0
DA:22,0
DA:23,2
DA:25,2
DA:26,1
DA:27,1
DA:28,1
DA:29,1
DA:30,1
DA:31,2
DA:33,2
DA:34,1
DA:35,1
DA:36,1
DA:37,1
DA:38,1
DA:39,1
DA:40,2
DA:42,2
DA:43,1
DA:44,1
DA:45,2
DA:48,2
DA:49,1
DA:50,1
DA:51,1
DA:52,1
DA:53,2
DA:55,2
DA:56,1
DA:57,1
DA:58,1
DA:59,1
DA:60,1
DA:61,1
DA:62,1
DA:63,1
DA:64,1
DA:65,1
DA:66,2
DA:67,2
LF:54
LH:51
BRDA:18,0,0,2
BRDA:25,1,0,1
BRDA:27,2,0,0
BRDA:29,3,0,0
BRDA:33,4,0,1
BRDA:36,5,0,0
BRDA:38,6,0,0
BRDA:42,7,0,1
BRDA:48,8,0,1
BRDA:51,9,0,0
BRDA:55,10,0,1
BRDA:58,11,0,0
BRDA:60,12,0,0
BRF:13
BRH:6
end_of_record
TN:
SF:src/routes/staff.ts
FN:47,staffRoutes
FNF:1
FNH:1
FNDA:2,staffRoutes
DA:1,1
DA:10,1
DA:11,1
DA:12,1
DA:13,1
DA:14,1
DA:15,1
DA:16,1
DA:17,1
DA:18,1
DA:19,1
DA:20,1
DA:21,1
DA:22,1
DA:23,1
DA:24,1
DA:25,1
DA:26,1
DA:28,1
DA:29,1
DA:30,1
DA:31,1
DA:32,1
DA:33,1
DA:34,1
DA:35,1
DA:37,1
DA:38,1
DA:39,1
DA:40,1
DA:41,1
DA:42,1
DA:43,1
DA:44,1
DA:45,1
DA:47,2
DA:49,2
DA:50,0
DA:51,0
DA:52,0
DA:53,0
DA:54,2
DA:56,2
DA:57,1
DA:58,1
DA:59,1
DA:60,1
DA:61,1
DA:62,1
DA:63,1
DA:64,2
DA:66,2
DA:67,1
DA:68,1
DA:69,1
DA:70,1
DA:71,1
DA:72,1
DA:73,1
DA:74,2
DA:76,2
DA:77,0
DA:78,0
DA:79,0
DA:80,0
DA:81,0
DA:82,0
DA:83,2
DA:86,2
DA:87,1
DA:88,1
DA:89,1
DA:90,2
DA:92,2
DA:93,1
DA:94,1
DA:95,1
DA:96,1
DA:97,1
DA:98,2
DA:100,2
DA:101,1
DA:102,1
DA:103,2
DA:106,2
DA:107,1
DA:108,1
DA:109,1
DA:110,1
DA:111,2
DA:113,2
DA:114,1
DA:115,1
DA:116,1
DA:117,1
DA:118,1
DA:119,2
DA:121,2
DA:122,1
DA:123,1
DA:124,2
DA:125,2
LF:102
LH:92
BRDA:47,0,0,2
BRDA:56,1,0,1
BRDA:58,2,0,0
BRDA:60,3,0,0
BRDA:66,4,0,1
BRDA:69,5,0,0
BRDA:70,6,0,0
BRDA:72,7,0,0
BRDA:86,8,0,1
BRDA:88,9,0,0
BRDA:92,10,0,1
BRDA:94,11,0,0
BRDA:96,12,0,0
BRDA:100,13,0,1
BRDA:106,14,0,1
BRDA:109,15,0,0
BRDA:113,16,0,1
BRDA:115,17,0,0
BRDA:117,18,0,0
BRDA:121,19,0,1
BRF:20
BRH:9
end_of_record
TN:
SF:src/routes/timeline.ts
FN:21,timelineRoutes
FNF:1
FNH:1
FNDA:2,timelineRoutes
DA:1,1
DA:8,1
DA:9,1
DA:10,1
DA:11,1
DA:12,1
DA:13,1
DA:14,1
DA:15,1
DA:16,1
DA:17,1
DA:18,1
DA:19,1
DA:21,2
DA:22,2
DA:23,0
DA:24,0
DA:25,0
DA:26,0
DA:27,2
DA:29,2
DA:30,1
DA:31,1
DA:32,1
DA:33,1
DA:34,1
DA:35,1
DA:36,1
DA:37,2
DA:39,2
DA:40,1
DA:41,1
DA:42,1
DA:43,1
DA:44,1
DA:45,1
DA:46,1
DA:47,2
DA:49,2
DA:50,0
DA:51,0
DA:52,0
DA:53,0
DA:54,0
DA:55,0
DA:56,2
DA:57,2
LF:47
LH:37
BRDA:21,0,0,2
BRDA:29,1,0,1
BRDA:32,2,0,0
BRDA:33,3,0,0
BRDA:35,4,0,0
BRDA:39,5,0,1
BRDA:42,6,0,0
BRDA:43,7,0,0
BRDA:45,8,0,0
BRF:9
BRH:3
end_of_record
TN:
SF:src/routes/vendors.ts
FN:29,vendorRoutes
FNF:1
FNH:1
FNDA:2,vendorRoutes
DA:1,1
DA:8,1
DA:9,1
DA:10,1
DA:11,1
DA:12,1
DA:13,1
DA:14,1
DA:15,1
DA:16,1
DA:17,1
DA:18,1
DA:19,1
DA:20,1
DA:22,1
DA:23,1
DA:24,1
DA:25,1
DA:26,1
DA:27,1
DA:29,2
DA:30,2
DA:31,0
DA:32,0
DA:33,0
DA:34,0
DA:35,2
DA:37,2
DA:38,1
DA:39,1
DA:40,1
DA:41,1
DA:42,1
DA:43,1
DA:44,1
DA:45,1
DA:46,1
DA:47,1
DA:48,2
DA:50,2
DA:51,0
DA:52,0
DA:53,0
DA:54,0
DA:55,0
DA:56,0
DA:57,0
DA:58,2
DA:60,2
DA:61,0
DA:62,0
DA:63,0
DA:64,0
DA:65,0
DA:66,0
DA:67,2
DA:70,2
DA:71,1
DA:72,1
DA:73,1
DA:74,1
DA:75,1
DA:76,2
DA:78,2
DA:79,1
DA:80,1
DA:81,1
DA:82,1
DA:83,1
DA:84,1
DA:85,1
DA:86,2
DA:87,2
LF:73
LH:56
BRDA:29,0,0,2
BRDA:37,1,0,1
BRDA:39,2,0,0
BRDA:41,3,0,0
BRDA:70,4,0,1
BRDA:73,5,0,0
BRDA:74,6,0,0
BRDA:78,7,0,1
BRDA:81,8,0,0
BRDA:82,9,0,0
BRDA:84,10,0,0
BRF:11
BRH:4
end_of_record
TN:
SF:src/routes/venues.ts
FN:24,venueRoutes
FNF:1
FNH:1
FNDA:2,venueRoutes
DA:1,1
DA:8,1
DA:9,1
DA:10,1
DA:11,1
DA:12,1
DA:13,1
DA:14,1
DA:15,1
DA:16,1
DA:17,1
DA:18,1
DA:19,1
DA:20,1
DA:21,1
DA:22,1
DA:24,2
DA:25,2
DA:26,1
DA:27,1
DA:28,1
DA:29,2
DA:31,2
DA:32,1
DA:33,1
DA:34,1
DA:35,1
DA:36,1
DA:37,1
DA:38,1
DA:39,1
DA:40,1
DA:41,1
DA:42,2
DA:44,2
DA:45,1
DA:46,1
DA:47,1
DA:48,1
DA:49,1
DA:50,1
DA:51,1
DA:52,2
DA:54,2
DA:55,1
DA:56,1
DA:57,1
DA:58,1
DA:59,1
DA:60,1
DA:61,2
DA:62,2
LF:52
LH:52
BRDA:24,0,0,2
BRDA:25,1,0,1
BRDA:27,2,0,0
BRDA:31,3,0,1
BRDA:33,4,0,0
BRDA:35,5,0,0
BRDA:44,6,0,1
BRDA:47,7,0,0
BRDA:48,8,0,0
BRDA:50,9,0,0
BRDA:54,10,0,1
BRDA:57,11,0,0
BRDA:58,12,0,0
BRF:13
BRH:5
end_of_record
TN:
SF:src/test/factories.ts
FN:11,uniqueEmail
FN:13,makeUser
FN:26,makeOrg
FN:31,makeEvent
FN:40,makeGuest
FN:44,signTokenForUser
FN:48,id6
FNF:7
FNH:6
FNDA:21,uniqueEmail
FNDA:21,makeUser
FNDA:18,makeOrg
FNDA:12,makeEvent
FNDA:2,makeGuest
FNDA:0,signTokenForUser
FNDA:18,id6
DA:1,1
DA:10,1
DA:11,1
DA:13,1
DA:14,21
DA:15,21
DA:16,21
DA:17,21
DA:18,21
DA:19,21
DA:20,21
DA:21,21
DA:22,21
DA:23,21
DA:24,21
DA:26,1
DA:27,18
DA:28,18
DA:29,18
DA:31,1
DA:32,12
DA:33,12
DA:34,12
DA:35,12
DA:36,12
DA:37,12
DA:38,12
DA:40,1
DA:41,2
DA:42,2
DA:44,1
DA:45,0
DA:46,0
DA:48,18
LF:34
LH:32
BRDA:11,0,0,21
BRDA:13,1,0,21
BRDA:26,2,0,18
BRDA:31,3,0,12
BRDA:40,4,0,2
BRDA:48,5,0,18
BRF:6
BRH:6
end_of_record
TN:
SF:src/test/setup.ts
FNF:0
FNH:0
DA:1,1
DA:6,1
DA:7,1
DA:10,1
DA:11,1
DA:13,1
DA:14,5
DA:15,5
DA:17,1
DA:19,5
DA:20,5
DA:21,5
DA:22,5
DA:23,5
LF:14
LH:14
BRDA:13,0,0,5
BRDA:17,1,0,5
BRDA:22,2,0,0
BRF:3
BRH:2
end_of_record
