TN:
SF:src/db/database.ts
FN:22,resolveDbPath
FN:42,closeDb
FNF:2
FNH:2
FNDA:11,resolveDbPath
FNDA:10,closeDb
DA:1,1
DA:16,1
DA:17,1
DA:18,1
DA:19,1
DA:20,1
DA:22,11
DA:23,11
DA:24,0
DA:25,0
DA:26,0
DA:28,1
DA:30,1
DA:31,0
DA:32,0
DA:33,0
DA:35,1
DA:37,1
DA:38,1
DA:39,1
DA:40,1
DA:42,1
DA:43,10
DA:44,10
DA:46,1
DA:47,1
LF:26
LH:20
BRDA:30,0,0,0
BRDA:22,1,0,11
BRDA:23,2,0,0
BRDA:42,3,0,10
BRF:4
BRH:2
end_of_record
TN:
SF:src/db/migrate.ts
FN:30,listMigrations
FN:50,applyAllMigrations
FN:90,applySchema
FNF:3
FNH:3
FNDA:11,listMigrations
FNDA:11,applyAllMigrations
FNDA:10,applySchema
DA:1,1
DA:22,1
DA:30,11
DA:31,11
DA:32,11
DA:33,11
DA:34,22
DA:35,22
DA:36,0
DA:37,0
DA:38,0
DA:39,22
DA:40,22
DA:41,22
DA:42,22
DA:43,22
DA:44,22
DA:45,11
DA:46,11
DA:47,11
DA:50,1
DA:51,11
DA:54,11
DA:56,11
DA:57,11
DA:58,11
DA:59,11
DA:61,11
DA:62,11
DA:64,11
DA:65,0
DA:66,0
DA:67,0
DA:68,0
DA:69,0
DA:70,0
DA:72,11
DA:73,22
DA:74,22
DA:75,22
DA:76,22
DA:77,22
DA:78,22
DA:79,22
DA:80,22
DA:81,22
DA:82,0
DA:83,0
DA:84,0
DA:85,22
DA:86,11
DA:87,11
DA:90,1
DA:91,10
DA:92,10
DA:95,1
DA:96,1
DA:98,1
DA:99,0
DA:100,0
LF:60
LH:46
BRDA:98,0,0,0
BRDA:30,1,0,11
BRDA:33,2,0,22
BRDA:35,3,0,0
BRDA:31,4,0,22
BRDA:45,5,0,11
BRDA:50,6,0,11
BRDA:64,7,0,0
BRDA:72,8,0,22
BRDA:73,9,0,2
BRDA:81,10,0,0
BRDA:86,11,0,1
BRDA:62,12,0,22
BRDA:75,13,0,22
BRDA:90,14,0,10
BRF:15
BRH:11
end_of_record
TN:
SF:src/db/repos.ts
FN:1,(empty-report)
FNF:1
FNH:0
FNDA:0,(empty-report)
DA:1,0
DA:22,0
DA:23,0
DA:24,0
DA:25,0
DA:26,0
DA:27,0
DA:29,0
DA:30,0
DA:33,0
DA:35,0
DA:40,0
DA:41,0
DA:42,0
DA:43,0
DA:45,0
DA:46,0
DA:47,0
DA:48,0
DA:51,0
DA:52,0
DA:53,0
DA:54,0
DA:55,0
DA:56,0
DA:57,0
DA:59,0
DA:60,0
DA:62,0
DA:63,0
DA:64,0
DA:65,0
DA:66,0
DA:68,0
DA:69,0
DA:70,0
DA:71,0
DA:76,0
DA:77,0
DA:78,0
DA:79,0
DA:94,0
DA:95,0
DA:102,0
DA:103,0
DA:104,0
DA:105,0
DA:108,0
DA:109,0
DA:110,0
DA:111,0
DA:112,0
DA:113,0
DA:114,0
DA:115,0
DA:116,0
DA:117,0
DA:118,0
DA:120,0
DA:121,0
DA:124,0
DA:126,0
DA:127,0
DA:128,0
DA:129,0
DA:130,0
DA:134,0
DA:135,0
DA:136,0
DA:137,0
DA:144,0
DA:145,0
DA:146,0
DA:147,0
DA:148,0
DA:149,0
DA:150,0
DA:165,0
DA:166,0
DA:172,0
DA:173,0
DA:174,0
DA:175,0
DA:178,0
DA:179,0
DA:180,0
DA:181,0
DA:182,0
DA:183,0
DA:184,0
DA:185,0
DA:186,0
DA:187,0
DA:189,0
DA:190,0
DA:193,0
DA:195,0
DA:196,0
DA:197,0
DA:198,0
DA:199,0
DA:201,0
DA:202,0
DA:203,0
DA:204,0
DA:205,0
DA:206,0
DA:209,0
DA:210,0
DA:220,0
DA:221,0
DA:222,0
DA:223,0
DA:227,0
DA:228,0
DA:229,0
DA:230,0
DA:231,0
DA:232,0
DA:233,0
DA:234,0
DA:235,0
DA:236,0
DA:237,0
DA:238,0
DA:239,0
DA:240,0
DA:241,0
DA:242,0
DA:243,0
DA:244,0
DA:245,0
DA:246,0
DA:248,0
DA:249,0
DA:250,0
DA:251,0
DA:256,0
DA:257,0
DA:258,0
DA:259,0
DA:262,0
DA:263,0
DA:273,0
DA:274,0
DA:275,0
DA:279,0
DA:280,0
DA:281,0
DA:282,0
DA:283,0
DA:284,0
DA:285,0
DA:286,0
DA:287,0
DA:288,0
DA:289,0
DA:290,0
DA:291,0
DA:292,0
LF:160
LH:0
BRDA:1,0,0,0
BRF:1
BRH:0
end_of_record
TN:
SF:src/db/repos/audit.ts
FN:20,log
FN:49,listForOrg
FNF:2
FNH:2
FNDA:150,log
FNDA:3,listForOrg
DA:1,1
DA:19,1
DA:20,1
DA:30,150
DA:31,150
DA:32,150
DA:35,150
DA:36,150
DA:37,150
DA:38,150
DA:39,150
DA:40,150
DA:41,150
DA:42,150
DA:43,150
DA:44,150
DA:45,150
DA:46,150
DA:47,150
DA:49,1
DA:50,3
DA:51,3
DA:52,3
DA:53,3
DA:54,3
DA:55,3
DA:56,3
DA:57,1
LF:28
LH:28
BRDA:20,0,0,150
BRDA:37,1,0,9
BRDA:38,2,0,1
BRDA:39,3,0,3
BRDA:41,4,0,94
BRDA:42,5,0,95
BRDA:43,6,0,2
BRDA:44,7,0,59
BRDA:45,8,0,126
BRDA:49,9,0,3
BRDA:52,10,0,1
BRF:11
BRH:11
end_of_record
TN:
SF:src/db/repos/catalog.ts
FN:41,rowToItem
FN:56,listForOrg
FN:65,findById
FN:70,create
FN:93,update
FN:113,delete
FN:119,replaceAll
FNF:7
FNH:7
FNDA:22,rowToItem
FNDA:7,listForOrg
FNDA:9,findById
FNDA:6,create
FNDA:1,update
FNDA:1,delete
FNDA:2,replaceAll
DA:1,1
DA:41,22
DA:42,22
DA:43,22
DA:44,22
DA:45,22
DA:46,22
DA:47,22
DA:48,22
DA:49,22
DA:50,22
DA:51,22
DA:52,22
DA:53,22
DA:55,1
DA:56,1
DA:57,7
DA:58,7
DA:61,7
DA:62,7
DA:63,7
DA:65,1
DA:66,9
DA:67,9
DA:68,9
DA:70,1
DA:76,6
DA:77,6
DA:78,6
DA:79,6
DA:81,6
DA:82,6
DA:83,6
DA:84,6
DA:85,6
DA:86,6
DA:87,6
DA:88,6
DA:89,6
DA:90,6
DA:91,6
DA:93,1
DA:98,1
DA:99,1
DA:100,1
DA:101,1
DA:102,1
DA:103,1
DA:104,1
DA:105,1
DA:106,1
DA:107,1
DA:108,1
DA:109,1
DA:110,1
DA:111,1
DA:113,1
DA:114,1
DA:115,1
DA:116,1
DA:119,1
DA:121,2
DA:122,2
DA:123,2
DA:124,2
DA:125,5
DA:126,5
DA:127,5
DA:129,5
DA:130,5
DA:131,5
DA:132,5
DA:133,5
DA:134,5
DA:135,5
DA:136,2
DA:137,2
DA:138,2
DA:139,2
DA:140,1
LF:80
LH:80
BRDA:41,0,0,22
BRDA:56,1,0,7
BRDA:65,2,0,9
BRDA:67,3,0,0
BRDA:70,4,0,6
BRDA:86,5,0,5
BRDA:87,6,0,0
BRDA:93,7,0,1
BRDA:102,8,0,0
BRDA:103,9,0,0
BRDA:104,10,0,0
BRDA:105,11,0,0
BRDA:113,12,0,1
BRDA:119,13,0,2
BRDA:122,14,0,2
BRDA:124,15,0,5
BRDA:132,16,0,0
BRF:17
BRH:10
end_of_record
TN:
SF:src/db/repos/decor.ts
FN:46,listItems
FN:52,createItem
FN:63,updateItem
FN:77,deleteItem
FN:82,listCategories
FN:88,createCategory
FN:97,deleteCategory
FN:102,listArrangements
FN:108,upsertArrangement
FN:124,deleteArrangement
FN:129,listPackages
FN:135,upsertPackage
FN:151,deletePackage
FNF:13
FNH:13
FNDA:1,listItems
FNDA:1,createItem
FNDA:1,updateItem
FNDA:1,deleteItem
FNDA:1,listCategories
FNDA:1,createCategory
FNDA:1,deleteCategory
FNDA:2,listArrangements
FNDA:3,upsertArrangement
FNDA:1,deleteArrangement
FNDA:1,listPackages
FNDA:1,upsertPackage
FNDA:1,deletePackage
DA:1,1
DA:44,1
DA:46,1
DA:47,1
DA:48,1
DA:49,1
DA:50,1
DA:52,1
DA:53,1
DA:54,1
DA:55,1
DA:57,1
DA:58,1
DA:59,1
DA:60,1
DA:61,1
DA:63,1
DA:64,1
DA:65,1
DA:66,1
DA:67,1
DA:68,1
DA:69,1
DA:70,1
DA:71,1
DA:72,1
DA:73,1
DA:74,1
DA:75,1
DA:77,1
DA:78,1
DA:79,1
DA:82,1
DA:83,1
DA:84,1
DA:85,1
DA:86,1
DA:88,1
DA:89,1
DA:90,1
DA:91,1
DA:93,1
DA:94,1
DA:95,1
DA:97,1
DA:98,1
DA:99,1
DA:102,1
DA:103,2
DA:104,2
DA:105,2
DA:106,2
DA:108,1
DA:109,3
DA:110,3
DA:111,3
DA:112,1
DA:113,1
DA:114,1
DA:115,2
DA:116,2
DA:117,2
DA:119,2
DA:120,2
DA:121,3
DA:122,3
DA:124,1
DA:125,1
DA:126,1
DA:129,1
DA:130,1
DA:131,1
DA:132,1
DA:133,1
DA:135,1
DA:136,1
DA:137,1
DA:138,1
DA:139,0
DA:140,0
DA:141,0
DA:142,1
DA:143,1
DA:144,1
DA:146,1
DA:147,1
DA:148,1
DA:149,1
DA:151,1
DA:152,1
DA:153,1
DA:154,1
LF:92
LH:89
BRDA:46,0,0,1
BRDA:52,1,0,1
BRDA:57,2,0,0
BRDA:59,3,0,0
BRDA:63,4,0,1
BRDA:66,5,0,0
BRDA:68,6,0,0
BRDA:69,7,0,0
BRDA:70,8,0,0
BRDA:71,9,0,0
BRDA:77,10,0,1
BRDA:82,11,0,1
BRDA:88,12,0,1
BRDA:97,13,0,1
BRDA:102,14,0,2
BRDA:108,15,0,3
BRDA:109,16,0,2
BRDA:110,17,0,1
BRDA:110,18,0,2
BRDA:111,19,0,2
BRDA:111,20,0,1
BRDA:119,21,0,1
BRDA:124,22,0,1
BRDA:129,23,0,1
BRDA:135,24,0,1
BRDA:137,25,0,0
BRDA:138,26,0,0
BRDA:151,27,0,1
BRF:28
BRH:19
end_of_record
TN:
SF:src/db/repos/events.ts
FN:38,findById
FN:42,create
FN:77,update
FN:98,softDelete
FN:105,listForOrg
FN:137,countByStatus
FN:152,orgMapForUser
FN:166,addMember
FN:173,listMembers
FN:187,create
FN:213,listForEvent
FN:219,delete
FNF:12
FNH:11
FNDA:52,findById
FNDA:27,create
FNDA:3,update
FNDA:2,softDelete
FNDA:4,listForOrg
FNDA:1,countByStatus
FNDA:20,orgMapForUser
FNDA:1,addMember
FNDA:0,listMembers
FNDA:1,create
FNDA:1,listForEvent
FNDA:1,delete
DA:1,1
DA:37,1
DA:38,1
DA:39,52
DA:40,52
DA:42,1
DA:53,27
DA:54,27
DA:55,27
DA:56,27
DA:60,27
DA:61,27
DA:62,27
DA:63,27
DA:64,27
DA:65,27
DA:66,27
DA:67,27
DA:68,27
DA:69,27
DA:70,27
DA:71,27
DA:72,27
DA:73,27
DA:74,27
DA:75,27
DA:77,1
DA:78,3
DA:79,3
DA:80,3
DA:81,21
DA:82,2
DA:83,2
DA:84,2
DA:85,21
DA:86,3
DA:87,2
DA:88,2
DA:89,2
DA:90,3
DA:91,3
DA:92,3
DA:93,3
DA:94,3
DA:95,3
DA:96,3
DA:98,1
DA:99,2
DA:100,2
DA:101,2
DA:102,2
DA:103,2
DA:105,1
DA:114,4
DA:115,4
DA:116,4
DA:117,4
DA:118,4
DA:119,0
DA:120,0
DA:121,0
DA:122,0
DA:123,4
DA:124,0
DA:125,0
DA:126,0
DA:127,0
DA:128,4
DA:129,4
DA:130,4
DA:131,4
DA:132,4
DA:133,4
DA:134,4
DA:137,1
DA:138,1
DA:139,1
DA:142,1
DA:143,1
DA:144,1
DA:145,1
DA:146,1
DA:147,1
DA:148,1
DA:149,1
DA:152,1
DA:153,20
DA:154,20
DA:159,20
DA:160,20
DA:161,20
DA:162,20
DA:163,20
DA:166,1
DA:167,1
DA:168,1
DA:170,1
DA:171,1
DA:173,1
DA:174,0
DA:175,0
DA:181,0
DA:182,0
DA:183,1
DA:186,1
DA:187,1
DA:195,1
DA:196,1
DA:197,1
DA:198,1
DA:200,1
DA:201,1
DA:202,1
DA:203,1
DA:204,1
DA:205,1
DA:206,1
DA:207,1
DA:208,1
DA:209,1
DA:210,1
DA:211,1
DA:213,1
DA:214,1
DA:215,1
DA:216,1
DA:217,1
DA:219,1
DA:220,1
DA:221,1
DA:222,1
DA:223,1
LF:132
LH:120
BRDA:38,0,0,52
BRDA:42,1,0,27
BRDA:66,2,0,14
BRDA:77,3,0,3
BRDA:80,4,0,21
BRDA:81,5,0,2
BRDA:86,6,0,2
BRDA:90,7,0,0
BRDA:98,8,0,2
BRDA:105,9,0,4
BRDA:117,10,0,3
BRDA:118,11,0,0
BRDA:123,12,0,0
BRDA:128,13,0,0
BRDA:129,14,0,0
BRDA:131,15,0,0
BRDA:132,16,0,0
BRDA:137,17,0,1
BRDA:147,18,0,0
BRDA:152,19,0,20
BRDA:161,20,0,17
BRDA:166,21,0,1
BRDA:187,22,0,1
BRDA:207,23,0,0
BRDA:213,24,0,1
BRDA:219,25,0,1
BRF:26
BRH:17
end_of_record
TN:
SF:src/db/repos/guests.ts
FN:47,findById
FN:53,listForEvent
FN:60,bulkCreate
FN:96,create
FN:125,update
FN:160,softDelete
FN:168,rotatePortalToken
FN:177,revokePortalToken
FN:183,countByStatus
FN:197,submit
FN:241,listForEvent
FN:251,findById
FN:258,getForEvent
FN:262,upsert
FNF:14
FNH:12
FNDA:23,findById
FNDA:3,listForEvent
FNDA:0,bulkCreate
FNDA:10,create
FNDA:4,update
FNDA:1,softDelete
FNDA:1,rotatePortalToken
FNDA:2,revokePortalToken
FNDA:3,countByStatus
FNDA:2,submit
FNDA:1,listForEvent
FNDA:0,findById
FNDA:5,getForEvent
FNDA:1,upsert
DA:1,1
DA:46,1
DA:47,1
DA:48,23
DA:49,23
DA:50,23
DA:51,23
DA:53,1
DA:54,3
DA:55,3
DA:56,3
DA:57,3
DA:60,1
DA:61,0
DA:62,0
DA:63,0
DA:64,0
DA:65,0
DA:66,0
DA:67,0
DA:68,0
DA:69,0
DA:70,0
DA:71,0
DA:73,0
DA:74,0
DA:75,0
DA:77,0
DA:78,0
DA:79,0
DA:80,0
DA:82,0
DA:83,0
DA:84,0
DA:85,0
DA:86,0
DA:89,0
DA:90,0
DA:91,0
DA:92,0
DA:93,0
DA:94,0
DA:96,1
DA:97,10
DA:98,10
DA:99,10
DA:105,10
DA:106,10
DA:107,10
DA:108,10
DA:109,10
DA:110,10
DA:111,10
DA:112,10
DA:113,10
DA:114,10
DA:115,10
DA:116,10
DA:117,10
DA:118,10
DA:119,10
DA:120,10
DA:121,10
DA:122,10
DA:123,10
DA:125,1
DA:126,4
DA:127,4
DA:128,4
DA:129,4
DA:130,4
DA:131,4
DA:132,4
DA:133,4
DA:134,4
DA:135,4
DA:136,4
DA:137,4
DA:138,4
DA:139,4
DA:140,4
DA:141,4
DA:142,4
DA:143,4
DA:144,4
DA:145,4
DA:146,4
DA:147,4
DA:148,4
DA:149,4
DA:150,4
DA:151,4
DA:152,4
DA:153,4
DA:154,4
DA:155,4
DA:156,4
DA:157,4
DA:158,4
DA:160,1
DA:161,1
DA:162,1
DA:163,1
DA:164,1
DA:165,1
DA:168,1
DA:169,1
DA:170,1
DA:171,1
DA:172,1
DA:173,1
DA:174,1
DA:175,1
DA:177,1
DA:178,2
DA:179,2
DA:180,2
DA:181,2
DA:183,1
DA:184,3
DA:185,3
DA:188,3
DA:189,3
DA:190,3
DA:191,3
DA:192,3
DA:193,1
DA:196,1
DA:197,1
DA:211,2
DA:212,2
DA:213,2
DA:214,2
DA:219,2
DA:220,2
DA:221,2
DA:222,2
DA:223,2
DA:224,2
DA:225,2
DA:226,2
DA:227,2
DA:228,2
DA:229,2
DA:230,2
DA:231,2
DA:232,2
DA:233,2
DA:234,2
DA:235,2
DA:236,2
DA:237,2
DA:238,2
DA:239,2
DA:241,1
DA:242,1
DA:243,1
DA:248,1
DA:249,1
DA:251,1
DA:252,0
DA:253,0
DA:254,1
DA:257,1
DA:258,1
DA:259,5
DA:260,5
DA:262,1
DA:273,1
DA:274,1
DA:275,1
DA:276,0
DA:277,0
DA:282,0
DA:283,0
DA:284,0
DA:285,0
DA:286,0
DA:287,0
DA:288,0
DA:289,0
DA:290,0
DA:291,0
DA:292,0
DA:293,1
DA:294,1
DA:295,1
DA:300,1
DA:301,1
DA:302,1
DA:303,1
DA:304,1
DA:305,1
DA:306,1
DA:307,1
DA:308,1
DA:309,1
DA:310,1
DA:311,1
DA:312,1
DA:313,1
DA:314,1
LF:202
LH:158
BRDA:47,0,0,23
BRDA:53,1,0,3
BRDA:96,2,0,10
BRDA:108,3,0,9
BRDA:117,4,0,0
BRDA:118,5,0,0
BRDA:119,6,0,0
BRDA:125,7,0,4
BRDA:146,8,0,0
BRDA:148,9,0,0
BRDA:149,10,0,0
BRDA:150,11,0,0
BRDA:152,12,0,0
BRDA:160,13,0,1
BRDA:168,14,0,1
BRDA:177,15,0,2
BRDA:183,16,0,3
BRDA:190,17,0,4
BRDA:197,18,0,2
BRDA:221,19,0,0
BRDA:222,20,0,0
BRDA:224,21,0,1
BRDA:230,22,0,1
BRDA:231,23,0,1
BRDA:236,24,0,0
BRDA:241,25,0,1
BRDA:258,26,0,5
BRDA:262,27,0,1
BRDA:275,28,0,0
BRDA:302,29,0,0
BRDA:303,30,0,0
BRDA:304,31,0,0
BRF:32
BRH:17
end_of_record
TN:
SF:src/db/repos/index.ts
FNF:0
FNH:0
DA:1,1
LF:1
LH:1
BRF:0
BRH:0
end_of_record
TN:
SF:src/db/repos/integrations.ts
FN:29,findById
FN:33,findByOrgProvider
FN:39,listForOrg
FN:50,upsert
FN:95,setStatus
FN:103,markSynced
FN:109,delete
FN:114,parseConfig
FN:119,logEvent
FN:148,listEvents
FNF:10
FNH:9
FNDA:43,findById
FNDA:20,findByOrgProvider
FNDA:2,listForOrg
FNDA:16,upsert
FNDA:11,setStatus
FNDA:1,markSynced
FNDA:1,delete
FNDA:0,parseConfig
FNDA:10,logEvent
FNDA:2,listEvents
DA:1,1
DA:28,1
DA:29,1
DA:30,43
DA:31,43
DA:33,1
DA:34,20
DA:35,20
DA:36,20
DA:37,20
DA:39,1
DA:40,2
DA:41,2
DA:42,2
DA:43,2
DA:50,1
DA:59,16
DA:60,16
DA:61,16
DA:62,1
DA:63,1
DA:64,1
DA:65,1
DA:66,1
DA:67,1
DA:68,1
DA:69,1
DA:70,1
DA:71,1
DA:72,1
DA:73,1
DA:74,1
DA:75,1
DA:76,15
DA:77,15
DA:78,15
DA:81,15
DA:82,15
DA:83,15
DA:84,15
DA:85,16
DA:86,16
DA:87,16
DA:88,16
DA:89,16
DA:90,16
DA:91,16
DA:92,16
DA:93,16
DA:95,1
DA:96,11
DA:97,11
DA:100,11
DA:101,11
DA:103,1
DA:104,1
DA:105,1
DA:106,1
DA:107,1
DA:109,1
DA:110,1
DA:111,1
DA:114,1
DA:115,0
DA:116,0
DA:119,1
DA:129,10
DA:130,10
DA:131,10
DA:134,10
DA:135,10
DA:136,10
DA:137,10
DA:138,10
DA:139,10
DA:140,10
DA:141,10
DA:142,10
DA:143,10
DA:144,10
DA:145,10
DA:146,10
DA:148,1
DA:149,2
DA:150,2
DA:151,2
DA:152,2
DA:153,1
LF:88
LH:86
BRDA:29,0,0,43
BRDA:33,1,0,20
BRDA:39,2,0,2
BRDA:50,3,0,16
BRDA:61,4,0,1
BRDA:65,5,0,0
BRDA:66,6,0,0
BRDA:67,7,0,0
BRDA:68,8,0,0
BRDA:69,9,0,0
BRDA:75,10,0,15
BRDA:85,11,0,0
BRDA:86,12,0,14
BRDA:87,13,0,10
BRDA:88,14,0,0
BRDA:89,15,0,15
BRDA:90,16,0,10
BRDA:95,17,0,11
BRDA:100,18,0,4
BRDA:103,19,0,1
BRDA:109,20,0,1
BRDA:119,21,0,10
BRDA:142,22,0,2
BRDA:148,23,0,2
BRF:24
BRH:17
end_of_record
TN:
SF:src/db/repos/jobs.ts
FN:37,enqueue
FN:59,findById
FN:71,claimNext
FN:94,markSucceeded
FN:109,markFailed
FN:132,reclaimStuck
FN:143,stats
FN:154,parsePayload
FNF:8
FNH:8
FNDA:10,enqueue
FNDA:18,findById
FNDA:11,claimNext
FNDA:2,markSucceeded
FNDA:3,markFailed
FNDA:1,reclaimStuck
FNDA:1,stats
FNDA:1,parsePayload
DA:1,1
DA:36,1
DA:37,1
DA:43,10
DA:44,10
DA:45,10
DA:46,10
DA:48,10
DA:49,10
DA:50,10
DA:51,10
DA:52,10
DA:53,10
DA:54,10
DA:55,10
DA:56,10
DA:57,10
DA:59,1
DA:60,18
DA:61,18
DA:71,1
DA:72,11
DA:73,11
DA:74,11
DA:75,11
DA:78,11
DA:79,11
DA:80,9
DA:81,9
DA:85,9
DA:86,9
DA:87,9
DA:88,9
DA:89,11
DA:90,11
DA:91,11
DA:92,11
DA:94,1
DA:95,2
DA:96,2
DA:100,2
DA:101,2
DA:109,1
DA:110,3
DA:111,3
DA:112,3
DA:113,1
DA:114,1
DA:118,1
DA:119,1
DA:120,1
DA:121,2
DA:122,2
DA:123,2
DA:128,2
DA:129,3
DA:132,1
DA:133,1
DA:134,1
DA:138,1
DA:139,1
DA:140,1
DA:143,1
DA:144,1
DA:145,1
DA:146,1
DA:147,1
DA:148,1
DA:149,1
DA:150,1
DA:151,1
DA:152,1
DA:154,1
DA:155,1
DA:156,1
DA:157,1
LF:76
LH:76
BRDA:37,0,0,10
BRDA:52,1,0,9
BRDA:54,2,0,8
BRDA:59,3,0,18
BRDA:71,4,0,11
BRDA:73,5,0,11
BRDA:79,6,0,2
BRDA:79,7,0,9
BRDA:94,8,0,2
BRDA:100,9,0,1
BRDA:109,10,0,3
BRDA:111,11,0,0
BRDA:112,12,0,1
BRDA:120,13,0,2
BRDA:132,14,0,1
BRDA:143,15,0,1
BRDA:150,16,0,2
BRDA:154,17,0,1
BRF:18
BRH:17
end_of_record
TN:
SF:src/db/repos/layouts.ts
FN:32,findById
FN:36,listForOrg
FN:51,create
FN:88,saveRevision
FN:120,_snapshot
FN:128,listVersions
FN:134,getVersion
FN:140,rename
FN:144,delete
FNF:9
FNH:7
FNDA:21,findById
FNDA:3,listForOrg
FNDA:5,create
FNDA:6,saveRevision
FNDA:9,_snapshot
FNDA:2,listVersions
FNDA:0,getVersion
FNDA:0,rename
FNDA:1,delete
DA:1,1
DA:31,1
DA:32,1
DA:33,21
DA:34,21
DA:36,1
DA:37,3
DA:38,3
DA:39,3
DA:40,2
DA:41,2
DA:42,2
DA:43,3
DA:44,1
DA:45,1
DA:46,1
DA:47,3
DA:48,3
DA:49,3
DA:51,1
DA:60,5
DA:61,5
DA:62,5
DA:63,5
DA:67,5
DA:68,5
DA:69,5
DA:70,5
DA:71,5
DA:72,5
DA:73,5
DA:74,5
DA:75,5
DA:76,5
DA:77,5
DA:78,5
DA:80,5
DA:81,5
DA:82,5
DA:88,1
DA:94,6
DA:95,6
DA:96,6
DA:97,6
DA:98,6
DA:99,6
DA:100,2
DA:101,6
DA:102,2
DA:103,2
DA:104,2
DA:105,2
DA:106,4
DA:109,4
DA:110,4
DA:113,4
DA:114,6
DA:115,6
DA:116,6
DA:117,6
DA:118,6
DA:120,1
DA:121,9
DA:122,9
DA:125,9
DA:126,9
DA:128,1
DA:129,2
DA:130,2
DA:131,2
DA:132,2
DA:134,1
DA:135,0
DA:136,0
DA:137,0
DA:138,0
DA:140,1
DA:141,0
DA:142,0
DA:144,1
DA:145,1
DA:146,1
DA:147,1
DA:148,1
LF:84
LH:78
BRDA:32,0,0,21
BRDA:36,1,0,3
BRDA:39,2,0,2
BRDA:40,3,0,0
BRDA:43,4,0,1
BRDA:45,5,0,0
BRDA:51,6,0,5
BRDA:70,7,0,3
BRDA:75,8,0,1
BRDA:75,9,0,4
BRDA:88,10,0,6
BRDA:95,11,0,6
BRDA:97,12,0,0
BRDA:99,13,0,2
BRDA:101,14,0,2
BRDA:105,15,0,4
BRDA:114,16,0,2
BRDA:120,17,0,9
BRDA:128,18,0,2
BRDA:144,19,0,1
BRF:20
BRH:17
end_of_record
TN:
SF:src/db/repos/messages.ts
FN:16,listForThread
FN:22,send
FN:32,markRead
FN:49,unreadCount
FNF:4
FNH:4
FNDA:1,listForThread
FNDA:3,send
FNDA:2,markRead
FNDA:3,unreadCount
DA:1,1
DA:15,1
DA:16,1
DA:17,1
DA:18,1
DA:19,1
DA:20,1
DA:22,1
DA:23,3
DA:24,3
DA:25,3
DA:27,3
DA:28,3
DA:29,3
DA:30,3
DA:32,1
DA:34,2
DA:35,2
DA:36,2
DA:37,2
DA:38,2
DA:39,3
DA:40,3
DA:41,2
DA:42,2
DA:43,2
DA:44,3
DA:45,2
DA:46,2
DA:47,2
DA:49,1
DA:50,3
DA:51,3
DA:52,3
DA:53,3
DA:54,3
DA:55,4
DA:56,4
DA:57,4
DA:58,3
DA:59,3
DA:60,1
LF:42
LH:42
BRDA:16,0,0,1
BRDA:22,1,0,3
BRDA:32,2,0,2
BRDA:37,3,0,2
BRDA:38,4,0,3
BRDA:40,5,0,2
BRDA:49,6,0,3
BRDA:54,7,0,4
BRDA:56,8,0,2
BRF:9
BRH:9
end_of_record
TN:
SF:src/db/repos/orgs.ts
FN:30,findById
FN:34,findBySlug
FN:38,createWithOwner
FN:53,listForUser
FN:62,listMembers
FN:73,addMember
FN:82,removeMember
FN:89,updateMemberRole
FN:98,updateBranding
FN:104,getBranding
FN:109,updateSettings
FNF:11
FNH:8
FNDA:26,findById
FNDA:0,findBySlug
FNDA:114,createWithOwner
FNDA:0,listForUser
FNDA:2,listMembers
FNDA:10,addMember
FNDA:0,removeMember
FNDA:1,updateMemberRole
FNDA:1,updateBranding
FNDA:1,getBranding
FNDA:2,updateSettings
DA:1,1
DA:29,1
DA:30,1
DA:31,26
DA:32,26
DA:34,1
DA:35,0
DA:36,0
DA:38,1
DA:39,114
DA:40,114
DA:41,114
DA:42,114
DA:43,114
DA:44,114
DA:45,114
DA:47,114
DA:48,114
DA:49,114
DA:50,114
DA:51,114
DA:53,1
DA:54,0
DA:55,0
DA:59,0
DA:60,0
DA:62,1
DA:63,2
DA:64,2
DA:70,2
DA:71,2
DA:73,1
DA:74,10
DA:75,10
DA:76,10
DA:78,10
DA:79,10
DA:80,10
DA:82,1
DA:83,0
DA:84,0
DA:85,0
DA:86,0
DA:87,0
DA:89,1
DA:90,1
DA:91,1
DA:94,1
DA:95,1
DA:96,1
DA:98,1
DA:99,1
DA:100,1
DA:101,1
DA:102,1
DA:104,1
DA:105,1
DA:106,1
DA:107,1
DA:109,1
DA:110,2
DA:111,2
DA:112,2
DA:113,2
DA:114,1
LF:65
LH:54
BRDA:30,0,0,26
BRDA:38,1,0,114
BRDA:40,2,0,114
BRDA:62,3,0,2
BRDA:73,4,0,10
BRDA:78,5,0,1
BRDA:89,6,0,1
BRDA:98,7,0,1
BRDA:104,8,0,1
BRDA:106,9,0,0
BRDA:109,10,0,2
BRF:11
BRH:10
end_of_record
TN:
SF:src/db/repos/questions.ts
FN:18,listForOrg
FN:24,create
FN:47,update
FN:68,delete
FN:74,listForEvent
FN:80,upsert
FNF:6
FNH:5
FNDA:0,listForOrg
FNDA:1,create
FNDA:1,update
FNDA:1,delete
FNDA:1,listForEvent
FNDA:1,upsert
DA:1,1
DA:17,1
DA:18,1
DA:19,0
DA:20,0
DA:21,0
DA:22,0
DA:24,1
DA:29,1
DA:30,1
DA:31,1
DA:32,1
DA:35,1
DA:36,1
DA:37,1
DA:38,1
DA:39,1
DA:40,1
DA:41,1
DA:42,1
DA:43,1
DA:44,1
DA:45,1
DA:47,1
DA:52,1
DA:53,1
DA:54,1
DA:55,1
DA:56,1
DA:57,1
DA:58,1
DA:59,1
DA:60,1
DA:61,1
DA:62,1
DA:63,1
DA:64,1
DA:65,1
DA:66,1
DA:68,1
DA:69,1
DA:70,1
DA:71,1
DA:73,1
DA:74,1
DA:75,1
DA:76,1
DA:77,1
DA:78,1
DA:80,1
DA:81,1
DA:82,1
DA:83,1
DA:84,1
DA:85,0
DA:86,0
DA:87,0
DA:88,0
DA:89,0
DA:90,1
DA:91,1
DA:92,1
DA:93,1
DA:94,1
DA:95,1
DA:96,1
LF:66
LH:57
BRDA:24,0,0,1
BRDA:38,1,0,0
BRDA:39,2,0,0
BRDA:41,3,0,0
BRDA:47,4,0,1
BRDA:55,5,0,0
BRDA:56,6,0,0
BRDA:57,7,0,0
BRDA:58,8,0,0
BRDA:59,9,0,0
BRDA:60,10,0,0
BRDA:61,11,0,0
BRDA:62,12,0,0
BRDA:68,13,0,1
BRDA:74,14,0,1
BRDA:80,15,0,1
BRDA:84,16,0,0
BRDA:93,17,0,0
BRF:18
BRH:5
end_of_record
TN:
SF:src/db/repos/roles.ts
FN:43,rowWithPermissions
FN:59,ensureSystemRoles
FN:84,findById
FN:89,findByKey
FN:102,listForOrg
FN:112,createCustom
FN:157,updateCustom
FN:198,deleteCustom
FN:220,permissionCatalog
FN:225,httpError
FNF:10
FNH:9
FNDA:36,rowWithPermissions
FNDA:12,ensureSystemRoles
FNDA:29,findById
FNDA:0,findByKey
FNDA:1,listForOrg
FNDA:10,createCustom
FNDA:3,updateCustom
FNDA:2,deleteCustom
FNDA:1,permissionCatalog
FNDA:3,httpError
DA:1,1
DA:43,36
DA:44,36
DA:45,36
DA:46,36
DA:47,36
DA:48,36
DA:49,36
DA:50,36
DA:51,36
DA:53,1
DA:59,1
DA:60,12
DA:61,12
DA:62,12
DA:69,12
DA:70,12
DA:71,12
DA:73,12
DA:74,84
DA:76,84
DA:77,84
DA:78,84
DA:79,12
DA:80,12
DA:81,12
DA:82,12
DA:84,1
DA:85,29
DA:86,29
DA:87,29
DA:89,1
DA:90,0
DA:91,0
DA:92,0
DA:93,0
DA:94,0
DA:95,0
DA:96,0
DA:102,1
DA:103,1
DA:104,1
DA:107,1
DA:108,1
DA:109,1
DA:112,1
DA:120,10
DA:122,10
DA:123,42
DA:124,1
DA:125,1
DA:126,1
DA:127,1
DA:128,1
DA:129,42
DA:130,9
DA:131,9
DA:132,9
DA:133,9
DA:135,9
DA:136,9
DA:137,9
DA:138,9
DA:139,9
DA:140,9
DA:141,9
DA:142,9
DA:143,9
DA:144,10
DA:145,2
DA:146,2
DA:147,2
DA:148,2
DA:149,2
DA:150,2
DA:151,0
DA:152,0
DA:153,7
DA:154,10
DA:157,1
DA:162,3
DA:163,3
DA:164,3
DA:165,3
DA:167,2
DA:168,2
DA:169,5
DA:170,5
DA:171,2
DA:173,2
DA:174,2
DA:175,3
DA:176,3
DA:177,3
DA:179,2
DA:180,2
DA:181,0
DA:182,0
DA:183,0
DA:184,0
DA:185,0
DA:186,2
DA:187,2
DA:188,2
DA:189,2
DA:190,2
DA:191,2
DA:192,2
DA:193,2
DA:194,2
DA:195,3
DA:198,1
DA:199,2
DA:200,2
DA:201,2
DA:203,1
DA:204,1
DA:207,1
DA:208,1
DA:209,1
DA:210,1
DA:212,0
DA:213,0
DA:214,2
DA:220,1
DA:221,1
DA:222,1
DA:223,1
DA:225,3
DA:226,3
DA:227,3
DA:228,3
DA:229,3
DA:230,3
LF:134
LH:118
BRDA:43,0,0,36
BRDA:49,1,0,531
BRDA:59,2,0,12
BRDA:60,3,0,12
BRDA:73,4,0,84
BRDA:77,5,0,1836
BRDA:84,6,0,29
BRDA:86,7,0,0
BRDA:102,8,0,1
BRDA:112,9,0,10
BRDA:122,10,0,42
BRDA:123,11,0,1
BRDA:129,12,0,9
BRDA:144,13,0,2
BRDA:150,14,0,0
BRDA:152,15,0,7
BRDA:131,16,0,9
BRDA:137,17,0,8
BRDA:140,18,0,39
BRDA:140,19,0,7
BRDA:157,20,0,3
BRDA:164,21,0,0
BRDA:165,22,0,2
BRDA:165,23,0,1
BRDA:168,24,0,5
BRDA:169,25,0,0
BRDA:175,26,0,0
BRDA:175,27,0,2
BRDA:176,28,0,0
BRDA:176,29,0,2
BRDA:177,30,0,0
BRDA:177,31,0,2
BRDA:179,32,0,2
BRDA:180,33,0,0
BRDA:189,34,0,5
BRDA:198,35,0,2
BRDA:200,36,0,0
BRDA:201,37,0,1
BRDA:210,38,0,0
BRDA:208,39,0,2
BRDA:220,40,0,1
BRDA:225,41,0,3
BRF:42
BRH:32
end_of_record
TN:
SF:src/db/repos/staff.ts
FN:44,listForOrg
FN:59,findById
FN:63,create
FN:90,update
FN:124,delete
FN:142,listForOrg
FN:148,create
FN:159,delete
FN:178,listForOrg
FN:186,create
FN:199,delete
FNF:11
FNH:10
FNDA:2,listForOrg
FNDA:7,findById
FNDA:4,create
FNDA:2,update
FNDA:0,delete
FNDA:1,listForOrg
FNDA:1,create
FNDA:1,delete
FNDA:1,listForOrg
FNDA:1,create
FNDA:1,delete
DA:1,1
DA:43,1
DA:44,1
DA:45,2
DA:46,2
DA:47,2
DA:48,2
DA:49,2
DA:52,1
DA:53,1
DA:54,1
DA:55,2
DA:56,2
DA:57,2
DA:59,1
DA:60,7
DA:61,7
DA:63,1
DA:64,4
DA:65,4
DA:66,4
DA:70,4
DA:71,4
DA:72,4
DA:73,4
DA:74,4
DA:75,4
DA:76,4
DA:77,4
DA:78,4
DA:79,4
DA:80,4
DA:81,4
DA:82,4
DA:83,4
DA:84,4
DA:85,4
DA:86,4
DA:87,4
DA:88,4
DA:90,1
DA:91,2
DA:92,2
DA:93,2
DA:94,2
DA:95,2
DA:96,2
DA:97,2
DA:98,2
DA:99,18
DA:100,2
DA:101,2
DA:102,2
DA:103,18
DA:104,2
DA:105,2
DA:106,2
DA:107,2
DA:108,2
DA:109,8
DA:110,0
DA:111,0
DA:112,0
DA:113,8
DA:115,2
DA:116,2
DA:117,2
DA:118,2
DA:119,2
DA:120,2
DA:121,2
DA:122,2
DA:124,1
DA:125,0
DA:126,0
DA:127,1
DA:141,1
DA:142,1
DA:143,1
DA:144,1
DA:145,1
DA:146,1
DA:148,1
DA:149,1
DA:150,1
DA:151,1
DA:153,1
DA:154,1
DA:155,1
DA:156,1
DA:157,1
DA:159,1
DA:160,1
DA:161,1
DA:162,1
DA:177,1
DA:178,1
DA:179,1
DA:180,1
DA:181,1
DA:182,1
DA:183,1
DA:184,1
DA:186,1
DA:189,1
DA:190,1
DA:191,1
DA:192,1
DA:194,1
DA:195,1
DA:196,1
DA:197,1
DA:199,1
DA:200,1
DA:201,1
DA:202,1
LF:116
LH:111
BRDA:44,0,0,2
BRDA:47,1,0,0
BRDA:48,2,0,0
BRDA:49,3,0,1
BRDA:59,4,0,7
BRDA:63,5,0,4
BRDA:77,6,0,3
BRDA:80,7,0,2
BRDA:90,8,0,2
BRDA:98,9,0,18
BRDA:99,10,0,2
BRDA:101,11,0,0
BRDA:108,12,0,8
BRDA:109,13,0,0
BRDA:118,14,0,0
BRDA:142,15,0,1
BRDA:148,16,0,1
BRDA:159,17,0,1
BRDA:178,18,0,1
BRDA:181,19,0,0
BRDA:186,20,0,1
BRDA:195,21,0,0
BRDA:199,22,0,1
BRF:23
BRH:16
end_of_record
TN:
SF:src/db/repos/timeline.ts
FN:37,listForEvent
FN:43,findById
FN:47,create
FN:70,update
FN:100,delete
FNF:5
FNH:4
FNDA:1,listForEvent
FNDA:7,findById
FNDA:4,create
FNDA:2,update
FNDA:0,delete
DA:1,1
DA:36,1
DA:37,1
DA:38,1
DA:39,1
DA:40,1
DA:41,1
DA:43,1
DA:44,7
DA:45,7
DA:47,1
DA:48,4
DA:49,4
DA:50,4
DA:54,4
DA:55,4
DA:56,4
DA:57,4
DA:58,4
DA:59,4
DA:60,4
DA:61,4
DA:62,4
DA:63,4
DA:64,4
DA:65,4
DA:66,4
DA:67,4
DA:68,4
DA:70,1
DA:71,2
DA:72,2
DA:73,2
DA:74,2
DA:75,2
DA:76,2
DA:77,2
DA:78,2
DA:79,2
DA:80,2
DA:81,2
DA:82,2
DA:83,2
DA:84,2
DA:85,2
DA:86,2
DA:87,2
DA:88,2
DA:89,2
DA:90,2
DA:91,0
DA:92,0
DA:93,2
DA:94,2
DA:95,2
DA:96,2
DA:97,2
DA:98,2
DA:100,1
DA:101,0
DA:102,0
DA:103,1
LF:62
LH:58
BRDA:37,0,0,1
BRDA:43,1,0,7
BRDA:47,2,0,4
BRDA:70,3,0,2
BRDA:88,4,0,0
BRDA:90,5,0,0
BRDA:90,6,0,0
BRDA:94,7,0,0
BRF:8
BRH:4
end_of_record
TN:
SF:src/db/repos/users.ts
FN:20,findByEmail
FN:26,findById
FN:32,create
FN:46,recordFailedLogin
FN:59,clearFailedLogin
FN:66,isLocked
FN:70,updateProfile
FN:84,invalidateSessions
FNF:8
FNH:6
FNDA:100,findByEmail
FNDA:119,findById
FNDA:118,create
FNDA:1,recordFailedLogin
FNDA:7,clearFailedLogin
FNDA:8,isLocked
FNDA:0,updateProfile
FNDA:0,invalidateSessions
DA:1,1
DA:19,1
DA:20,1
DA:21,100
DA:22,100
DA:23,100
DA:24,100
DA:26,1
DA:27,119
DA:30,119
DA:32,1
DA:37,118
DA:38,118
DA:39,118
DA:40,118
DA:42,118
DA:43,118
DA:44,118
DA:46,1
DA:47,1
DA:48,1
DA:49,1
DA:50,1
DA:51,0
DA:52,1
DA:53,1
DA:54,1
DA:56,1
DA:57,1
DA:59,1
DA:60,7
DA:61,7
DA:63,7
DA:64,7
DA:66,1
DA:67,8
DA:68,8
DA:70,1
DA:71,0
DA:72,0
DA:73,0
DA:74,0
DA:75,0
DA:76,0
DA:77,0
DA:78,0
DA:79,0
DA:80,0
DA:81,0
DA:84,1
DA:85,0
DA:86,0
DA:87,0
DA:88,0
DA:89,1
LF:55
LH:39
BRDA:20,0,0,100
BRDA:26,1,0,119
BRDA:32,2,0,118
BRDA:46,3,0,1
BRDA:48,4,0,0
BRDA:50,5,0,0
BRDA:59,6,0,7
BRDA:66,7,0,8
BRDA:67,8,0,0
BRF:9
BRH:6
end_of_record
TN:
SF:src/db/repos/vendors.ts
FN:48,findById
FN:52,listForOrg
FN:60,create
FN:84,update
FN:114,softDelete
FN:121,addPayment
FN:136,listPayments
FNF:7
FNH:5
FNDA:5,findById
FNDA:1,listForOrg
FNDA:2,create
FNDA:0,update
FNDA:0,softDelete
FNDA:3,addPayment
FNDA:2,listPayments
DA:1,1
DA:47,1
DA:48,1
DA:49,5
DA:50,5
DA:52,1
DA:53,1
DA:54,1
DA:55,1
DA:56,1
DA:57,1
DA:58,1
DA:60,1
DA:61,2
DA:62,2
DA:63,2
DA:67,2
DA:68,2
DA:69,2
DA:70,2
DA:71,2
DA:72,2
DA:73,2
DA:74,2
DA:75,2
DA:76,2
DA:77,2
DA:78,2
DA:79,2
DA:80,2
DA:81,2
DA:82,2
DA:84,1
DA:85,0
DA:86,0
DA:87,0
DA:88,0
DA:89,0
DA:90,0
DA:91,0
DA:92,0
DA:93,0
DA:94,0
DA:95,0
DA:96,0
DA:97,0
DA:98,0
DA:99,0
DA:100,0
DA:101,0
DA:102,0
DA:103,0
DA:104,0
DA:105,0
DA:106,0
DA:107,0
DA:108,0
DA:109,0
DA:110,0
DA:111,0
DA:112,0
DA:114,1
DA:115,0
DA:116,0
DA:117,0
DA:118,0
DA:121,1
DA:122,3
DA:123,3
DA:124,3
DA:125,3
DA:127,3
DA:128,3
DA:129,3
DA:130,3
DA:131,3
DA:132,3
DA:133,3
DA:134,3
DA:136,1
DA:137,2
DA:138,2
DA:139,2
DA:140,2
DA:141,1
LF:85
LH:53
BRDA:48,0,0,5
BRDA:52,1,0,1
BRDA:55,2,0,0
BRDA:60,3,0,2
BRDA:71,4,0,1
BRDA:76,5,0,0
BRDA:77,6,0,0
BRDA:121,7,0,3
BRDA:123,8,0,3
BRDA:136,9,0,2
BRF:10
BRH:7
end_of_record
TN:
SF:src/db/repos/venues.ts
FN:43,findById
FN:47,listForOrg
FN:53,create
FN:82,update
FN:113,softDelete
FNF:5
FNH:5
FNDA:4,findById
FNDA:1,listForOrg
FNDA:1,create
FNDA:1,update
FNDA:1,softDelete
DA:1,1
DA:42,1
DA:43,1
DA:44,4
DA:45,4
DA:47,1
DA:48,1
DA:49,1
DA:50,1
DA:51,1
DA:53,1
DA:54,1
DA:55,1
DA:56,1
DA:61,1
DA:62,1
DA:63,1
DA:64,1
DA:65,1
DA:66,1
DA:67,1
DA:68,1
DA:69,1
DA:70,1
DA:71,1
DA:72,1
DA:73,1
DA:74,1
DA:75,1
DA:76,1
DA:77,1
DA:78,1
DA:79,1
DA:80,1
DA:82,1
DA:83,1
DA:84,1
DA:85,1
DA:86,1
DA:87,1
DA:88,1
DA:89,1
DA:90,1
DA:91,9
DA:92,1
DA:93,1
DA:94,1
DA:95,9
DA:96,1
DA:97,1
DA:98,1
DA:99,1
DA:100,4
DA:101,0
DA:102,0
DA:103,0
DA:104,4
DA:105,1
DA:106,1
DA:107,1
DA:108,1
DA:109,1
DA:110,1
DA:111,1
DA:113,1
DA:114,1
DA:115,1
DA:116,1
DA:117,1
DA:118,1
DA:119,1
LF:71
LH:68
BRDA:43,0,0,4
BRDA:47,1,0,1
BRDA:53,2,0,1
BRDA:68,3,0,0
BRDA:69,4,0,0
BRDA:70,5,0,0
BRDA:82,6,0,1
BRDA:90,7,0,9
BRDA:91,8,0,1
BRDA:99,9,0,4
BRDA:100,10,0,0
BRDA:105,11,0,0
BRDA:113,12,0,1
BRF:13
BRH:8
end_of_record
TN:
SF:src/integrations/registry.ts
FN:34,getProvider
FN:38,listProviders
FN:48,_registerForTest
FN:54,_unregisterForTest
FNF:4
FNH:4
FNDA:19,getProvider
FNDA:1,listProviders
FNDA:10,_registerForTest
FNDA:12,_unregisterForTest
DA:1,1
DA:26,1
DA:27,1
DA:30,1
DA:32,1
DA:34,1
DA:35,19
DA:36,19
DA:38,1
DA:39,1
DA:40,1
DA:48,1
DA:49,10
DA:50,0
DA:51,0
DA:52,10
DA:53,10
DA:54,1
DA:55,12
DA:56,12
DA:57,12
LF:21
LH:19
BRDA:32,0,0,7
BRDA:34,1,0,19
BRDA:38,2,0,1
BRDA:48,3,0,10
BRDA:49,4,0,0
BRDA:54,5,0,12
BRDA:55,6,0,0
BRF:7
BRH:5
end_of_record
TN:
SF:src/integrations/runtime.ts
FN:25,IntegrationError
FN:35,loadContext
FN:55,runAction
FN:110,verifyIntegration
FN:135,requireConnected
FNF:5
FNH:5
FNDA:7,IntegrationError
FNDA:14,loadContext
FNDA:7,runAction
FNDA:7,verifyIntegration
FNDA:4,requireConnected
DA:1,1
DA:24,1
DA:25,1
DA:26,7
DA:27,7
DA:28,7
DA:29,1
DA:35,14
DA:36,14
DA:37,14
DA:38,14
DA:39,1
DA:40,1
DA:41,12
DA:42,14
DA:43,14
DA:44,14
DA:45,14
DA:46,14
DA:47,14
DA:48,14
DA:49,14
DA:50,14
DA:51,14
DA:52,14
DA:55,7
DA:61,7
DA:62,7
DA:63,7
DA:64,7
DA:65,0
DA:66,0
DA:67,5
DA:68,7
DA:69,1
DA:70,1
DA:72,4
DA:73,7
DA:74,1
DA:75,1
DA:77,3
DA:78,3
DA:79,1
DA:80,1
DA:81,1
DA:82,1
DA:83,1
DA:84,1
DA:85,1
DA:86,1
DA:87,1
DA:88,1
DA:89,7
DA:90,2
DA:91,2
DA:92,2
DA:93,2
DA:94,2
DA:95,2
DA:96,2
DA:97,2
DA:98,2
DA:99,2
DA:100,2
DA:102,2
DA:103,1
DA:104,1
DA:105,2
DA:106,2
DA:107,7
DA:110,7
DA:111,7
DA:112,7
DA:113,7
DA:115,7
DA:116,7
DA:117,1
DA:118,1
DA:119,1
DA:120,1
DA:121,1
DA:122,1
DA:123,6
DA:124,6
DA:125,6
DA:126,6
DA:127,6
DA:128,6
DA:129,6
DA:130,6
DA:131,6
DA:132,7
DA:135,1
DA:136,4
DA:137,4
DA:138,4
DA:139,1
DA:140,1
DA:141,1
DA:142,1
LF:100
LH:98
BRDA:25,0,0,7
BRDA:35,1,0,14
BRDA:37,2,0,1
BRDA:37,3,0,13
BRDA:38,4,0,12
BRDA:38,5,0,1
BRDA:40,6,0,12
BRDA:42,7,0,0
BRDA:55,8,0,7
BRDA:64,9,0,0
BRDA:66,10,0,5
BRDA:68,11,0,1
BRDA:70,12,0,4
BRDA:73,13,0,1
BRDA:75,14,0,3
BRDA:78,15,0,1
BRDA:89,16,0,2
BRDA:102,17,0,1
BRDA:67,18,0,5
BRDA:74,19,0,1
BRDA:110,20,0,7
BRDA:113,21,0,0
BRDA:116,22,0,6
BRDA:116,23,0,1
BRDA:135,24,0,4
BRDA:137,25,0,2
BRDA:138,26,0,1
BRF:27
BRH:24
end_of_record
TN:
SF:src/integrations/types.ts
FN:1,(empty-report)
FNF:1
FNH:1
FNDA:1,(empty-report)
LF:0
LH:0
BRDA:1,0,0,1
BRF:1
BRH:1
end_of_record
TN:
SF:src/integrations/providers/email_smtp.ts
FN:45,__vite_ssr_import_1__.z.object.refine.message
FN:55,buildTransporter
FN:66,fromHeader
FN:75,run
FN:111,verify
FNF:5
FNH:2
FNDA:0,__vite_ssr_import_1__.z.object.refine.message
FNDA:5,buildTransporter
FNDA:0,fromHeader
FNDA:0,run
FNDA:5,verify
DA:1,1
DA:25,1
DA:26,1
DA:27,1
DA:28,1
DA:29,1
DA:30,1
DA:31,1
DA:32,1
DA:34,1
DA:35,1
DA:36,1
DA:37,1
DA:39,1
DA:40,1
DA:41,1
DA:42,1
DA:43,1
DA:44,1
DA:45,1
DA:55,5
DA:56,5
DA:57,5
DA:58,5
DA:59,5
DA:60,5
DA:61,5
DA:62,5
DA:63,5
DA:64,5
DA:66,0
DA:67,0
DA:68,0
DA:69,0
DA:71,1
DA:72,1
DA:73,1
DA:74,1
DA:75,1
DA:76,0
DA:77,0
DA:78,0
DA:79,0
DA:80,0
DA:81,0
DA:82,0
DA:83,0
DA:84,0
DA:85,0
DA:86,0
DA:87,0
DA:88,0
DA:89,0
DA:90,0
DA:91,0
DA:92,0
DA:93,1
DA:95,1
DA:96,1
DA:97,1
DA:98,1
DA:99,1
DA:100,1
DA:103,1
DA:104,1
DA:105,1
DA:106,1
DA:107,1
DA:108,1
DA:109,1
DA:111,1
DA:112,5
DA:113,5
DA:114,5
DA:115,0
DA:116,5
DA:117,5
DA:118,5
DA:119,5
DA:120,5
DA:121,1
LF:81
LH:59
BRDA:55,0,0,5
BRDA:111,1,0,5
BRDA:114,2,0,0
BRF:3
BRH:2
end_of_record
TN:
SF:src/jobs/worker.ts
FN:27,registerHandler
FN:35,startWorker
FN:46,stopWorker
FN:52,scheduleNext
FN:57,tick
FN:70,processJob
FN:85,logErr
FN:90,registerCoreHandlers
FNF:8
FNH:0
FNDA:0,registerHandler
FNDA:0,startWorker
FNDA:0,stopWorker
FNDA:0,scheduleNext
FNDA:0,tick
FNDA:0,processJob
FNDA:0,logErr
FNDA:0,registerCoreHandlers
DA:1,1
DA:19,1
DA:20,1
DA:21,1
DA:25,1
DA:27,1
DA:28,0
DA:29,0
DA:31,1
DA:32,1
DA:33,1
DA:35,1
DA:36,0
DA:37,0
DA:38,0
DA:40,0
DA:41,0
DA:42,0
DA:43,0
DA:44,0
DA:46,1
DA:47,0
DA:48,0
DA:49,0
DA:50,0
DA:52,0
DA:53,0
DA:54,0
DA:55,0
DA:57,0
DA:58,0
DA:59,0
DA:60,0
DA:61,0
DA:62,0
DA:63,0
DA:64,0
DA:65,0
DA:66,0
DA:67,0
DA:68,0
DA:70,0
DA:71,0
DA:72,0
DA:73,0
DA:74,0
DA:75,0
DA:76,0
DA:77,0
DA:78,0
DA:79,0
DA:80,0
DA:81,0
DA:82,0
DA:83,0
DA:85,0
DA:86,0
DA:87,0
DA:90,0
DA:92,0
DA:93,0
DA:97,0
DA:98,0
DA:99,0
DA:102,0
DA:103,0
DA:110,0
DA:111,0
DA:112,0
DA:113,0
DA:114,0
DA:115,0
DA:116,0
LF:73
LH:11
BRF:0
BRH:0
end_of_record
TN:
SF:src/lib/crypto.ts
FN:26,hashPassword
FN:37,verifyPassword
FN:48,uuid
FN:52,generateOpaqueToken
FN:57,hashToken
FN:66,verifyToken
FNF:6
FNH:6
FNDA:120,hashPassword
FNDA:12,verifyPassword
FNDA:644,uuid
FNDA:3,generateOpaqueToken
FNDA:2,hashToken
FNDA:2,verifyToken
DA:1,1
DA:14,1
DA:15,1
DA:16,1
DA:17,1
DA:26,1
DA:27,120
DA:28,120
DA:29,120
DA:30,120
DA:31,120
DA:32,120
DA:33,120
DA:34,120
DA:35,120
DA:37,1
DA:38,12
DA:39,12
DA:40,12
DA:41,12
DA:42,12
DA:43,12
DA:44,12
DA:45,12
DA:46,12
DA:48,1
DA:49,644
DA:50,644
DA:52,1
DA:53,3
DA:54,3
DA:57,1
DA:58,2
DA:59,2
DA:60,2
DA:61,2
DA:62,2
DA:63,2
DA:64,2
DA:66,1
DA:67,2
DA:68,2
DA:69,2
DA:70,2
DA:71,2
DA:72,2
LF:46
LH:46
BRDA:26,0,0,120
BRDA:37,1,0,12
BRDA:44,2,0,0
BRDA:48,3,0,644
BRDA:52,4,0,3
BRDA:57,5,0,2
BRDA:66,6,0,2
BRDA:70,7,0,0
BRF:8
BRH:6
end_of_record
TN:
SF:src/lib/errors.ts
FN:10,HttpError
FN:21,BadRequest
FN:22,Unauthorized
FN:23,Forbidden
FN:24,NotFound
FN:25,Conflict
FN:26,ServerError
FNF:7
FNH:4
FNDA:24,HttpError
FNDA:11,BadRequest
FNDA:0,Unauthorized
FNDA:10,Forbidden
FNDA:1,NotFound
FNDA:0,Conflict
FNDA:0,ServerError
DA:9,1
DA:10,1
DA:11,24
DA:12,24
DA:13,24
DA:14,24
DA:15,24
DA:16,24
DA:17,24
DA:18,24
DA:19,1
DA:21,1
DA:22,1
DA:23,1
DA:24,1
DA:25,1
DA:26,1
LF:17
LH:17
BRDA:10,0,0,24
BRDA:21,1,0,11
BRDA:23,2,0,10
BRDA:24,3,0,1
BRF:4
BRH:4
end_of_record
TN:
SF:src/lib/json.ts
FN:6,parseJson
FN:15,stringifyJson
FNF:2
FNH:2
FNDA:55,parseJson
FNDA:304,stringifyJson
DA:6,1
DA:7,55
DA:8,55
DA:9,55
DA:10,55
DA:11,0
DA:12,0
DA:13,55
DA:15,1
DA:16,304
DA:17,304
LF:11
LH:9
BRDA:6,0,0,55
BRDA:7,1,0,0
BRDA:10,2,0,0
BRDA:15,3,0,304
BRDA:16,4,0,0
BRF:5
BRH:2
end_of_record
TN:
SF:src/lib/permissions.ts
FN:197,isValidPermissionId
FNF:1
FNH:1
FNDA:1122,isValidPermissionId
DA:112,1
DA:114,1
DA:115,1
DA:116,1
DA:117,1
DA:118,1
DA:119,1
DA:122,1
DA:123,1
DA:126,1
DA:127,1
DA:128,1
DA:129,1
DA:130,1
DA:133,1
DA:134,1
DA:135,1
DA:136,1
DA:139,1
DA:140,1
DA:141,1
DA:142,1
DA:143,1
DA:146,1
DA:147,1
DA:148,1
DA:149,1
DA:150,1
DA:153,1
DA:154,1
DA:155,1
DA:158,1
DA:159,1
DA:162,1
DA:163,1
DA:164,1
DA:167,1
DA:168,1
DA:169,1
DA:172,1
DA:173,1
DA:174,1
DA:177,1
DA:178,1
DA:181,1
DA:182,1
DA:185,1
DA:186,1
DA:189,1
DA:192,1
DA:193,1
DA:196,1
DA:197,1
DA:198,1122
DA:199,1122
DA:210,1
DA:211,1
DA:212,1
DA:213,1
DA:214,1
DA:215,1
DA:216,1
DA:217,1
DA:218,1
DA:229,1
DA:230,1
DA:231,1
DA:232,1
DA:233,1
DA:234,1
DA:235,1
DA:236,1
DA:237,1
DA:238,1
DA:239,1
DA:240,1
DA:241,1
DA:242,1
DA:243,1
DA:244,1
DA:245,1
DA:246,1
DA:247,1
DA:248,1
DA:249,1
DA:250,1
DA:251,1
DA:252,1
DA:253,1
DA:254,1
DA:255,1
DA:256,1
DA:257,1
DA:258,1
DA:259,1
DA:260,1
DA:261,1
DA:262,1
DA:263,1
DA:264,1
DA:265,1
DA:266,1
DA:267,1
DA:268,1
DA:269,1
DA:270,1
DA:271,1
DA:272,1
DA:273,1
DA:274,1
DA:275,1
DA:276,1
DA:277,1
DA:278,1
DA:279,1
DA:280,1
DA:281,1
DA:282,1
DA:283,1
DA:284,1
DA:285,1
DA:286,1
DA:287,1
DA:288,1
DA:289,1
DA:290,1
DA:291,1
DA:292,1
DA:293,1
DA:294,1
DA:295,1
DA:296,1
DA:297,1
DA:298,1
DA:299,1
DA:300,1
DA:301,1
DA:302,1
DA:303,1
DA:304,1
DA:305,1
DA:306,1
DA:307,1
DA:308,1
DA:309,1
DA:310,1
DA:311,1
DA:312,1
DA:313,1
DA:314,1
DA:315,1
DA:316,1
DA:317,1
DA:318,1
DA:319,1
DA:320,1
DA:321,1
DA:322,1
DA:323,1
DA:324,1
DA:325,1
DA:326,1
DA:327,1
DA:328,1
DA:329,1
DA:330,1
DA:331,1
DA:332,1
DA:333,1
DA:334,1
DA:335,1
DA:336,1
DA:337,1
DA:338,1
DA:339,1
DA:340,1
DA:341,1
DA:342,1
DA:343,1
DA:344,1
DA:345,1
DA:346,1
DA:347,1
DA:348,1
DA:349,1
DA:350,1
DA:351,1
DA:352,1
DA:353,1
DA:354,1
DA:355,1
DA:356,1
DA:357,1
DA:358,1
DA:359,1
DA:360,1
DA:361,1
DA:362,1
DA:363,1
DA:364,1
DA:365,1
DA:366,1
DA:367,1
LF:203
LH:203
BRDA:196,0,0,539
BRDA:197,1,0,1122
BRF:2
BRH:2
end_of_record
TN:
SF:src/lib/rbac.ts
FN:55,invalidateRoleCache
FN:60,permissionsForRole
FN:85,resolvePermissions
FN:114,can
FN:123,assertCan
FNF:5
FNH:5
FNDA:14,invalidateRoleCache
FNDA:160,permissionsForRole
FNDA:172,resolvePermissions
FNDA:171,can
FNDA:48,assertCan
DA:1,1
DA:53,1
DA:55,1
DA:56,14
DA:57,12
DA:58,14
DA:60,160
DA:61,160
DA:62,160
DA:63,23
DA:64,23
DA:65,23
DA:66,23
DA:67,160
DA:68,504
DA:69,504
DA:70,23
DA:71,23
DA:72,23
DA:85,1
DA:86,172
DA:87,172
DA:88,172
DA:89,172
DA:90,172
DA:92,172
DA:93,182
DA:94,182
DA:95,182
DA:96,182
DA:97,182
DA:98,182
DA:99,22
DA:100,182
DA:101,182
DA:102,182
DA:103,0
DA:104,182
DA:106,182
DA:107,160
DA:108,160
DA:109,182
DA:111,172
DA:112,172
DA:114,1
DA:115,171
DA:116,171
DA:117,171
DA:118,171
DA:119,171
DA:120,171
DA:121,171
DA:123,1
DA:124,48
DA:125,48
DA:126,48
DA:127,48
DA:128,48
DA:129,48
DA:130,9
DA:133,9
DA:134,9
DA:135,9
DA:136,9
DA:137,48
LF:65
LH:64
BRDA:55,0,0,14
BRDA:56,1,0,13
BRDA:56,2,0,2
BRDA:56,3,0,12
BRDA:60,4,0,160
BRDA:62,5,0,158
BRDA:62,6,0,137
BRDA:62,7,0,23
BRDA:67,8,0,504
BRDA:69,9,0,23
BRDA:85,10,0,172
BRDA:92,11,0,182
BRDA:94,12,0,29
BRDA:94,13,0,0
BRDA:95,14,0,153
BRDA:95,15,0,135
BRDA:96,16,0,29
BRDA:96,17,0,7
BRDA:98,18,0,29
BRDA:98,19,0,22
BRDA:100,20,0,18
BRDA:102,21,0,153
BRDA:102,22,0,0
BRDA:104,23,0,0
BRDA:106,24,0,160
BRDA:107,25,0,6045
BRDA:114,26,0,171
BRDA:123,27,0,48
BRDA:129,28,0,9
BRF:29
BRH:26
end_of_record
TN:
SF:src/lib/secrets.ts
FN:45,parseKey
FN:66,getMasterKey
FN:85,_resetMasterKey
FN:96,sealSecret
FN:113,openSecret
FN:136,canDecrypt
FNF:6
FNH:6
FNDA:11,parseKey
FNDA:44,getMasterKey
FNDA:13,_resetMasterKey
FNDA:21,sealSecret
FNDA:19,openSecret
FNDA:2,canDecrypt
DA:1,1
DA:37,1
DA:38,1
DA:39,1
DA:40,1
DA:41,1
DA:43,1
DA:45,11
DA:47,11
DA:48,9
DA:49,9
DA:51,2
DA:52,2
DA:53,2
DA:54,2
DA:55,1
DA:56,1
DA:58,1
DA:59,1
DA:66,1
DA:67,44
DA:68,12
DA:69,19
DA:70,8
DA:72,7
DA:73,8
DA:74,1
DA:75,1
DA:77,1
DA:78,1
DA:79,8
DA:80,11
DA:81,11
DA:82,11
DA:85,1
DA:86,13
DA:87,13
DA:96,1
DA:97,21
DA:98,21
DA:99,21
DA:100,21
DA:101,21
DA:102,21
DA:104,21
DA:105,21
DA:113,1
DA:114,19
DA:115,19
DA:116,19
DA:117,1
DA:118,1
DA:119,18
DA:120,19
DA:121,0
DA:122,0
DA:123,18
DA:124,18
DA:125,18
DA:126,18
DA:127,18
DA:128,18
DA:129,18
DA:130,18
DA:136,1
DA:137,2
DA:138,2
LF:67
LH:65
BRDA:45,0,0,11
BRDA:47,1,0,10
BRDA:47,2,0,9
BRDA:49,3,0,2
BRDA:53,4,0,1
BRDA:54,5,0,1
BRDA:66,6,0,44
BRDA:67,7,0,32
BRDA:67,8,0,19
BRDA:67,9,0,12
BRDA:69,10,0,8
BRDA:70,11,0,7
BRDA:73,12,0,1
BRDA:79,13,0,11
BRDA:85,14,0,13
BRDA:96,15,0,21
BRDA:113,16,0,19
BRDA:116,17,0,1
BRDA:118,18,0,18
BRDA:120,19,0,0
BRDA:122,20,0,18
BRDA:136,21,0,2
BRDA:137,22,0,1
BRF:23
BRH:22
end_of_record
TN:
SF:src/lib/slug.ts
FN:2,slugify
FN:11,slugifyUnique
FNF:2
FNH:2
FNDA:128,slugify
FNDA:27,slugifyUnique
DA:2,1
DA:3,128
DA:4,128
DA:5,128
DA:6,128
DA:7,128
DA:8,128
DA:11,1
DA:12,27
DA:13,27
LF:10
LH:10
BRDA:2,0,0,128
BRDA:11,1,0,27
BRF:2
BRH:2
end_of_record
TN:
SF:src/middleware/auth.ts
FN:27,requireAuth
FNF:1
FNH:1
FNDA:169,requireAuth
DA:1,1
DA:27,169
DA:28,169
DA:29,169
DA:30,169
DA:31,169
DA:32,169
DA:33,169
DA:34,2
DA:35,2
DA:36,2
DA:38,167
DA:39,167
DA:40,167
DA:41,167
DA:45,169
DA:46,0
DA:47,0
DA:48,0
DA:49,169
DA:50,0
DA:51,0
DA:52,0
DA:54,167
DA:55,167
DA:59,167
DA:61,167
DA:62,167
DA:66,167
DA:68,167
DA:69,167
DA:70,167
DA:71,167
DA:72,167
DA:73,176
DA:74,176
DA:75,167
DA:76,167
DA:77,0
DA:78,0
DA:79,167
DA:80,167
DA:81,167
DA:82,167
LF:44
LH:36
BRDA:27,0,0,169
BRDA:32,1,0,167
BRDA:33,2,0,2
BRDA:36,3,0,167
BRDA:45,4,0,0
BRDA:48,5,0,167
BRDA:49,6,0,0
BRDA:52,7,0,167
BRDA:72,8,0,176
BRF:9
BRH:7
end_of_record
TN:
SF:src/routes/audit.ts
FN:7,auditRoutes
FNF:1
FNH:1
FNDA:6,auditRoutes
DA:1,1
DA:7,6
DA:8,6
DA:9,2
DA:10,2
DA:11,2
DA:12,2
DA:13,2
DA:14,2
DA:15,2
DA:16,2
DA:17,2
DA:18,6
DA:19,6
LF:14
LH:14
BRDA:7,0,0,6
BRDA:8,1,0,2
BRDA:11,2,0,0
BRDA:14,3,0,0
BRF:4
BRH:2
end_of_record
TN:
SF:src/routes/auth.ts
FN:20,authRoutes
FNF:1
FNH:1
FNDA:6,authRoutes
DA:1,1
DA:8,1
DA:9,1
DA:10,1
DA:11,1
DA:12,1
DA:13,1
DA:15,1
DA:16,1
DA:17,1
DA:18,1
DA:20,6
DA:21,6
DA:22,83
DA:23,83
DA:24,0
DA:25,0
DA:26,83
DA:27,1
DA:28,1
DA:29,82
DA:30,82
DA:31,82
DA:32,82
DA:33,82
DA:34,82
DA:35,82
DA:36,82
DA:37,82
DA:38,82
DA:39,82
DA:40,82
DA:41,82
DA:42,82
DA:43,82
DA:44,82
DA:45,82
DA:46,82
DA:47,82
DA:48,82
DA:49,82
DA:50,82
DA:51,6
DA:53,6
DA:54,8
DA:55,8
DA:57,8
DA:58,8
DA:60,0
DA:61,0
DA:62,0
DA:63,0
DA:64,0
DA:65,0
DA:66,8
DA:67,8
DA:69,8
DA:70,8
DA:71,8
DA:72,8
DA:73,8
DA:74,1
DA:75,1
DA:76,1
DA:77,1
DA:78,1
DA:79,1
DA:80,1
DA:81,7
DA:82,7
DA:83,7
DA:84,7
DA:85,7
DA:86,7
DA:87,7
DA:88,7
DA:89,7
DA:90,7
DA:91,6
DA:93,6
DA:94,1
DA:95,1
DA:96,1
DA:97,1
DA:98,6
DA:100,6
DA:102,1
DA:103,1
DA:104,1
DA:105,1
DA:106,1
DA:107,6
DA:108,6
LF:93
LH:85
BRDA:20,0,0,6
BRDA:21,1,0,83
BRDA:23,2,0,0
BRDA:26,3,0,1
BRDA:28,4,0,82
BRDA:53,5,0,8
BRDA:55,6,0,0
BRDA:58,7,0,0
BRDA:66,8,0,0
BRDA:67,9,0,0
BRDA:73,10,0,1
BRDA:80,11,0,7
BRDA:93,12,0,1
BRDA:100,13,0,1
BRF:14
BRH:9
end_of_record
TN:
SF:src/routes/catalog.ts
FN:27,catalogRoutes
FNF:1
FNH:1
FNDA:6,catalogRoutes
DA:1,1
DA:8,1
DA:10,1
DA:11,1
DA:12,1
DA:13,1
DA:14,1
DA:15,1
DA:17,1
DA:18,1
DA:19,1
DA:20,1
DA:21,1
DA:22,1
DA:23,1
DA:24,1
DA:25,1
DA:27,6
DA:28,6
DA:29,2
DA:30,2
DA:31,2
DA:32,1
DA:33,6
DA:35,6
DA:36,2
DA:37,2
DA:38,2
DA:39,2
DA:40,2
DA:41,2
DA:42,2
DA:43,2
DA:44,2
DA:45,2
DA:46,2
DA:47,6
DA:49,6
DA:51,1
DA:52,1
DA:53,1
DA:54,1
DA:55,1
DA:56,1
DA:57,1
DA:58,1
DA:59,1
DA:60,1
DA:61,1
DA:62,1
DA:63,6
DA:65,6
DA:66,1
DA:67,1
DA:68,1
DA:69,1
DA:70,1
DA:71,1
DA:72,1
DA:73,6
DA:75,6
DA:76,1
DA:77,1
DA:78,1
DA:79,1
DA:80,1
DA:81,1
DA:82,6
DA:83,6
LF:69
LH:69
BRDA:27,0,0,6
BRDA:28,1,0,2
BRDA:30,2,0,1
BRDA:31,3,0,0
BRDA:31,4,0,1
BRDA:35,5,0,2
BRDA:37,6,0,0
BRDA:38,7,0,0
BRDA:40,8,0,0
BRDA:49,9,0,1
BRDA:52,10,0,0
BRDA:53,11,0,0
BRDA:55,12,0,0
BRDA:65,13,0,1
BRDA:68,14,0,0
BRDA:69,15,0,0
BRDA:71,16,0,0
BRDA:75,17,0,1
BRDA:78,18,0,0
BRDA:79,19,0,0
BRF:20
BRH:8
end_of_record
TN:
SF:src/routes/decor.ts
FN:8,decorRoutes
FNF:1
FNH:1
FNDA:6,decorRoutes
DA:1,1
DA:8,6
DA:10,6
DA:11,1
DA:12,1
DA:13,1
DA:14,6
DA:16,6
DA:17,1
DA:18,1
DA:19,1
DA:20,1
DA:21,1
DA:22,1
DA:23,1
DA:24,1
DA:25,1
DA:26,1
DA:27,1
DA:28,6
DA:30,6
DA:31,1
DA:32,1
DA:33,1
DA:34,1
DA:35,1
DA:36,1
DA:37,1
DA:38,1
DA:39,1
DA:40,1
DA:41,1
DA:42,1
DA:43,6
DA:45,6
DA:46,1
DA:47,1
DA:48,6
DA:51,6
DA:52,1
DA:53,1
DA:54,1
DA:55,6
DA:57,6
DA:58,1
DA:59,1
DA:60,1
DA:61,1
DA:62,1
DA:63,1
DA:64,1
DA:65,1
DA:66,1
DA:67,6
DA:69,6
DA:70,1
DA:71,1
DA:72,6
DA:75,6
DA:76,1
DA:77,1
DA:78,1
DA:79,6
DA:81,6
DA:82,1
DA:83,1
DA:84,1
DA:85,1
DA:86,1
DA:87,1
DA:88,1
DA:89,1
DA:90,1
DA:91,6
DA:93,6
DA:94,1
DA:95,1
DA:96,6
DA:99,6
DA:100,1
DA:101,1
DA:102,1
DA:103,6
DA:105,6
DA:106,1
DA:107,1
DA:108,1
DA:109,1
DA:110,1
DA:111,1
DA:112,1
DA:113,1
DA:114,1
DA:115,1
DA:116,1
DA:117,6
DA:119,6
DA:120,1
DA:121,1
DA:122,6
DA:123,6
LF:101
LH:101
BRDA:8,0,0,6
BRDA:10,1,0,1
BRDA:12,2,0,0
BRDA:16,3,0,1
BRDA:18,4,0,0
BRDA:26,5,0,0
BRDA:30,6,0,1
BRDA:39,7,0,0
BRDA:41,8,0,0
BRDA:45,9,0,1
BRDA:51,10,0,1
BRDA:53,11,0,0
BRDA:57,12,0,1
BRDA:59,13,0,0
BRDA:65,14,0,0
BRDA:69,15,0,1
BRDA:75,16,0,1
BRDA:77,17,0,0
BRDA:81,18,0,1
BRDA:83,19,0,0
BRDA:89,20,0,0
BRDA:93,21,0,1
BRDA:99,22,0,1
BRDA:101,23,0,0
BRDA:105,24,0,1
BRDA:107,25,0,0
BRDA:115,26,0,0
BRDA:119,27,0,1
BRF:28
BRH:14
end_of_record
TN:
SF:src/routes/events.ts
FN:33,eventRoutes
FNF:1
FNH:1
FNDA:6,eventRoutes
DA:1,1
DA:10,1
DA:12,1
DA:13,1
DA:14,1
DA:15,1
DA:16,1
DA:17,1
DA:18,1
DA:19,1
DA:20,1
DA:21,1
DA:23,1
DA:25,1
DA:26,1
DA:27,1
DA:28,1
DA:29,1
DA:30,1
DA:31,1
DA:33,6
DA:35,6
DA:36,0
DA:37,6
DA:39,6
DA:40,1
DA:41,1
DA:42,0
DA:43,0
DA:44,1
DA:45,1
DA:46,1
DA:47,6
DA:49,6
DA:50,1
DA:51,1
DA:52,0
DA:53,0
DA:54,1
DA:55,1
DA:56,1
DA:57,1
DA:58,1
DA:59,1
DA:60,6
DA:63,6
DA:64,3
DA:65,3
DA:66,2
DA:67,2
DA:68,1
DA:73,1
DA:74,0
DA:75,1
DA:76,3
DA:77,3
DA:78,3
DA:79,3
DA:80,3
DA:81,3
DA:82,3
DA:83,3
DA:84,3
DA:85,3
DA:86,6
DA:88,6
DA:89,16
DA:90,16
DA:91,16
DA:92,0
DA:93,0
DA:94,15
DA:95,15
DA:96,15
DA:97,15
DA:98,15
DA:99,15
DA:100,15
DA:101,15
DA:102,15
DA:103,15
DA:104,15
DA:105,15
DA:106,15
DA:107,15
DA:108,15
DA:109,15
DA:110,15
DA:111,6
DA:113,6
DA:114,3
DA:115,3
DA:116,3
DA:117,2
DA:118,3
DA:119,1
DA:120,6
DA:122,6
DA:123,1
DA:124,1
DA:125,1
DA:126,1
DA:127,1
DA:128,1
DA:129,1
DA:132,1
DA:133,1
DA:134,1
DA:135,1
DA:136,1
DA:137,1
DA:138,1
DA:139,1
DA:140,1
DA:141,7
DA:142,7
DA:143,1
DA:144,1
DA:145,1
DA:146,1
DA:147,1
DA:148,1
DA:149,1
DA:150,6
DA:152,6
DA:153,2
DA:154,2
DA:155,2
DA:156,2
DA:157,2
DA:158,1
DA:159,1
DA:160,1
DA:161,1
DA:162,1
DA:163,1
DA:164,1
DA:165,6
DA:168,6
DA:169,1
DA:170,1
DA:171,1
DA:172,1
DA:173,6
DA:175,6
DA:176,1
DA:177,1
DA:178,1
DA:179,1
DA:180,1
DA:181,1
DA:182,1
DA:183,6
DA:185,6
DA:186,1
DA:187,1
DA:188,1
DA:189,6
DA:190,6
LF:159
LH:151
BRDA:33,0,0,6
BRDA:39,1,0,1
BRDA:41,2,0,0
BRDA:45,3,0,0
BRDA:49,4,0,1
BRDA:51,5,0,0
BRDA:54,6,0,0
BRDA:63,7,0,3
BRDA:65,8,0,2
BRDA:67,9,0,1
BRDA:73,10,0,0
BRDA:74,11,0,1
BRDA:81,12,0,0
BRDA:81,13,0,1
BRDA:82,14,0,0
BRDA:82,15,0,1
BRDA:88,16,0,16
BRDA:90,17,0,1
BRDA:90,18,0,15
BRDA:91,19,0,0
BRDA:93,20,0,15
BRDA:113,21,0,3
BRDA:116,22,0,1
BRDA:116,23,0,2
BRDA:118,24,0,1
BRDA:122,25,0,1
BRDA:125,26,0,0
BRDA:127,27,0,0
BRDA:129,28,0,0
BRDA:140,29,0,7
BRDA:141,30,0,1
BRDA:141,31,0,1
BRDA:152,32,0,2
BRDA:155,33,0,0
BRDA:157,34,0,1
BRDA:168,35,0,1
BRDA:171,36,0,0
BRDA:175,37,0,1
BRDA:178,38,0,0
BRDA:180,39,0,0
BRDA:185,40,0,1
BRF:41
BRH:26
end_of_record
TN:
SF:src/routes/guests.ts
FN:48,guestRoutes
FNF:1
FNH:1
FNDA:6,guestRoutes
DA:1,1
DA:9,1
DA:10,1
DA:11,1
DA:12,1
DA:13,1
DA:14,1
DA:15,1
DA:16,1
DA:17,1
DA:18,1
DA:19,1
DA:20,1
DA:21,1
DA:22,1
DA:23,1
DA:24,1
DA:26,1
DA:27,1
DA:28,1
DA:29,1
DA:30,1
DA:31,1
DA:32,1
DA:33,1
DA:34,1
DA:35,1
DA:36,1
DA:38,1
DA:39,1
DA:40,1
DA:41,1
DA:42,1
DA:43,1
DA:44,1
DA:45,1
DA:46,1
DA:48,6
DA:50,6
DA:51,2
DA:52,2
DA:53,2
DA:55,2
DA:56,2
DA:58,2
DA:59,2
DA:60,2
DA:61,2
DA:62,0
DA:63,0
DA:65,2
DA:66,2
DA:67,2
DA:68,2
DA:69,2
DA:70,6
DA:73,6
DA:74,0
DA:75,0
DA:76,0
DA:77,0
DA:78,0
DA:80,0
DA:81,0
DA:82,0
DA:83,0
DA:85,0
DA:86,0
DA:88,0
DA:89,0
DA:90,0
DA:91,0
DA:92,0
DA:93,0
DA:94,0
DA:95,6
DA:97,6
DA:98,4
DA:99,4
DA:100,4
DA:101,4
DA:102,4
DA:103,4
DA:104,4
DA:105,4
DA:106,4
DA:107,4
DA:108,4
DA:109,4
DA:110,4
DA:111,4
DA:112,6
DA:114,6
DA:115,1
DA:116,1
DA:117,1
DA:118,1
DA:119,0
DA:120,0
DA:121,0
DA:122,6
DA:124,6
DA:125,0
DA:126,0
DA:127,0
DA:128,0
DA:129,0
DA:130,0
DA:131,6
DA:133,6
DA:134,0
DA:135,0
DA:136,0
DA:137,0
DA:138,0
DA:139,0
DA:140,6
DA:142,6
DA:143,1
DA:144,1
DA:145,1
DA:146,1
DA:147,1
DA:148,1
DA:149,6
DA:152,6
DA:153,1
DA:154,1
DA:155,1
DA:156,1
DA:157,6
DA:160,6
DA:161,0
DA:162,0
DA:163,0
DA:164,0
DA:165,6
DA:167,6
DA:168,1
DA:169,1
DA:170,1
DA:171,1
DA:172,1
DA:173,1
DA:175,1
DA:176,1
DA:177,1
DA:178,1
DA:179,1
DA:180,1
DA:181,1
DA:182,0
DA:183,0
DA:184,0
DA:186,1
DA:187,1
DA:188,1
DA:189,1
DA:190,1
DA:191,1
DA:192,1
DA:193,1
DA:194,1
DA:195,1
DA:196,1
DA:197,1
DA:198,1
DA:199,1
DA:200,1
DA:201,1
DA:202,1
DA:203,6
DA:206,6
DA:207,1
DA:208,1
DA:209,1
DA:210,1
DA:211,1
DA:212,1
DA:213,1
DA:214,1
DA:215,1
DA:216,1
DA:217,1
DA:218,1
DA:219,1
DA:220,1
DA:221,1
DA:222,1
DA:223,1
DA:224,6
DA:226,6
DA:227,2
DA:228,2
DA:229,2
DA:230,2
DA:231,2
DA:232,2
DA:233,2
DA:234,2
DA:235,2
DA:236,6
DA:238,6
DA:239,3
DA:240,3
DA:241,3
DA:242,3
DA:243,3
DA:245,3
DA:246,3
DA:247,3
DA:248,3
DA:249,3
DA:251,1
DA:252,1
DA:253,1
DA:254,1
DA:255,1
DA:256,1
DA:257,1
DA:258,1
DA:259,1
DA:260,1
DA:261,1
DA:262,1
DA:263,1
DA:264,1
DA:265,1
DA:266,1
DA:267,1
DA:268,1
DA:269,6
DA:270,6
LF:233
LH:191
BRDA:48,0,0,6
BRDA:50,1,0,2
BRDA:53,2,0,0
BRDA:56,3,0,0
BRDA:59,4,0,0
BRDA:61,5,0,0
BRDA:97,6,0,4
BRDA:100,7,0,0
BRDA:102,8,0,0
BRDA:104,9,0,0
BRDA:114,10,0,1
BRDA:117,11,0,0
BRDA:118,12,0,0
BRDA:142,13,0,1
BRDA:145,14,0,0
BRDA:146,15,0,0
BRDA:152,16,0,1
BRDA:155,17,0,0
BRDA:167,18,0,1
BRDA:170,19,0,0
BRDA:171,20,0,0
BRDA:173,21,0,0
BRDA:181,22,0,0
BRDA:206,23,0,1
BRDA:209,24,0,0
BRDA:211,25,0,0
BRDA:220,26,0,0
BRDA:213,27,0,1
BRDA:214,28,0,1
BRDA:226,29,0,2
BRDA:228,30,0,0
BRDA:230,31,0,0
BRDA:231,32,0,0
BRDA:235,33,0,1
BRDA:235,34,0,1
BRDA:238,35,0,3
BRDA:241,36,0,0
BRDA:243,37,0,0
BRDA:247,38,0,1
BRDA:247,39,0,2
BRDA:248,40,0,1
BRDA:249,41,0,1
BRF:42
BRH:18
end_of_record
TN:
SF:src/routes/integrations.ts
FN:40,publicView
FN:46,integrationRoutes
FNF:2
FNH:2
FNDA:7,publicView
FNDA:6,integrationRoutes
DA:1,1
DA:27,1
DA:28,1
DA:29,1
DA:30,1
DA:31,1
DA:32,1
DA:34,1
DA:35,1
DA:36,1
DA:37,1
DA:40,7
DA:41,7
DA:42,7
DA:43,7
DA:44,7
DA:46,6
DA:48,6
DA:49,6
DA:50,6
DA:51,6
DA:52,2
DA:53,2
DA:54,2
DA:55,2
DA:56,1
DA:57,1
DA:58,1
DA:59,1
DA:60,1
DA:61,1
DA:62,1
DA:63,1
DA:64,2
DA:65,2
DA:66,2
DA:67,6
DA:70,6
DA:71,6
DA:72,6
DA:73,6
DA:74,3
DA:75,3
DA:76,1
DA:77,1
DA:78,2
DA:79,2
DA:80,3
DA:81,6
DA:84,6
DA:85,6
DA:86,6
DA:87,6
DA:88,8
DA:89,8
DA:91,8
DA:92,8
DA:93,7
DA:95,7
DA:96,8
DA:97,8
DA:99,0
DA:100,0
DA:103,8
DA:104,8
DA:105,1
DA:106,1
DA:107,8
DA:108,8
DA:109,0
DA:110,0
DA:112,5
DA:113,5
DA:114,5
DA:115,5
DA:116,5
DA:117,5
DA:118,5
DA:119,5
DA:120,5
DA:121,5
DA:124,5
DA:125,5
DA:126,8
DA:128,5
DA:129,5
DA:130,5
DA:131,5
DA:132,5
DA:133,5
DA:134,5
DA:135,5
DA:137,0
DA:138,0
DA:139,0
DA:140,0
DA:141,0
DA:143,0
DA:144,8
DA:145,6
DA:148,6
DA:149,6
DA:150,6
DA:151,6
DA:152,0
DA:153,0
DA:155,0
DA:156,0
DA:158,0
DA:159,0
DA:160,0
DA:161,0
DA:162,0
DA:163,0
DA:164,0
DA:165,0
DA:166,0
DA:167,0
DA:168,0
DA:169,6
DA:172,6
DA:173,6
DA:174,6
DA:175,6
DA:176,2
DA:177,2
DA:178,2
DA:179,2
DA:181,2
DA:182,2
DA:184,1
DA:185,1
DA:186,1
DA:187,1
DA:188,1
DA:189,2
DA:190,0
DA:191,0
DA:192,1
DA:193,2
DA:194,6
DA:197,6
DA:198,6
DA:199,6
DA:200,6
DA:201,2
DA:202,2
DA:203,2
DA:204,2
DA:206,2
DA:207,2
DA:208,2
DA:209,2
DA:210,2
DA:211,2
DA:212,2
DA:213,2
DA:214,2
DA:215,6
DA:218,6
DA:219,6
DA:220,6
DA:221,6
DA:222,0
DA:223,0
DA:224,0
DA:225,0
DA:226,0
DA:227,0
DA:228,0
DA:229,0
DA:230,6
DA:231,6
LF:173
LH:138
BRDA:40,0,0,7
BRDA:41,1,0,0
BRDA:46,2,0,6
BRDA:51,3,0,2
BRDA:55,4,0,1
BRDA:73,5,0,3
BRDA:75,6,0,1
BRDA:77,7,0,2
BRDA:87,8,0,8
BRDA:92,9,0,0
BRDA:92,10,0,7
BRDA:96,11,0,1
BRDA:96,12,0,6
BRDA:97,13,0,0
BRDA:100,14,0,6
BRDA:103,15,0,0
BRDA:104,16,0,1
BRDA:106,17,0,5
BRDA:107,18,0,0
BRDA:108,19,0,0
BRDA:110,20,0,5
BRDA:125,21,0,0
BRDA:126,22,0,5
BRDA:135,23,0,0
BRDA:175,24,0,2
BRDA:178,25,0,0
BRDA:182,26,0,0
BRDA:182,27,0,1
BRDA:189,28,0,0
BRDA:191,29,0,1
BRDA:200,30,0,2
BRDA:203,31,0,0
BRF:32
BRH:20
end_of_record
TN:
SF:src/routes/layouts.ts
FN:24,layoutRoutes
FNF:1
FNH:1
FNDA:6,layoutRoutes
DA:1,1
DA:8,1
DA:9,1
DA:10,1
DA:11,1
DA:12,1
DA:13,1
DA:14,1
DA:15,1
DA:16,1
DA:18,1
DA:19,1
DA:20,1
DA:21,1
DA:22,1
DA:24,6
DA:25,6
DA:26,1
DA:27,1
DA:28,1
DA:29,1
DA:30,1
DA:31,1
DA:32,1
DA:33,1
DA:34,6
DA:36,6
DA:37,3
DA:38,3
DA:39,3
DA:40,3
DA:41,3
DA:42,3
DA:43,3
DA:44,3
DA:45,3
DA:46,3
DA:47,3
DA:48,3
DA:49,3
DA:50,3
DA:51,3
DA:52,3
DA:53,3
DA:54,3
DA:55,3
DA:56,6
DA:58,6
DA:59,0
DA:60,0
DA:61,0
DA:62,0
DA:63,0
DA:64,0
DA:65,6
DA:67,6
DA:68,3
DA:69,3
DA:70,3
DA:71,3
DA:72,3
DA:73,3
DA:74,3
DA:75,3
DA:76,3
DA:77,3
DA:78,3
DA:79,3
DA:80,3
DA:81,3
DA:82,3
DA:83,3
DA:84,1
DA:85,1
DA:86,1
DA:87,1
DA:88,1
DA:89,0
DA:90,0
DA:91,6
DA:93,6
DA:94,1
DA:95,1
DA:96,1
DA:97,1
DA:98,1
DA:99,6
DA:101,6
DA:102,1
DA:103,1
DA:104,1
DA:105,1
DA:106,1
DA:107,1
DA:108,6
DA:109,6
LF:96
LH:88
BRDA:24,0,0,6
BRDA:25,1,0,1
BRDA:28,2,0,0
BRDA:31,3,0,0
BRDA:36,4,0,3
BRDA:38,5,0,0
BRDA:39,6,0,0
BRDA:67,7,0,3
BRDA:70,8,0,0
BRDA:71,9,0,0
BRDA:73,10,0,0
BRDA:83,11,0,1
BRDA:88,12,0,0
BRDA:93,13,0,1
BRDA:96,14,0,0
BRDA:97,15,0,0
BRDA:101,16,0,1
BRDA:104,17,0,0
BRDA:105,18,0,0
BRF:19
BRH:7
end_of_record
TN:
SF:src/routes/messages.ts
FN:8,messageRoutes
FNF:1
FNH:1
FNDA:6,messageRoutes
DA:1,1
DA:8,6
DA:9,6
DA:10,1
DA:13,1
DA:14,1
DA:15,1
DA:16,1
DA:17,6
DA:19,6
DA:20,1
DA:21,1
DA:22,1
DA:23,1
DA:24,1
DA:25,1
DA:26,1
DA:27,1
DA:28,1
DA:29,1
DA:30,1
DA:31,1
DA:32,1
DA:33,1
DA:34,6
DA:36,6
DA:37,1
DA:38,1
DA:39,1
DA:40,6
DA:41,6
LF:31
LH:31
BRDA:8,0,0,6
BRDA:9,1,0,1
BRDA:19,2,0,1
BRDA:25,3,0,0
BRDA:36,4,0,1
BRF:5
BRH:4
end_of_record
TN:
SF:src/routes/platformConfig.ts
FN:36,validateSize
FN:43,platformConfigRoutes
FNF:2
FNH:2
FNDA:7,validateSize
FNDA:6,platformConfigRoutes
DA:1,1
DA:32,1
DA:34,1
DA:36,7
DA:37,7
DA:38,7
DA:39,1
DA:40,1
DA:41,7
DA:43,6
DA:45,6
DA:46,3
DA:47,3
DA:48,1
DA:49,1
DA:50,2
DA:51,3
DA:52,2
DA:53,3
DA:54,6
DA:56,6
DA:57,5
DA:59,5
DA:61,5
DA:62,5
DA:63,3
DA:65,3
DA:66,5
DA:68,2
DA:69,2
DA:70,2
DA:72,2
DA:73,2
DA:74,2
DA:75,2
DA:76,2
DA:78,2
DA:79,6
DA:82,6
DA:83,2
DA:84,2
DA:85,2
DA:86,1
DA:87,2
DA:88,1
DA:89,2
DA:90,6
DA:92,6
DA:93,2
DA:94,2
DA:95,2
DA:97,2
DA:99,2
DA:100,2
DA:101,1
DA:103,1
DA:104,1
DA:105,1
DA:107,1
DA:108,1
DA:109,1
DA:110,1
DA:111,1
DA:113,1
DA:114,6
DA:117,6
DA:118,3
DA:119,3
DA:120,3
DA:121,3
DA:122,6
DA:124,6
DA:125,3
DA:126,3
DA:127,3
DA:129,3
DA:130,3
DA:131,3
DA:132,3
DA:134,3
DA:135,3
DA:137,3
DA:138,6
DA:139,6
LF:84
LH:84
BRDA:36,0,0,7
BRDA:38,1,0,1
BRDA:43,2,0,6
BRDA:45,3,0,3
BRDA:47,4,0,1
BRDA:49,5,0,2
BRDA:51,6,0,0
BRDA:51,7,0,2
BRDA:53,8,0,1
BRDA:56,9,0,5
BRDA:62,10,0,0
BRDA:62,11,0,3
BRDA:66,12,0,0
BRDA:66,13,0,2
BRDA:82,14,0,2
BRDA:85,15,0,1
BRDA:87,16,0,0
BRDA:87,17,0,1
BRDA:89,18,0,0
BRDA:92,19,0,2
BRDA:95,20,0,0
BRDA:100,21,0,0
BRDA:100,22,0,1
BRDA:117,23,0,3
BRDA:120,24,0,0
BRDA:121,25,0,0
BRDA:124,26,0,3
BRDA:126,27,0,0
BRDA:131,28,0,0
BRF:29
BRH:18
end_of_record
TN:
SF:src/routes/questions.ts
FN:18,questionRoutes
FNF:1
FNH:1
FNDA:6,questionRoutes
DA:1,1
DA:8,1
DA:9,1
DA:10,1
DA:11,1
DA:12,1
DA:13,1
DA:14,1
DA:15,1
DA:16,1
DA:18,6
DA:19,6
DA:20,0
DA:21,0
DA:22,0
DA:23,6
DA:25,6
DA:26,1
DA:27,1
DA:28,1
DA:29,1
DA:30,1
DA:31,6
DA:33,6
DA:34,1
DA:35,1
DA:36,1
DA:37,1
DA:38,1
DA:39,1
DA:40,6
DA:42,6
DA:43,1
DA:44,1
DA:45,6
DA:48,6
DA:49,1
DA:50,1
DA:51,1
DA:52,1
DA:53,6
DA:55,6
DA:56,1
DA:57,1
DA:58,1
DA:59,1
DA:60,1
DA:61,1
DA:62,1
DA:63,1
DA:64,1
DA:65,1
DA:66,6
DA:67,6
LF:54
LH:51
BRDA:18,0,0,6
BRDA:25,1,0,1
BRDA:27,2,0,0
BRDA:29,3,0,0
BRDA:33,4,0,1
BRDA:36,5,0,0
BRDA:38,6,0,0
BRDA:42,7,0,1
BRDA:48,8,0,1
BRDA:51,9,0,0
BRDA:55,10,0,1
BRDA:58,11,0,0
BRDA:60,12,0,0
BRF:13
BRH:6
end_of_record
TN:
SF:src/routes/roles.ts
FN:54,validatePermissions
FN:62,roleRoutes
FNF:2
FNH:2
FNDA:8,validatePermissions
FNDA:6,roleRoutes
DA:1,1
DA:25,1
DA:27,1
DA:28,1
DA:29,1
DA:30,1
DA:31,1
DA:32,1
DA:33,1
DA:35,1
DA:36,1
DA:38,1
DA:39,1
DA:40,1
DA:41,1
DA:42,1
DA:43,1
DA:45,1
DA:46,1
DA:47,1
DA:48,1
DA:50,1
DA:51,1
DA:52,1
DA:54,8
DA:55,8
DA:56,8
DA:57,1
DA:58,1
DA:59,7
DA:60,7
DA:62,6
DA:65,6
DA:66,6
DA:67,6
DA:68,6
DA:69,2
DA:70,2
DA:71,2
DA:72,2
DA:73,6
DA:76,6
DA:77,6
DA:78,6
DA:79,6
DA:80,1
DA:81,1
DA:82,1
DA:83,1
DA:84,6
DA:87,6
DA:88,6
DA:89,6
DA:90,6
DA:91,9
DA:92,9
DA:94,9
DA:95,9
DA:99,7
DA:100,9
DA:101,1
DA:102,1
DA:104,1
DA:105,0
DA:106,0
DA:107,1
DA:108,1
DA:110,7
DA:111,7
DA:112,7
DA:113,7
DA:114,7
DA:115,7
DA:116,7
DA:117,7
DA:118,7
DA:120,7
DA:121,7
DA:122,7
DA:123,7
DA:124,7
DA:125,7
DA:127,7
DA:128,9
DA:129,6
DA:132,6
DA:133,6
DA:134,6
DA:135,6
DA:136,2
DA:137,2
DA:138,2
DA:139,2
DA:141,1
DA:142,1
DA:143,1
DA:145,1
DA:146,2
DA:148,1
DA:149,1
DA:150,2
DA:151,2
DA:153,2
DA:154,2
DA:155,2
DA:156,2
DA:157,2
DA:159,2
DA:160,2
DA:161,6
DA:164,6
DA:165,6
DA:166,6
DA:167,6
DA:168,2
DA:169,2
DA:170,2
DA:171,2
DA:172,1
DA:174,1
DA:176,1
DA:177,1
DA:178,1
DA:179,1
DA:180,1
DA:182,1
DA:183,2
DA:184,6
DA:187,6
DA:188,6
DA:189,6
DA:190,6
DA:191,2
DA:192,2
DA:193,2
DA:194,2
DA:195,6
DA:197,6
DA:198,6
DA:199,6
DA:200,6
DA:201,9
DA:202,9
DA:204,9
DA:205,9
DA:207,9
DA:208,9
DA:211,9
DA:212,9
DA:213,9
DA:214,0
DA:215,0
DA:217,9
DA:218,9
DA:219,9
DA:220,9
DA:221,9
DA:222,0
DA:223,0
DA:224,0
DA:225,0
DA:226,0
DA:228,9
DA:229,9
DA:230,9
DA:231,9
DA:232,9
DA:233,9
DA:235,9
DA:236,9
DA:237,6
DA:239,6
DA:240,6
DA:241,6
DA:242,6
DA:243,1
DA:244,1
DA:245,1
DA:246,1
DA:248,1
DA:249,1
DA:250,1
DA:252,1
DA:253,1
DA:255,1
DA:256,1
DA:257,1
DA:258,1
DA:259,1
DA:260,1
DA:262,1
DA:263,1
DA:264,6
DA:266,6
DA:267,6
DA:268,6
DA:269,6
DA:270,1
DA:271,1
DA:273,1
DA:274,1
DA:275,0
DA:276,0
DA:278,0
DA:279,0
DA:280,0
DA:281,0
DA:282,0
DA:283,0
DA:284,1
DA:285,6
DA:286,6
LF:212
LH:195
BRDA:54,0,0,8
BRDA:56,1,0,1
BRDA:58,2,0,7
BRDA:55,3,0,40
BRDA:62,4,0,6
BRDA:68,5,0,2
BRDA:79,6,0,1
BRDA:90,7,0,9
BRDA:95,8,0,1
BRDA:95,9,0,7
BRDA:100,10,0,1
BRDA:102,11,0,0
BRDA:104,12,0,0
BRDA:104,13,0,0
BRDA:108,14,0,7
BRDA:135,15,0,2
BRDA:138,16,0,0
BRDA:139,17,0,1
BRDA:146,18,0,0
BRDA:146,19,0,1
BRDA:150,20,0,0
BRDA:167,21,0,2
BRDA:170,22,0,0
BRDA:171,23,0,1
BRDA:190,24,0,2
BRDA:200,25,0,9
BRDA:205,26,0,0
BRDA:208,27,0,0
BRDA:212,28,0,0
BRDA:213,29,0,2
BRDA:213,30,0,0
BRDA:221,31,0,0
BRDA:242,32,0,1
BRDA:246,33,0,0
BRDA:249,34,0,0
BRDA:250,35,0,0
BRDA:250,36,0,0
BRDA:253,37,0,0
BRDA:269,38,0,1
BRDA:274,39,0,0
BRF:40
BRH:22
end_of_record
TN:
SF:src/routes/staff.ts
FN:47,staffRoutes
FNF:1
FNH:1
FNDA:6,staffRoutes
DA:1,1
DA:10,1
DA:11,1
DA:12,1
DA:13,1
DA:14,1
DA:15,1
DA:16,1
DA:17,1
DA:18,1
DA:19,1
DA:20,1
DA:21,1
DA:22,1
DA:23,1
DA:24,1
DA:25,1
DA:26,1
DA:28,1
DA:29,1
DA:30,1
DA:31,1
DA:32,1
DA:33,1
DA:34,1
DA:35,1
DA:37,1
DA:38,1
DA:39,1
DA:40,1
DA:41,1
DA:42,1
DA:43,1
DA:44,1
DA:45,1
DA:47,6
DA:49,6
DA:50,2
DA:51,2
DA:52,2
DA:53,2
DA:54,2
DA:55,2
DA:56,6
DA:58,6
DA:59,1
DA:60,1
DA:61,1
DA:62,1
DA:63,1
DA:64,1
DA:65,1
DA:66,6
DA:68,6
DA:69,1
DA:70,1
DA:71,1
DA:72,1
DA:73,1
DA:74,1
DA:75,1
DA:76,6
DA:78,6
DA:79,0
DA:80,0
DA:81,0
DA:82,0
DA:83,0
DA:84,0
DA:85,6
DA:88,6
DA:89,1
DA:90,1
DA:91,1
DA:92,6
DA:94,6
DA:95,1
DA:96,1
DA:97,1
DA:98,1
DA:99,1
DA:100,6
DA:102,6
DA:103,1
DA:104,1
DA:105,6
DA:108,6
DA:109,1
DA:110,1
DA:111,1
DA:112,1
DA:113,6
DA:115,6
DA:116,1
DA:117,1
DA:118,1
DA:119,1
DA:120,1
DA:121,6
DA:123,6
DA:124,1
DA:125,1
DA:126,6
DA:127,6
LF:104
LH:98
BRDA:47,0,0,6
BRDA:49,1,0,2
BRDA:52,2,0,0
BRDA:54,3,0,1
BRDA:54,4,0,1
BRDA:58,5,0,1
BRDA:60,6,0,0
BRDA:62,7,0,0
BRDA:68,8,0,1
BRDA:71,9,0,0
BRDA:72,10,0,0
BRDA:74,11,0,0
BRDA:88,12,0,1
BRDA:90,13,0,0
BRDA:94,14,0,1
BRDA:96,15,0,0
BRDA:98,16,0,0
BRDA:102,17,0,1
BRDA:108,18,0,1
BRDA:111,19,0,0
BRDA:115,20,0,1
BRDA:117,21,0,0
BRDA:119,22,0,0
BRDA:123,23,0,1
BRF:24
BRH:12
end_of_record
TN:
SF:src/routes/timeline.ts
FN:21,timelineRoutes
FNF:1
FNH:1
FNDA:6,timelineRoutes
DA:1,1
DA:8,1
DA:9,1
DA:10,1
DA:11,1
DA:12,1
DA:13,1
DA:14,1
DA:15,1
DA:16,1
DA:17,1
DA:18,1
DA:19,1
DA:21,6
DA:22,6
DA:23,0
DA:24,0
DA:25,0
DA:26,0
DA:27,6
DA:29,6
DA:30,1
DA:31,1
DA:32,1
DA:33,1
DA:34,1
DA:35,1
DA:36,1
DA:37,6
DA:39,6
DA:40,1
DA:41,1
DA:42,1
DA:43,1
DA:44,1
DA:45,1
DA:46,1
DA:47,6
DA:49,6
DA:50,0
DA:51,0
DA:52,0
DA:53,0
DA:54,0
DA:55,0
DA:56,6
DA:57,6
LF:47
LH:37
BRDA:21,0,0,6
BRDA:29,1,0,1
BRDA:32,2,0,0
BRDA:33,3,0,0
BRDA:35,4,0,0
BRDA:39,5,0,1
BRDA:42,6,0,0
BRDA:43,7,0,0
BRDA:45,8,0,0
BRF:9
BRH:3
end_of_record
TN:
SF:src/routes/vendors.ts
FN:29,vendorRoutes
FNF:1
FNH:1
FNDA:6,vendorRoutes
DA:1,1
DA:8,1
DA:9,1
DA:10,1
DA:11,1
DA:12,1
DA:13,1
DA:14,1
DA:15,1
DA:16,1
DA:17,1
DA:18,1
DA:19,1
DA:20,1
DA:22,1
DA:23,1
DA:24,1
DA:25,1
DA:26,1
DA:27,1
DA:29,6
DA:31,6
DA:32,0
DA:33,0
DA:34,0
DA:37,0
DA:38,0
DA:40,0
DA:41,0
DA:42,0
DA:43,0
DA:44,0
DA:46,0
DA:47,0
DA:48,0
DA:49,0
DA:50,0
DA:51,6
DA:53,6
DA:54,2
DA:55,2
DA:56,2
DA:57,1
DA:58,6
DA:60,6
DA:61,1
DA:62,1
DA:63,1
DA:64,1
DA:65,1
DA:66,1
DA:67,1
DA:68,1
DA:69,1
DA:70,1
DA:71,6
DA:73,6
DA:74,0
DA:75,0
DA:76,0
DA:77,0
DA:78,0
DA:79,0
DA:80,0
DA:81,6
DA:83,6
DA:84,0
DA:85,0
DA:86,0
DA:87,0
DA:88,0
DA:89,0
DA:90,6
DA:93,6
DA:94,1
DA:95,1
DA:96,1
DA:97,1
DA:98,1
DA:99,6
DA:101,6
DA:102,1
DA:103,1
DA:104,1
DA:105,1
DA:106,1
DA:107,1
DA:108,1
DA:109,6
DA:111,6
DA:112,0
DA:113,0
DA:114,0
DA:115,0
DA:117,0
DA:118,0
DA:120,0
DA:121,0
DA:122,0
DA:123,0
DA:125,0
DA:126,0
DA:127,0
DA:128,0
DA:129,0
DA:131,0
DA:132,0
DA:133,6
DA:134,6
LF:109
LH:64
BRDA:29,0,0,6
BRDA:53,1,0,2
BRDA:56,2,0,1
BRDA:60,3,0,1
BRDA:62,4,0,0
BRDA:64,5,0,0
BRDA:93,6,0,1
BRDA:96,7,0,0
BRDA:97,8,0,0
BRDA:101,9,0,1
BRDA:104,10,0,0
BRDA:105,11,0,0
BRDA:107,12,0,0
BRF:13
BRH:6
end_of_record
TN:
SF:src/routes/venues.ts
FN:24,venueRoutes
FNF:1
FNH:1
FNDA:6,venueRoutes
DA:1,1
DA:8,1
DA:9,1
DA:10,1
DA:11,1
DA:12,1
DA:13,1
DA:14,1
DA:15,1
DA:16,1
DA:17,1
DA:18,1
DA:19,1
DA:20,1
DA:21,1
DA:22,1
DA:24,6
DA:25,6
DA:26,2
DA:27,2
DA:28,1
DA:29,6
DA:31,6
DA:32,1
DA:33,1
DA:34,1
DA:35,1
DA:36,1
DA:37,1
DA:38,1
DA:39,1
DA:40,1
DA:41,1
DA:42,6
DA:44,6
DA:45,1
DA:46,1
DA:47,1
DA:48,1
DA:49,1
DA:50,1
DA:51,1
DA:52,6
DA:54,6
DA:55,1
DA:56,1
DA:57,1
DA:58,1
DA:59,1
DA:60,1
DA:61,6
DA:62,6
LF:52
LH:52
BRDA:24,0,0,6
BRDA:25,1,0,2
BRDA:27,2,0,1
BRDA:31,3,0,1
BRDA:33,4,0,0
BRDA:35,5,0,0
BRDA:44,6,0,1
BRDA:47,7,0,0
BRDA:48,8,0,0
BRDA:50,9,0,0
BRDA:54,10,0,1
BRDA:57,11,0,0
BRDA:58,12,0,0
BRF:13
BRH:6
end_of_record
TN:
SF:src/test/factories.ts
FN:11,uniqueEmail
FN:13,makeUser
FN:26,makeOrg
FN:31,makeEvent
FN:40,makeGuest
FN:48,addUserToOrgAs
FN:60,signTokenForUser
FN:64,id6
FNF:8
FNH:6
FNDA:21,uniqueEmail
FNDA:22,makeUser
FNDA:19,makeOrg
FNDA:12,makeEvent
FNDA:2,makeGuest
FNDA:0,addUserToOrgAs
FNDA:0,signTokenForUser
FNDA:19,id6
DA:1,1
DA:10,1
DA:11,1
DA:13,1
DA:14,22
DA:15,22
DA:16,22
DA:17,22
DA:18,22
DA:19,22
DA:20,22
DA:21,22
DA:22,22
DA:23,22
DA:24,22
DA:26,1
DA:27,19
DA:28,19
DA:29,19
DA:31,1
DA:32,12
DA:33,12
DA:34,12
DA:35,12
DA:36,12
DA:37,12
DA:38,12
DA:40,1
DA:41,2
DA:42,2
DA:48,1
DA:49,0
DA:50,0
DA:51,0
DA:52,0
DA:53,0
DA:54,0
DA:55,0
DA:56,0
DA:57,0
DA:58,0
DA:60,1
DA:61,0
DA:62,0
DA:64,19
LF:45
LH:33
BRDA:11,0,0,21
BRDA:13,1,0,22
BRDA:14,2,0,21
BRDA:26,3,0,19
BRDA:31,4,0,12
BRDA:40,5,0,2
BRDA:64,6,0,19
BRF:7
BRH:7
end_of_record
TN:
SF:src/test/setup.ts
FNF:0
FNH:0
DA:1,1
DA:6,1
DA:7,1
DA:10,1
DA:11,1
DA:13,1
DA:14,10
DA:16,10
DA:17,10
DA:18,10
DA:20,1
DA:22,10
DA:23,10
DA:24,10
DA:25,10
DA:26,10
LF:16
LH:16
BRDA:13,0,0,10
BRDA:20,1,0,10
BRDA:25,2,0,0
BRF:3
BRH:2
end_of_record
