TN:
SF:src/components/ControlPanel.tsx
FN:47,ControlPanel
FN:57,runHealthCheck
FN:109,onClick
FN:110,onClick
FN:111,onClick
FN:140,onClick
FN:182,onClick
FN:187,onClick
FNF:8
FNH:2
FNDA:11,ControlPanel
FNDA:0,runHealthCheck
FNDA:0,onClick
FNDA:0,onClick
FNDA:0,onClick
FNDA:1,onClick
FNDA:0,onClick
FNDA:0,onClick
DA:1,1
DA:24,1
DA:25,1
DA:26,1
DA:27,1
DA:28,1
DA:29,1
DA:30,1
DA:31,1
DA:32,1
DA:33,1
DA:34,1
DA:35,1
DA:36,1
DA:37,1
DA:38,1
DA:39,1
DA:41,1
DA:42,1
DA:43,1
DA:44,1
DA:45,1
DA:47,1
DA:48,11
DA:49,11
DA:50,11
DA:52,11
DA:53,10
DA:54,10
DA:55,11
DA:57,11
DA:58,0
DA:59,0
DA:61,0
DA:62,0
DA:63,0
DA:64,0
DA:65,0
DA:66,0
DA:67,0
DA:69,11
DA:70,11
DA:71,11
DA:72,11
DA:76,11
DA:79,11
DA:80,11
DA:81,11
DA:82,11
DA:83,11
DA:84,11
DA:85,11
DA:86,11
DA:87,11
DA:89,11
DA:90,11
DA:91,11
DA:92,11
DA:93,0
DA:95,11
DA:96,11
DA:99,11
DA:100,11
DA:101,11
DA:103,11
DA:104,11
DA:106,11
DA:108,11
DA:109,11
DA:110,11
DA:111,11
DA:112,11
DA:113,11
DA:115,11
DA:116,11
DA:117,11
DA:118,11
DA:119,11
DA:120,11
DA:121,11
DA:122,11
DA:123,11
DA:124,11
DA:125,165
DA:126,165
DA:127,165
DA:128,165
DA:129,165
DA:130,165
DA:131,165
DA:132,165
DA:133,165
DA:134,165
DA:135,165
DA:136,165
DA:137,165
DA:138,495
DA:139,495
DA:140,495
DA:141,495
DA:142,495
DA:143,495
DA:144,495
DA:145,495
DA:146,495
DA:147,495
DA:148,165
DA:149,165
DA:150,165
DA:151,165
DA:153,11
DA:154,11
DA:155,11
DA:156,11
DA:159,11
DA:160,11
DA:161,11
DA:162,9
DA:164,9
DA:166,2
DA:167,2
DA:168,2
DA:169,2
DA:170,2
DA:171,2
DA:172,2
DA:173,2
DA:174,2
DA:175,2
DA:176,2
DA:177,2
DA:179,11
DA:180,11
DA:181,11
DA:182,11
DA:183,11
DA:184,11
DA:185,11
DA:186,11
DA:187,11
DA:188,0
DA:189,0
DA:190,11
DA:191,11
DA:192,11
DA:193,11
DA:196,11
DA:197,0
DA:198,0
DA:199,0
DA:200,0
DA:201,0
DA:202,0
DA:203,0
DA:204,0
DA:205,0
DA:206,0
DA:207,0
DA:208,0
DA:209,0
DA:210,0
DA:211,0
DA:215,11
DA:216,11
DA:217,11
DA:218,11
DA:220,11
DA:222,0
DA:223,0
DA:224,0
DA:225,0
DA:226,0
DA:227,0
DA:228,0
DA:229,0
DA:230,0
DA:231,0
DA:232,0
DA:233,0
DA:234,0
DA:235,0
DA:236,0
DA:237,0
DA:238,0
DA:239,0
DA:240,0
DA:241,0
DA:242,0
DA:243,0
DA:244,0
DA:245,0
DA:246,0
DA:247,0
DA:249,11
DA:250,11
DA:252,11
LF:196
LH:143
BRDA:47,0,0,11
BRDA:85,1,0,0
BRDA:86,2,0,0
BRDA:89,3,0,0
BRDA:92,4,0,0
BRDA:161,5,0,9
BRDA:164,6,0,2
BRDA:168,7,0,0
BRDA:196,8,0,0
BRDA:220,9,0,0
BRDA:52,10,0,10
BRDA:124,11,0,165
BRDA:137,12,0,495
BRDA:144,13,0,165
BRDA:144,14,0,330
BRDA:145,15,0,165
BRDA:145,16,0,330
BRDA:140,17,0,1
BRDA:171,18,0,2
BRF:19
BRH:12
end_of_record
TN:
SF:src/config/ConfigProvider.tsx
FN:51,ConfigProvider
FN:86,mergePartial
FN:106,usePlatformConfig
FN:112,useTheme
FN:116,useBranding
FN:120,useFeatureEnabled
FN:129,useWidgetSlot
FN:138,useNavItems
FNF:8
FNH:8
FNDA:28,ConfigProvider
FNDA:28,mergePartial
FNDA:81,usePlatformConfig
FNDA:15,useTheme
FNDA:10,useBranding
FNDA:10,useFeatureEnabled
FNDA:15,useWidgetSlot
FNDA:10,useNavItems
DA:1,1
DA:39,1
DA:51,1
DA:52,28
DA:53,28
DA:54,28
DA:56,28
DA:60,28
DA:61,28
DA:62,28
DA:63,28
DA:64,28
DA:65,28
DA:67,28
DA:68,11
DA:69,28
DA:71,28
DA:72,28
DA:73,28
DA:74,28
DA:75,28
DA:77,28
DA:78,28
DA:80,0
DA:83,28
DA:84,28
DA:86,28
DA:87,28
DA:88,28
DA:89,28
DA:90,28
DA:91,3
DA:92,28
DA:93,28
DA:94,28
DA:95,0
DA:96,0
DA:97,0
DA:98,0
DA:99,0
DA:100,3
DA:101,28
DA:102,28
DA:103,28
DA:106,1
DA:107,81
DA:108,81
DA:109,76
DA:110,76
DA:112,1
DA:113,15
DA:114,15
DA:116,1
DA:117,10
DA:118,10
DA:120,1
DA:121,10
DA:122,10
DA:123,10
DA:129,1
DA:130,15
DA:131,15
DA:132,15
DA:133,14
DA:134,14
DA:135,14
DA:136,14
DA:138,1
DA:139,10
DA:140,10
LF:70
LH:64
BRDA:51,0,0,28
BRDA:78,1,0,0
BRDA:56,2,0,28
BRDA:63,3,0,25
BRDA:67,4,0,11
BRDA:71,5,0,28
BRDA:86,6,0,28
BRDA:90,7,0,25
BRDA:90,8,0,17
BRDA:90,9,0,3
BRDA:92,10,0,0
BRDA:92,11,0,3
BRDA:92,12,0,3
BRDA:92,13,0,0
BRDA:93,14,0,0
BRDA:93,15,0,3
BRDA:93,16,0,3
BRDA:93,17,0,3
BRDA:94,18,0,0
BRDA:94,19,0,3
BRDA:94,20,0,0
BRDA:99,21,0,3
BRDA:101,22,0,0
BRDA:101,23,0,3
BRDA:101,24,0,3
BRDA:101,25,0,3
BRDA:106,26,0,81
BRDA:108,27,0,4
BRDA:108,28,0,76
BRDA:112,29,0,15
BRDA:116,30,0,10
BRDA:120,31,0,10
BRDA:129,32,0,15
BRDA:132,33,0,1
BRDA:132,34,0,14
BRDA:134,35,0,45
BRDA:135,36,0,45
BRDA:138,37,0,10
BRF:38
BRH:31
end_of_record
TN:
SF:src/config/ThemeProvider.tsx
FN:19,applyTheme
FN:20,setVar
FN:65,ThemeProvider
FNF:3
FNH:3
FNDA:28,applyTheme
FNDA:504,setVar
FNDA:28,ThemeProvider
DA:1,1
DA:19,1
DA:20,28
DA:23,28
DA:24,28
DA:25,28
DA:26,28
DA:27,28
DA:28,28
DA:29,28
DA:30,28
DA:31,28
DA:32,28
DA:33,28
DA:36,28
DA:37,28
DA:38,28
DA:39,28
DA:42,28
DA:43,28
DA:46,28
DA:47,28
DA:51,28
DA:52,28
DA:56,28
DA:57,28
DA:58,28
DA:59,28
DA:65,1
DA:66,28
DA:67,28
DA:68,28
DA:69,28
DA:70,28
LF:34
LH:34
BRDA:19,0,0,28
BRDA:51,1,0,0
BRDA:52,2,0,0
BRDA:20,3,0,504
BRDA:65,4,0,28
BRDA:66,5,0,28
BRF:6
BRH:4
end_of_record
TN:
SF:src/config/defaults.ts
FNF:0
FNH:0
DA:10,1
DA:11,1
DA:12,1
DA:13,1
DA:14,1
DA:15,1
DA:16,1
DA:17,1
DA:18,1
DA:19,1
DA:20,1
DA:21,1
DA:22,1
DA:24,1
DA:25,1
DA:26,1
DA:28,1
DA:29,1
DA:30,1
DA:31,1
DA:32,1
DA:35,1
DA:36,1
DA:37,1
DA:38,1
DA:39,1
DA:40,1
DA:41,1
DA:42,1
DA:43,1
DA:44,1
DA:45,1
DA:46,1
DA:47,1
DA:48,1
DA:49,1
DA:50,1
DA:51,1
DA:52,1
DA:53,1
DA:54,1
DA:55,1
DA:56,1
DA:57,1
DA:58,1
DA:60,1
DA:61,1
DA:62,1
DA:63,1
DA:64,1
DA:65,1
DA:66,1
DA:67,1
DA:68,1
DA:69,1
DA:70,1
DA:71,1
DA:72,1
DA:73,1
DA:74,1
DA:75,1
DA:76,1
DA:78,1
DA:79,1
DA:80,1
DA:81,1
DA:82,1
DA:83,1
DA:84,1
DA:85,1
LF:70
LH:70
BRF:0
BRH:0
end_of_record
TN:
SF:src/config/presets.ts
FN:132,getPreset
FNF:1
FNH:0
FNDA:0,getPreset
DA:22,1
DA:24,1
DA:25,1
DA:26,1
DA:27,1
DA:28,1
DA:29,1
DA:30,1
DA:31,1
DA:32,1
DA:33,1
DA:34,1
DA:35,1
DA:36,1
DA:37,1
DA:38,1
DA:39,1
DA:42,1
DA:43,1
DA:44,1
DA:45,1
DA:46,1
DA:47,1
DA:48,1
DA:49,1
DA:50,1
DA:51,1
DA:52,1
DA:53,1
DA:54,1
DA:55,1
DA:56,1
DA:57,1
DA:60,1
DA:61,1
DA:62,1
DA:63,1
DA:64,1
DA:65,1
DA:66,1
DA:67,1
DA:68,1
DA:69,1
DA:70,1
DA:71,1
DA:72,1
DA:73,1
DA:74,1
DA:75,1
DA:78,1
DA:79,1
DA:80,1
DA:81,1
DA:82,1
DA:83,1
DA:84,1
DA:85,1
DA:86,1
DA:87,1
DA:88,1
DA:89,1
DA:90,1
DA:91,1
DA:92,1
DA:93,1
DA:96,1
DA:97,1
DA:98,1
DA:99,1
DA:100,1
DA:101,1
DA:102,1
DA:103,1
DA:104,1
DA:105,1
DA:106,1
DA:107,1
DA:108,1
DA:109,1
DA:110,1
DA:111,1
DA:114,1
DA:115,1
DA:116,1
DA:117,1
DA:118,1
DA:119,1
DA:120,1
DA:121,1
DA:122,1
DA:123,1
DA:124,1
DA:125,1
DA:126,1
DA:127,1
DA:128,1
DA:129,1
DA:130,1
DA:132,1
DA:133,0
DA:134,0
LF:101
LH:99
BRF:0
BRH:0
end_of_record
TN:
SF:src/config/resolveConfig.ts
FN:25,resolveConfig
FNF:1
FNH:1
FNDA:37,resolveConfig
DA:1,1
DA:25,1
DA:26,37
DA:28,37
DA:29,111
DA:30,74
DA:31,74
DA:32,93
DA:33,4
DA:34,4
DA:35,0
DA:36,0
DA:37,4
DA:38,3
DA:39,3
DA:40,4
DA:41,62
DA:43,8
DA:44,5
DA:45,5
DA:46,8
DA:47,111
DA:49,37
DA:50,37
LF:24
LH:22
BRDA:25,0,0,37
BRDA:28,1,0,111
BRDA:29,2,0,87
BRDA:29,3,0,93
BRDA:29,4,0,74
BRDA:29,5,0,24
BRDA:30,6,0,14
BRDA:30,7,0,24
BRDA:31,8,0,4
BRDA:31,9,0,24
BRDA:32,10,0,4
BRDA:33,11,0,1
BRDA:34,12,0,0
BRDA:37,13,0,3
BRDA:40,14,0,62
BRDA:40,15,0,24
BRDA:41,16,0,8
BRDA:43,17,0,5
BRF:18
BRH:17
end_of_record
TN:
SF:src/config/schema.ts
FNF:0
FNH:0
DA:1,1
DA:21,1
DA:23,1
DA:25,1
DA:26,1
DA:27,1
DA:28,1
DA:29,1
DA:32,1
DA:33,1
DA:34,1
DA:35,1
DA:36,1
DA:37,1
DA:40,1
DA:41,1
DA:42,1
DA:45,1
DA:48,1
DA:51,1
DA:54,1
DA:55,1
DA:68,1
DA:69,1
DA:70,1
DA:71,1
DA:72,1
DA:73,1
DA:74,1
DA:77,1
DA:81,1
DA:83,1
DA:84,1
DA:85,1
DA:86,1
DA:87,1
DA:89,1
DA:91,1
DA:92,1
DA:96,1
DA:97,1
DA:98,1
DA:99,1
DA:100,1
DA:102,1
DA:103,1
DA:107,1
DA:108,1
DA:109,1
DA:110,1
DA:111,1
DA:112,1
DA:117,1
LF:53
LH:53
BRF:0
BRH:0
end_of_record
TN:
SF:src/config/widgets/WidgetSlot.tsx
FN:30,WidgetSlot
FNF:1
FNH:1
FNDA:5,WidgetSlot
DA:1,1
DA:14,1
DA:15,1
DA:16,1
DA:17,1
DA:18,1
DA:19,1
DA:30,1
DA:31,5
DA:32,5
DA:34,4
DA:35,4
DA:36,4
DA:37,8
DA:38,8
DA:39,1
DA:40,1
DA:41,1
DA:42,1
DA:43,1
DA:44,7
DA:45,7
DA:46,7
DA:47,7
DA:48,7
DA:50,4
DA:51,4
DA:53,4
LF:28
LH:28
BRDA:30,0,0,5
BRDA:32,1,0,1
BRDA:32,2,0,4
BRDA:36,3,0,8
BRDA:38,4,0,1
BRDA:43,5,0,7
BRF:6
BRH:6
end_of_record
TN:
SF:src/config/widgets/registry.tsx
FN:53,Component
FN:71,Component
FN:89,Component
FN:106,Component
FN:124,Component
FN:134,Component
FN:151,Component
FN:181,Component
FN:206,Component
FN:221,Component
FN:236,getWidget
FN:241,widgetsForSlot
FNF:12
FNH:5
FNDA:2,Component
FNDA:1,Component
FNDA:1,Component
FNDA:3,Component
FNDA:0,Component
FNDA:0,Component
FNDA:0,Component
FNDA:0,Component
FNDA:0,Component
FNDA:0,Component
FNDA:8,getWidget
FNDA:0,widgetsForSlot
DA:1,1
DA:42,1
DA:43,1
DA:44,1
DA:45,1
DA:46,1
DA:47,1
DA:48,1
DA:49,1
DA:50,1
DA:51,1
DA:52,1
DA:53,1
DA:54,2
DA:55,2
DA:56,2
DA:57,2
DA:58,2
DA:59,2
DA:60,2
DA:62,1
DA:64,1
DA:65,1
DA:66,1
DA:67,1
DA:68,1
DA:69,1
DA:70,1
DA:71,1
DA:72,1
DA:73,1
DA:74,1
DA:75,1
DA:76,1
DA:77,1
DA:78,1
DA:80,1
DA:82,1
DA:83,1
DA:84,1
DA:85,1
DA:86,1
DA:87,1
DA:88,1
DA:89,1
DA:90,1
DA:91,1
DA:92,1
DA:93,1
DA:94,1
DA:95,1
DA:97,1
DA:99,1
DA:100,1
DA:101,1
DA:102,1
DA:103,1
DA:104,1
DA:105,1
DA:106,1
DA:107,3
DA:108,3
DA:109,3
DA:110,3
DA:111,3
DA:112,3
DA:113,3
DA:115,1
DA:117,1
DA:118,1
DA:119,1
DA:120,1
DA:121,1
DA:122,1
DA:123,1
DA:124,1
DA:125,1
DA:127,1
DA:128,1
DA:129,1
DA:130,1
DA:131,1
DA:132,1
DA:133,1
DA:134,1
DA:135,0
DA:136,0
DA:137,0
DA:138,0
DA:139,0
DA:140,0
DA:142,1
DA:144,1
DA:145,1
DA:146,1
DA:147,1
DA:148,1
DA:149,1
DA:150,1
DA:151,1
DA:152,0
DA:153,0
DA:154,0
DA:155,0
DA:156,0
DA:157,0
DA:158,0
DA:159,0
DA:160,0
DA:161,0
DA:162,0
DA:163,0
DA:164,0
DA:165,0
DA:166,0
DA:167,0
DA:168,0
DA:169,0
DA:170,0
DA:172,1
DA:174,1
DA:175,1
DA:176,1
DA:177,1
DA:178,1
DA:179,1
DA:180,1
DA:181,1
DA:182,0
DA:183,0
DA:184,0
DA:185,0
DA:186,0
DA:187,0
DA:188,0
DA:189,0
DA:190,0
DA:191,0
DA:192,0
DA:193,0
DA:194,0
DA:196,1
DA:199,1
DA:200,1
DA:201,1
DA:202,1
DA:203,1
DA:204,1
DA:205,1
DA:206,1
DA:207,0
DA:208,0
DA:209,0
DA:210,0
DA:212,1
DA:214,1
DA:215,1
DA:216,1
DA:217,1
DA:218,1
DA:219,1
DA:220,1
DA:221,1
DA:222,0
DA:223,0
DA:224,0
DA:225,0
DA:227,1
DA:230,1
DA:231,1
DA:232,1
DA:233,1
DA:234,1
DA:236,1
DA:237,8
DA:238,8
DA:241,1
DA:242,0
DA:243,0
DA:244,0
LF:180
LH:131
BRDA:53,0,0,2
BRDA:58,1,0,1
BRDA:58,2,0,1
BRDA:71,3,0,1
BRDA:89,4,0,1
BRDA:106,5,0,3
BRDA:236,6,0,8
BRDA:237,7,0,29
BRF:8
BRH:8
end_of_record
TN:
SF:src/dual-write/FeatureFlagsContext.tsx
FN:26,FeatureFlagsProvider
FN:59,useFeatureFlags
FN:65,useFeatureFlag
FNF:3
FNH:2
FNDA:6,FeatureFlagsProvider
FNDA:11,useFeatureFlags
FNDA:0,useFeatureFlag
DA:1,1
DA:24,1
DA:26,1
DA:27,6
DA:29,6
DA:30,1
DA:31,1
DA:32,1
DA:33,1
DA:34,1
DA:35,6
DA:37,6
DA:38,0
DA:39,0
DA:40,0
DA:41,0
DA:42,0
DA:43,0
DA:44,6
DA:46,6
DA:47,0
DA:48,6
DA:50,6
DA:52,6
DA:53,6
DA:54,6
DA:55,6
DA:57,6
DA:59,1
DA:60,11
DA:61,11
DA:62,11
DA:63,11
DA:65,1
DA:66,0
DA:67,0
LF:36
LH:27
BRDA:26,0,0,6
BRDA:27,1,0,5
BRDA:29,2,0,1
BRDA:30,3,0,1
BRDA:50,4,0,6
BRDA:59,5,0,11
BRDA:61,6,0,0
BRF:7
BRH:6
end_of_record
TN:
SF:src/dual-write/featureFlags.ts
FN:40,defaults
FN:47,envOverrides
FN:60,localOverrides
FN:75,loadFlags
FN:79,saveFlags
FN:84,setFlag
FN:90,resetFlags
FNF:7
FNH:7
FNDA:13,defaults
FNDA:13,envOverrides
FNDA:13,localOverrides
FNDA:13,loadFlags
FNDA:3,saveFlags
FNDA:1,setFlag
FNDA:15,resetFlags
DA:27,1
DA:28,1
DA:29,1
DA:30,1
DA:34,1
DA:40,13
DA:41,13
DA:42,13
DA:43,13
DA:44,13
DA:47,13
DA:48,13
DA:49,13
DA:51,13
DA:52,13
DA:53,195
DA:54,195
DA:55,195
DA:56,13
DA:57,13
DA:60,13
DA:61,13
DA:62,13
DA:63,13
DA:64,5
DA:65,5
DA:66,8
DA:67,60
DA:68,60
DA:69,60
DA:70,4
DA:71,8
DA:72,13
DA:75,1
DA:76,13
DA:77,13
DA:79,1
DA:80,3
DA:81,0
DA:82,3
DA:84,1
DA:85,1
DA:86,1
DA:87,1
DA:88,1
DA:90,1
DA:91,15
DA:92,15
LF:48
LH:47
BRDA:40,0,0,13
BRDA:42,1,0,195
BRDA:47,2,0,13
BRDA:49,3,0,0
BRDA:51,4,0,0
BRDA:52,5,0,195
BRDA:54,6,0,0
BRDA:60,7,0,13
BRDA:63,8,0,8
BRDA:63,9,0,5
BRDA:66,10,0,60
BRDA:68,11,0,19
BRDA:68,12,0,18
BRDA:68,13,0,45
BRDA:69,14,0,4
BRDA:71,15,0,1
BRDA:75,16,0,13
BRDA:79,17,0,3
BRDA:80,18,0,0
BRDA:84,19,0,1
BRDA:90,20,0,15
BRDA:91,21,0,0
BRF:22
BRH:17
end_of_record
TN:
SF:src/dual-write/syncMonitor.ts
FN:53,snapshot
FN:68,notify
FN:76,startSyncMonitor
FN:124,trimRequests
FN:127,trimConflicts
FN:131,subscribeSyncStatus
FN:137,getSyncStatus
FN:142,_resetSyncMonitor
FNF:8
FNH:7
FNDA:23,snapshot
FNDA:8,notify
FNDA:9,startSyncMonitor
FNDA:3,trimRequests
FNDA:0,trimConflicts
FNDA:6,subscribeSyncStatus
FNDA:9,getSyncStatus
FNDA:9,_resetSyncMonitor
DA:1,1
DA:44,1
DA:45,1
DA:47,1
DA:48,1
DA:51,1
DA:53,23
DA:54,23
DA:55,23
DA:56,23
DA:57,16
DA:58,16
DA:59,23
DA:60,23
DA:61,23
DA:62,23
DA:63,23
DA:64,23
DA:65,23
DA:66,23
DA:68,8
DA:69,8
DA:70,8
DA:71,1
DA:72,1
DA:73,8
DA:75,1
DA:76,1
DA:77,9
DA:78,2
DA:80,2
DA:81,15
DA:82,15
DA:84,3
DA:85,15
DA:86,2
DA:87,2
DA:88,2
DA:89,2
DA:90,2
DA:91,2
DA:92,2
DA:93,15
DA:94,1
DA:95,1
DA:96,1
DA:97,1
DA:98,1
DA:99,1
DA:100,1
DA:101,1
DA:102,15
DA:103,15
DA:104,0
DA:105,0
DA:106,15
DA:107,2
DA:109,2
DA:110,5
DA:111,0
DA:112,0
DA:113,0
DA:114,0
DA:115,0
DA:116,0
DA:117,0
DA:118,0
DA:119,0
DA:120,5
DA:121,2
DA:122,2
DA:124,3
DA:125,3
DA:126,3
DA:127,0
DA:128,0
DA:129,0
DA:131,1
DA:132,6
DA:133,6
DA:134,6
DA:135,6
DA:137,1
DA:138,9
DA:139,9
DA:142,1
DA:143,9
DA:144,9
DA:145,9
LF:89
LH:75
BRDA:53,0,0,23
BRDA:56,1,0,16
BRDA:57,2,0,10
BRDA:68,3,0,8
BRDA:70,4,0,1
BRDA:71,5,0,0
BRDA:76,6,0,9
BRDA:77,7,0,7
BRDA:77,8,0,2
BRDA:80,9,0,15
BRDA:82,10,0,3
BRDA:85,11,0,2
BRDA:93,12,0,1
BRDA:102,13,0,0
BRDA:103,14,0,0
BRDA:109,15,0,5
BRDA:110,16,0,0
BRDA:124,17,0,3
BRDA:125,18,0,0
BRDA:131,19,0,6
BRDA:134,20,0,6
BRDA:137,21,0,9
BRDA:142,22,0,9
BRF:23
BRH:18
end_of_record
TN:
SF:src/dual-write/useDualResource.ts
FN:33,localStoreFromKey
FN:35,read
FN:41,write
FN:68,makeResourceHooks
FN:73,merge.create
FN:77,merge.update
FN:83,merge.delete
FN:115,useList
FN:118,queryFn
FN:137,useCreate
FN:140,mutationFn
FN:159,onSuccess
FN:165,useUpdate
FN:168,mutationFn
FN:182,onSuccess
FN:186,useDelete
FN:189,mutationFn
FN:201,onSuccess
FNF:18
FNH:18
FNDA:12,localStoreFromKey
FNDA:4,read
FNDA:4,write
FNDA:12,makeResourceHooks
FNDA:1,merge.create
FNDA:1,merge.update
FNDA:1,merge.delete
FNDA:10,useList
FNDA:5,queryFn
FNDA:3,useCreate
FNDA:2,mutationFn
FNDA:1,onSuccess
FNDA:2,useUpdate
FNDA:1,mutationFn
FNDA:1,onSuccess
FNDA:1,useDelete
FNDA:1,mutationFn
FNDA:1,onSuccess
DA:1,1
DA:33,1
DA:34,12
DA:35,12
DA:36,4
DA:37,4
DA:38,4
DA:39,4
DA:40,4
DA:41,12
DA:42,4
DA:43,0
DA:44,4
DA:45,12
DA:46,12
DA:68,1
DA:69,12
DA:70,12
DA:71,12
DA:72,12
DA:73,12
DA:74,1
DA:75,0
DA:76,1
DA:77,12
DA:78,1
DA:79,1
DA:80,1
DA:81,0
DA:82,1
DA:83,12
DA:84,1
DA:85,1
DA:86,1
DA:87,0
DA:88,1
DA:89,12
DA:92,12
DA:93,3
DA:94,0
DA:95,3
DA:96,3
DA:97,12
DA:98,1
DA:99,0
DA:100,0
DA:101,1
DA:102,1
DA:103,12
DA:104,1
DA:105,0
DA:106,1
DA:107,1
DA:115,12
DA:116,10
DA:117,10
DA:118,10
DA:119,5
DA:120,1
DA:121,1
DA:122,4
DA:123,4
DA:124,5
DA:125,2
DA:126,2
DA:127,2
DA:128,1
DA:129,1
DA:130,1
DA:131,1
DA:132,5
DA:133,10
DA:134,10
DA:135,10
DA:137,12
DA:138,3
DA:139,3
DA:140,3
DA:141,2
DA:142,0
DA:147,0
DA:148,0
DA:149,2
DA:150,2
DA:151,2
DA:152,2
DA:153,1
DA:154,1
DA:155,1
DA:156,1
DA:157,1
DA:158,2
DA:159,3
DA:160,1
DA:161,1
DA:162,3
DA:163,3
DA:165,12
DA:166,2
DA:167,2
DA:168,2
DA:169,1
DA:170,0
DA:171,0
DA:172,1
DA:173,1
DA:174,1
DA:175,1
DA:176,1
DA:177,1
DA:178,1
DA:179,0
DA:180,0
DA:181,1
DA:182,2
DA:183,2
DA:184,2
DA:186,12
DA:187,1
DA:188,1
DA:189,1
DA:190,1
DA:191,1
DA:192,1
DA:193,1
DA:194,1
DA:195,1
DA:196,1
DA:197,1
DA:198,0
DA:199,0
DA:200,1
DA:201,1
DA:202,1
DA:203,1
DA:205,12
DA:206,12
LF:137
LH:120
BRDA:33,0,0,12
BRDA:35,1,0,4
BRDA:38,2,0,3
BRDA:38,3,0,1
BRDA:39,4,0,0
BRDA:41,5,0,4
BRDA:42,6,0,0
BRDA:68,7,0,12
BRDA:92,8,0,3
BRDA:97,9,0,1
BRDA:103,10,0,1
BRDA:73,11,0,1
BRDA:74,12,0,0
BRDA:77,13,0,1
BRDA:80,14,0,0
BRDA:79,15,0,2
BRDA:79,16,0,1
BRDA:79,17,0,1
BRDA:83,18,0,1
BRDA:86,19,0,0
BRDA:85,20,0,2
BRDA:115,21,0,10
BRDA:118,22,0,5
BRDA:119,23,0,4
BRDA:119,24,0,1
BRDA:121,25,0,4
BRDA:123,26,0,2
BRDA:124,27,0,1
BRDA:124,28,0,2
BRDA:127,29,0,1
BRDA:127,30,0,1
BRDA:127,31,0,1
BRDA:137,32,0,3
BRDA:140,33,0,2
BRDA:141,34,0,0
BRDA:152,35,0,1
BRDA:159,36,0,1
BRDA:165,37,0,2
BRDA:168,38,0,1
BRDA:169,39,0,0
BRDA:178,40,0,0
BRDA:182,41,0,1
BRDA:186,42,0,1
BRDA:189,43,0,1
BRDA:190,44,0,0
BRDA:192,45,0,0
BRDA:197,46,0,0
BRDA:201,47,0,1
BRF:48
BRH:37
end_of_record
TN:
SF:src/dual-write/useSyncStatus.ts
FN:5,useSyncStatus
FNF:1
FNH:1
FNDA:11,useSyncStatus
DA:1,1
DA:5,1
DA:6,11
DA:7,11
DA:8,11
DA:9,11
LF:6
LH:6
BRDA:5,0,0,11
BRDA:6,1,0,5
BRDA:7,2,0,5
BRF:3
BRH:3
end_of_record
TN:
SF:src/dual-write/writeQueue.ts
FN:59,registerExecutor
FN:67,subscribeQueue
FN:72,notify
FN:79,read
FN:86,write
FN:92,enqueue
FN:108,peek
FN:112,size
FN:116,clear
FN:128,drain
FN:197,startAutoReplay
FNF:11
FNH:10
FNDA:12,registerExecutor
FNDA:4,subscribeQueue
FNDA:49,notify
FNDA:88,read
FNDA:61,write
FNDA:21,enqueue
FNDA:32,peek
FNDA:9,size
FNDA:30,clear
FNDA:11,drain
FNDA:0,startAutoReplay
DA:1,1
DA:44,1
DA:45,1
DA:48,1
DA:59,1
DA:60,12
DA:61,12
DA:65,1
DA:67,1
DA:68,4
DA:69,4
DA:70,4
DA:72,49
DA:73,49
DA:74,13
DA:75,13
DA:76,49
DA:79,88
DA:80,88
DA:81,88
DA:82,88
DA:83,88
DA:84,88
DA:86,61
DA:87,61
DA:88,0
DA:89,61
DA:92,1
DA:93,21
DA:94,21
DA:95,21
DA:96,21
DA:97,21
DA:98,21
DA:99,21
DA:100,21
DA:101,21
DA:102,21
DA:103,21
DA:104,21
DA:105,21
DA:106,21
DA:108,1
DA:109,32
DA:110,32
DA:112,1
DA:113,9
DA:114,9
DA:116,1
DA:117,30
DA:118,30
DA:121,1
DA:128,11
DA:129,11
DA:130,11
DA:131,11
DA:132,11
DA:133,17
DA:134,17
DA:135,5
DA:136,5
DA:137,5
DA:138,12
DA:139,12
DA:140,17
DA:142,1
DA:143,1
DA:144,1
DA:145,1
DA:147,11
DA:148,11
DA:149,11
DA:150,11
DA:152,3
DA:153,3
DA:154,3
DA:155,17
DA:156,8
DA:157,8
DA:159,8
DA:161,1
DA:162,1
DA:163,1
DA:164,1
DA:165,8
DA:167,1
DA:168,1
DA:169,1
DA:170,8
DA:172,1
DA:173,1
DA:174,1
DA:176,5
DA:177,8
DA:178,1
DA:179,1
DA:180,1
DA:181,1
DA:183,4
DA:184,4
DA:185,4
DA:186,4
DA:187,4
DA:188,4
DA:189,17
DA:190,11
DA:191,11
DA:192,11
DA:193,11
DA:196,1
DA:197,1
DA:198,0
DA:199,0
DA:200,0
DA:201,0
DA:202,0
DA:205,0
DA:206,0
DA:207,0
DA:208,0
LF:120
LH:110
BRDA:59,0,0,12
BRDA:67,1,0,4
BRDA:69,2,0,2
BRDA:72,3,0,49
BRDA:73,4,0,13
BRDA:74,5,0,0
BRDA:79,6,0,88
BRDA:82,7,0,79
BRDA:82,8,0,9
BRDA:83,9,0,0
BRDA:86,10,0,61
BRDA:87,11,0,0
BRDA:92,12,0,21
BRDA:108,13,0,32
BRDA:112,14,0,9
BRDA:116,15,0,30
BRDA:128,16,0,11
BRDA:129,17,0,0
BRDA:132,18,0,17
BRDA:134,19,0,5
BRDA:137,20,0,12
BRDA:140,21,0,1
BRDA:145,22,0,11
BRDA:150,23,0,3
BRDA:155,24,0,8
BRDA:157,25,0,0
BRDA:157,26,0,0
BRDA:159,27,0,1
BRDA:164,28,0,7
BRDA:165,29,0,1
BRDA:169,30,0,6
BRDA:170,31,0,1
BRDA:174,32,0,5
BRDA:177,33,0,1
BRDA:181,34,0,4
BRF:35
BRH:29
end_of_record
TN:
SF:src/lib/router.ts
FN:30,parseHash
FN:38,useRouter
FN:42,fn
FN:72,matchPath
FN:90,matchPrefix
FNF:5
FNH:4
FNDA:6,parseHash
FNDA:20,useRouter
FNDA:0,fn
FNDA:7,matchPath
FNDA:5,matchPrefix
DA:1,1
DA:30,6
DA:31,6
DA:32,6
DA:33,6
DA:34,6
DA:35,6
DA:36,6
DA:38,1
DA:39,20
DA:41,20
DA:42,6
DA:43,6
DA:44,6
DA:45,20
DA:47,20
DA:48,0
DA:49,0
DA:50,0
DA:51,0
DA:52,0
DA:54,0
DA:55,0
DA:56,0
DA:57,0
DA:58,20
DA:60,20
DA:61,20
DA:62,20
DA:72,1
DA:73,7
DA:74,7
DA:75,7
DA:76,5
DA:77,7
DA:78,10
DA:79,10
DA:80,10
DA:81,4
DA:82,10
DA:83,1
DA:84,1
DA:85,10
DA:86,4
DA:87,4
DA:90,1
DA:91,5
DA:92,5
DA:93,5
LF:49
LH:40
BRDA:30,0,0,6
BRDA:31,1,0,0
BRDA:33,2,0,0
BRDA:35,3,0,0
BRDA:38,4,0,20
BRDA:39,5,0,6
BRDA:41,6,0,6
BRDA:44,7,0,6
BRDA:60,8,0,6
BRDA:72,9,0,7
BRDA:75,10,0,2
BRDA:75,11,0,5
BRDA:77,12,0,10
BRDA:80,13,0,4
BRDA:82,14,0,6
BRDA:82,15,0,1
BRDA:85,16,0,4
BRDA:90,17,0,5
BRDA:91,18,0,1
BRDA:91,19,0,4
BRDA:92,20,0,1
BRDA:92,21,0,3
BRF:22
BRH:19
end_of_record
TN:
SF:src/lib/useDebouncedValue.ts
FN:10,useDebouncedValue
FNF:1
FNH:1
FNDA:51,useDebouncedValue
DA:1,1
DA:10,1
DA:11,51
DA:12,51
DA:13,27
DA:14,27
DA:15,51
DA:16,51
DA:17,51
LF:9
LH:9
BRDA:10,0,0,51
BRDA:12,1,0,27
BRDA:13,2,0,4
BRDA:14,3,0,27
BRF:4
BRH:4
end_of_record
TN:
SF:src/screens/PlatformStudio.tsx
FN:34,PlatformStudio
FN:53,apply
FN:112,onMouseEnter
FN:113,onMouseLeave
FN:114,onFocus
FN:115,onBlur
FN:157,onClick
FNF:7
FNH:5
FNDA:18,PlatformStudio
FNDA:2,apply
FNDA:2,onMouseEnter
FNDA:0,onMouseLeave
FNDA:2,onFocus
FNDA:0,onBlur
FNDA:2,onClick
DA:1,1
DA:34,1
DA:35,18
DA:36,18
DA:37,18
DA:38,18
DA:39,18
DA:41,18
DA:42,4
DA:43,18
DA:46,18
DA:47,6
DA:48,2
DA:49,2
DA:50,2
DA:51,18
DA:53,18
DA:54,2
DA:55,2
DA:58,2
DA:59,2
DA:60,2
DA:61,2
DA:62,2
DA:63,1
DA:64,1
DA:65,1
DA:66,1
DA:67,1
DA:68,1
DA:69,1
DA:70,1
DA:71,1
DA:72,1
DA:73,1
DA:74,1
DA:75,1
DA:76,1
DA:77,2
DA:78,2
DA:79,2
DA:80,2
DA:82,18
DA:83,18
DA:84,18
DA:85,18
DA:86,18
DA:87,18
DA:88,18
DA:89,7
DA:91,7
DA:94,18
DA:95,18
DA:96,18
DA:97,18
DA:98,18
DA:99,18
DA:100,18
DA:101,18
DA:102,18
DA:104,18
DA:105,18
DA:106,18
DA:107,108
DA:108,108
DA:109,108
DA:110,108
DA:111,108
DA:112,108
DA:113,108
DA:114,108
DA:115,108
DA:116,108
DA:118,108
DA:119,108
DA:120,108
DA:121,108
DA:122,108
DA:123,108
DA:124,2
DA:125,2
DA:127,2
DA:129,108
DA:130,108
DA:131,108
DA:132,108
DA:133,108
DA:134,108
DA:135,108
DA:136,108
DA:138,108
DA:139,108
DA:140,324
DA:141,324
DA:142,324
DA:143,324
DA:144,324
DA:145,324
DA:146,108
DA:147,108
DA:149,108
DA:150,108
DA:151,108
DA:152,108
DA:153,108
DA:154,108
DA:155,108
DA:156,108
DA:157,108
DA:159,108
DA:160,108
DA:161,108
DA:162,108
DA:164,18
DA:165,18
DA:167,18
DA:168,18
DA:169,18
DA:170,18
DA:172,18
DA:173,18
DA:176,18
DA:177,18
DA:178,18
DA:179,18
DA:181,18
DA:182,18
DA:183,18
DA:184,18
DA:185,18
DA:186,18
DA:187,18
DA:188,18
DA:190,18
LF:134
LH:134
BRDA:34,0,0,18
BRDA:88,1,0,7
BRDA:41,2,0,4
BRDA:42,3,0,4
BRDA:46,4,0,6
BRDA:47,5,0,4
BRDA:47,6,0,2
BRDA:48,7,0,2
BRDA:50,8,0,2
BRDA:53,9,0,2
BRDA:59,10,0,0
BRDA:60,11,0,0
BRDA:62,12,0,1
BRDA:106,13,0,108
BRDA:107,14,0,84
BRDA:107,15,0,12
BRDA:123,16,0,2
BRDA:155,17,0,106
BRDA:159,18,0,2
BRDA:159,19,0,106
BRDA:112,20,0,2
BRDA:114,21,0,2
BRDA:139,22,0,324
BRDA:157,23,0,2
BRF:24
BRH:22
end_of_record
TN:
SF:src/screens/events/CreateEventDialog.tsx
FN:49,__vite_ssr_import_4__.z.object.refine.message
FN:62,CreateEventDialog
FN:79,mutationFn
FN:93,onSuccess
FN:100,onError
FN:113,handleSubmit
FN:118,onOpenChange
FN:133,render
FN:147,render
FN:174,render
FN:187,render
FN:204,render
FN:215,onChange
FN:225,render
FN:238,onChange
FN:252,onClick
FNF:16
FNH:13
FNDA:5,__vite_ssr_import_4__.z.object.refine.message
FNDA:67,CreateEventDialog
FNDA:3,mutationFn
FNDA:2,onSuccess
FNDA:1,onError
FNDA:3,handleSubmit
FNDA:0,onOpenChange
FNDA:70,render
FNDA:36,render
FNDA:36,render
FNDA:36,render
FNDA:36,render
FNDA:0,onChange
FNDA:41,render
FNDA:6,onChange
FNDA:0,onClick
DA:1,1
DA:33,1
DA:35,1
DA:36,1
DA:37,1
DA:38,1
DA:39,1
DA:40,1
DA:41,1
DA:42,1
DA:43,1
DA:44,1
DA:45,1
DA:46,1
DA:47,1
DA:48,1
DA:49,1
DA:50,1
DA:51,1
DA:62,1
DA:63,67
DA:64,67
DA:66,67
DA:67,67
DA:68,67
DA:69,67
DA:70,67
DA:71,67
DA:72,67
DA:73,67
DA:74,67
DA:75,67
DA:76,67
DA:78,67
DA:79,67
DA:80,3
DA:81,3
DA:82,3
DA:83,3
DA:84,3
DA:85,3
DA:86,3
DA:87,3
DA:88,1
DA:89,2
DA:90,3
DA:91,2
DA:92,3
DA:93,67
DA:94,2
DA:95,2
DA:96,2
DA:97,2
DA:98,2
DA:99,2
DA:100,67
DA:101,1
DA:102,1
DA:103,1
DA:104,1
DA:105,1
DA:106,0
DA:107,0
DA:108,1
DA:109,1
DA:110,1
DA:111,67
DA:113,67
DA:114,3
DA:115,3
DA:117,67
DA:118,67
DA:119,67
DA:120,67
DA:121,67
DA:122,67
DA:125,67
DA:126,67
DA:128,67
DA:129,67
DA:130,67
DA:131,67
DA:132,67
DA:133,67
DA:134,70
DA:135,70
DA:136,70
DA:137,70
DA:138,70
DA:139,70
DA:140,70
DA:142,67
DA:144,67
DA:145,67
DA:146,67
DA:147,67
DA:148,36
DA:149,36
DA:150,36
DA:151,36
DA:152,36
DA:153,36
DA:154,36
DA:155,36
DA:156,36
DA:157,36
DA:158,252
DA:159,252
DA:160,252
DA:161,252
DA:162,36
DA:163,36
DA:164,36
DA:165,36
DA:166,36
DA:168,67
DA:170,67
DA:171,67
DA:172,67
DA:173,67
DA:174,67
DA:175,36
DA:176,36
DA:177,36
DA:178,36
DA:179,36
DA:180,36
DA:181,36
DA:183,67
DA:184,67
DA:185,67
DA:186,67
DA:187,67
DA:188,36
DA:189,36
DA:190,36
DA:191,36
DA:192,36
DA:193,36
DA:194,36
DA:195,36
DA:197,67
DA:198,67
DA:200,67
DA:201,67
DA:202,67
DA:203,67
DA:204,67
DA:205,36
DA:206,36
DA:207,36
DA:208,36
DA:209,36
DA:210,36
DA:211,36
DA:212,36
DA:213,36
DA:214,36
DA:215,36
DA:216,36
DA:217,36
DA:218,36
DA:219,36
DA:221,67
DA:222,67
DA:223,67
DA:224,67
DA:225,67
DA:226,41
DA:227,41
DA:228,41
DA:229,41
DA:230,41
DA:231,41
DA:232,41
DA:233,41
DA:234,41
DA:235,41
DA:236,41
DA:237,41
DA:238,41
DA:239,41
DA:240,41
DA:241,41
DA:242,41
DA:244,67
DA:245,67
DA:247,67
DA:248,67
DA:249,67
DA:250,67
DA:251,67
DA:252,67
DA:253,67
DA:255,67
DA:256,67
DA:258,67
DA:259,67
DA:260,67
DA:261,67
DA:262,67
DA:263,67
DA:265,67
LF:203
LH:201
BRDA:41,0,0,5
BRDA:41,1,0,0
BRDA:45,2,0,5
BRDA:45,3,0,4
BRDA:45,4,0,1
BRDA:49,5,0,5
BRDA:49,6,0,1
BRDA:49,7,0,1
BRDA:62,8,0,67
BRDA:79,9,0,3
BRDA:87,10,0,1
BRDA:88,11,0,2
BRDA:90,12,0,2
BRDA:93,13,0,2
BRDA:98,14,0,1
BRDA:100,15,0,1
BRDA:105,16,0,0
BRDA:113,17,0,3
BRDA:133,18,0,70
BRDA:147,19,0,36
BRDA:157,20,0,252
BRDA:174,21,0,36
BRDA:187,22,0,36
BRDA:204,23,0,36
BRDA:225,24,0,41
BRDA:237,25,0,32
BRDA:238,26,0,6
BRF:27
BRH:25
end_of_record
TN:
SF:src/screens/events/EventDetail.tsx
FN:1,(empty-report)
FNF:1
FNH:0
FNDA:0,(empty-report)
DA:1,0
DA:44,0
DA:45,0
DA:46,0
DA:47,0
DA:50,0
DA:51,0
DA:52,0
DA:53,0
DA:54,0
DA:55,0
DA:56,0
DA:57,0
DA:58,0
DA:60,0
DA:61,0
DA:62,0
DA:63,0
DA:65,0
DA:66,0
DA:67,0
DA:68,0
DA:69,0
DA:71,0
DA:72,0
DA:73,0
DA:74,0
DA:75,0
DA:76,0
DA:78,0
DA:79,0
DA:80,0
DA:81,0
DA:82,0
DA:83,0
DA:84,0
DA:85,0
DA:86,0
DA:87,0
DA:88,0
DA:89,0
DA:91,0
DA:92,0
DA:93,0
DA:94,0
DA:95,0
DA:97,0
DA:99,0
DA:101,0
DA:102,0
DA:103,0
DA:104,0
DA:105,0
DA:106,0
DA:107,0
DA:108,0
DA:109,0
DA:111,0
DA:112,0
DA:113,0
DA:114,0
DA:115,0
DA:116,0
DA:117,0
DA:119,0
DA:120,0
DA:121,0
DA:122,0
DA:123,0
DA:125,0
DA:126,0
DA:127,0
DA:128,0
DA:130,0
DA:132,0
DA:133,0
DA:134,0
DA:135,0
DA:137,0
DA:138,0
DA:140,0
DA:142,0
DA:143,0
DA:144,0
DA:145,0
DA:146,0
DA:147,0
DA:148,0
DA:149,0
DA:150,0
DA:151,0
DA:152,0
DA:154,0
DA:155,0
DA:156,0
DA:158,0
DA:159,0
DA:160,0
DA:162,0
DA:163,0
DA:164,0
DA:166,0
DA:167,0
DA:168,0
DA:170,0
DA:171,0
DA:172,0
DA:174,0
DA:175,0
DA:176,0
DA:178,0
DA:179,0
DA:180,0
DA:181,0
DA:182,0
DA:183,0
DA:185,0
DA:188,0
DA:189,0
DA:190,0
DA:191,0
DA:194,0
DA:195,0
DA:196,0
DA:197,0
DA:198,0
DA:200,0
DA:201,0
DA:203,0
DA:204,0
DA:205,0
DA:206,0
DA:207,0
DA:208,0
DA:209,0
DA:210,0
DA:211,0
DA:212,0
DA:213,0
DA:214,0
DA:215,0
DA:216,0
DA:217,0
DA:218,0
DA:219,0
DA:220,0
DA:221,0
DA:222,0
DA:225,0
DA:226,0
DA:228,0
DA:229,0
DA:230,0
DA:231,0
DA:233,0
DA:236,0
DA:237,0
DA:238,0
DA:239,0
DA:240,0
DA:241,0
DA:242,0
DA:243,0
DA:245,0
DA:246,0
DA:247,0
DA:248,0
DA:249,0
DA:250,0
DA:251,0
DA:252,0
DA:253,0
DA:254,0
DA:255,0
DA:257,0
DA:259,0
DA:260,0
DA:261,0
DA:262,0
DA:263,0
DA:264,0
DA:266,0
DA:267,0
DA:268,0
DA:269,0
DA:270,0
DA:271,0
DA:272,0
DA:274,0
DA:275,0
DA:276,0
DA:277,0
DA:278,0
DA:279,0
DA:280,0
DA:281,0
DA:282,0
DA:283,0
DA:284,0
DA:286,0
DA:287,0
DA:288,0
DA:289,0
DA:292,0
DA:293,0
DA:294,0
DA:296,0
DA:297,0
DA:298,0
DA:299,0
DA:302,0
DA:303,0
DA:304,0
DA:305,0
DA:306,0
DA:307,0
DA:308,0
DA:310,0
DA:313,0
DA:314,0
DA:315,0
DA:316,0
DA:317,0
DA:318,0
DA:319,0
DA:320,0
DA:321,0
DA:322,0
DA:323,0
DA:324,0
DA:326,0
LF:231
LH:0
BRDA:1,0,0,0
BRF:1
BRH:0
end_of_record
TN:
SF:src/screens/events/EventsList.tsx
FN:46,EventsList
FN:56,queryFn
FN:75,onClick
FN:114,onClick
FN:115,onClick
FN:122,onSelect
FN:126,onSelect
FN:134,onCreated
FN:141,Toolbar
FN:161,onClick
FN:170,onChange
FN:178,onClick
FN:187,onClick
FN:199,StatusChip
FN:234,KanbanView
FN:268,onClick
FN:278,KanbanCard
FN:304,TableView
FN:306,cell
FN:307,cell
FN:308,cell
FN:314,cell
FN:321,cell
FN:328,ViewToggle
FN:335,onClick
FN:348,onClick
FN:361,ListSkeleton
FNF:27
FNH:17
FNDA:20,EventsList
FNDA:7,queryFn
FNDA:1,onClick
FNDA:0,onClick
FNDA:0,onClick
FNDA:0,onSelect
FNDA:0,onSelect
FNDA:0,onCreated
FNDA:20,Toolbar
FNDA:0,onClick
FNDA:5,onChange
FNDA:0,onClick
FNDA:0,onClick
FNDA:160,StatusChip
FNDA:2,KanbanView
FNDA:0,onClick
FNDA:6,KanbanCard
FNDA:1,TableView
FNDA:3,cell
FNDA:3,cell
FNDA:3,cell
FNDA:3,cell
FNDA:3,cell
FNDA:20,ViewToggle
FNDA:0,onClick
FNDA:1,onClick
FNDA:6,ListSkeleton
DA:1,1
DA:46,1
DA:47,20
DA:48,20
DA:49,20
DA:50,20
DA:51,20
DA:52,20
DA:54,20
DA:55,20
DA:56,20
DA:57,7
DA:58,7
DA:59,7
DA:60,7
DA:61,20
DA:62,20
DA:64,20
DA:65,20
DA:67,20
DA:68,20
DA:69,20
DA:70,20
DA:71,20
DA:72,20
DA:73,20
DA:74,20
DA:75,20
DA:76,20
DA:78,20
DA:79,20
DA:81,20
DA:83,20
DA:84,20
DA:85,20
DA:86,20
DA:87,20
DA:88,20
DA:89,20
DA:90,20
DA:92,20
DA:94,20
DA:95,0
DA:96,0
DA:97,0
DA:98,0
DA:99,0
DA:102,20
DA:103,11
DA:104,11
DA:105,11
DA:106,11
DA:107,11
DA:108,11
DA:109,7
DA:110,4
DA:112,11
DA:113,11
DA:114,7
DA:115,4
DA:117,11
DA:118,11
DA:121,20
DA:122,2
DA:125,20
DA:126,1
DA:128,20
DA:130,20
DA:131,20
DA:132,20
DA:133,20
DA:134,20
DA:135,20
DA:136,20
DA:138,20
DA:141,20
DA:142,20
DA:143,20
DA:144,20
DA:145,20
DA:151,20
DA:152,20
DA:153,20
DA:154,20
DA:155,20
DA:156,20
DA:157,20
DA:158,20
DA:159,7
DA:160,7
DA:161,7
DA:162,7
DA:163,7
DA:165,7
DA:166,7
DA:167,13
DA:168,20
DA:169,20
DA:170,20
DA:171,20
DA:172,20
DA:173,20
DA:174,20
DA:175,20
DA:176,20
DA:177,20
DA:178,20
DA:179,20
DA:180,20
DA:182,20
DA:183,20
DA:184,140
DA:185,140
DA:186,140
DA:187,140
DA:188,140
DA:189,140
DA:191,140
DA:192,140
DA:193,20
DA:194,20
DA:195,20
DA:197,20
DA:199,160
DA:200,160
DA:201,160
DA:207,160
DA:208,160
DA:209,160
DA:210,160
DA:211,160
DA:212,160
DA:213,160
DA:214,160
DA:215,160
DA:216,20
DA:217,140
DA:218,160
DA:219,160
DA:220,160
DA:222,160
DA:223,160
DA:224,160
DA:225,160
DA:226,160
DA:227,160
DA:228,160
DA:229,160
DA:231,160
DA:234,2
DA:235,2
DA:236,2
DA:237,2
DA:238,2
DA:239,2
DA:240,2
DA:242,2
DA:243,2
DA:244,2
DA:245,14
DA:246,14
DA:247,14
DA:248,14
DA:249,14
DA:250,14
DA:251,14
DA:252,14
DA:253,14
DA:254,14
DA:255,14
DA:256,14
DA:257,14
DA:258,14
DA:259,14
DA:260,14
DA:261,14
DA:262,14
DA:263,14
DA:264,8
DA:266,8
DA:268,6
DA:270,14
DA:271,14
DA:273,2
DA:274,2
DA:276,2
DA:278,6
DA:279,6
DA:280,6
DA:281,6
DA:282,6
DA:283,6
DA:284,6
DA:285,6
DA:286,6
DA:287,6
DA:289,6
DA:290,6
DA:291,6
DA:292,6
DA:293,6
DA:294,6
DA:295,6
DA:296,4
DA:298,6
DA:299,6
DA:301,6
DA:304,1
DA:305,1
DA:306,1
DA:307,1
DA:308,1
DA:309,1
DA:310,1
DA:311,1
DA:312,1
DA:313,1
DA:314,1
DA:315,1
DA:316,1
DA:317,1
DA:318,1
DA:319,1
DA:320,1
DA:321,1
DA:322,1
DA:323,1
DA:324,1
DA:325,1
DA:328,20
DA:329,20
DA:330,20
DA:331,20
DA:332,20
DA:333,20
DA:334,20
DA:335,20
DA:336,20
DA:337,20
DA:338,20
DA:339,20
DA:341,20
DA:343,20
DA:344,20
DA:345,20
DA:346,20
DA:347,20
DA:348,20
DA:349,20
DA:350,20
DA:351,20
DA:352,20
DA:354,20
DA:356,20
DA:357,20
DA:359,20
DA:361,6
DA:362,6
DA:363,6
DA:364,6
DA:365,6
DA:366,24
DA:367,24
DA:368,24
DA:369,24
DA:370,24
DA:371,6
DA:372,6
DA:374,6
DA:375,0
DA:376,0
DA:377,0
DA:378,0
DA:380,0
LF:274
LH:264
BRDA:46,0,0,20
BRDA:64,1,0,14
BRDA:64,2,0,6
BRDA:65,3,0,14
BRDA:92,4,0,6
BRDA:94,5,0,0
BRDA:102,6,0,14
BRDA:102,7,0,11
BRDA:106,8,0,4
BRDA:106,9,0,7
BRDA:106,10,0,4
BRDA:108,11,0,4
BRDA:108,12,0,7
BRDA:109,13,0,4
BRDA:113,14,0,4
BRDA:113,15,0,7
BRDA:114,16,0,4
BRDA:121,17,0,14
BRDA:121,18,0,3
BRDA:121,19,0,2
BRDA:125,20,0,14
BRDA:125,21,0,3
BRDA:125,22,0,1
BRDA:56,23,0,7
BRDA:58,24,0,6
BRDA:59,25,0,0
BRDA:75,26,0,1
BRDA:141,27,0,20
BRDA:152,28,0,14
BRDA:152,29,0,6
BRDA:158,30,0,7
BRDA:166,31,0,13
BRDA:152,32,0,98
BRDA:170,33,0,5
BRDA:183,34,0,140
BRDA:188,35,0,98
BRDA:188,36,0,42
BRDA:199,37,0,160
BRDA:215,38,0,20
BRDA:216,39,0,140
BRDA:225,40,0,20
BRDA:225,41,0,140
BRDA:234,42,0,2
BRDA:235,43,0,2
BRDA:237,44,0,14
BRDA:238,45,0,6
BRDA:244,46,0,14
BRDA:246,47,0,0
BRDA:263,48,0,8
BRDA:266,49,0,6
BRDA:268,50,0,6
BRDA:278,51,0,6
BRDA:293,52,0,2
BRDA:295,53,0,4
BRDA:304,54,0,1
BRDA:306,55,0,3
BRDA:307,56,0,3
BRDA:307,57,0,1
BRDA:308,58,0,3
BRDA:314,59,0,3
BRDA:314,60,0,2
BRDA:314,61,0,1
BRDA:321,62,0,3
BRDA:321,63,0,1
BRDA:321,64,0,2
BRDA:328,65,0,20
BRDA:338,66,0,19
BRDA:338,67,0,1
BRDA:351,68,0,1
BRDA:351,69,0,19
BRDA:348,70,0,1
BRDA:361,71,0,6
BRDA:374,72,0,0
BRDA:365,73,0,24
BRF:74
BRH:70
end_of_record
TN:
SF:src/screens/events/statusMeta.tsx
FN:35,StatusBadge
FNF:1
FNH:1
FNDA:3,StatusBadge
DA:1,1
DA:20,1
DA:21,1
DA:22,1
DA:23,1
DA:24,1
DA:25,1
DA:26,1
DA:27,1
DA:28,1
DA:31,1
DA:32,1
DA:33,1
DA:35,1
DA:36,3
DA:37,3
DA:38,3
LF:17
LH:17
BRDA:35,0,0,3
BRF:1
BRH:1
end_of_record
TN:
SF:src/screens/events/guests/BulkActionsMenu.tsx
FN:25,BulkActionsMenu
FN:39,mutationFn
FN:43,worker
FN:56,onSuccess
FN:75,mutationFn
FN:79,worker
FN:89,onSuccess
FN:126,onSelect
FN:135,onSelect
FN:140,onSelect
FN:145,onSelect
FN:161,onConfirm
FN:167,SetRsvpIcon
FNF:13
FNH:11
FNDA:15,BulkActionsMenu
FNDA:2,mutationFn
FNDA:16,worker
FNDA:2,onSuccess
FNDA:1,mutationFn
FNDA:8,worker
FNDA:1,onSuccess
FNDA:2,onSelect
FNDA:0,onSelect
FNDA:0,onSelect
FNDA:2,onSelect
FNDA:1,onConfirm
FNDA:24,SetRsvpIcon
DA:1,1
DA:25,1
DA:26,15
DA:27,15
DA:28,15
DA:30,15
DA:38,15
DA:39,15
DA:40,2
DA:41,2
DA:42,2
DA:43,2
DA:44,16
DA:45,5
DA:46,5
DA:47,5
DA:48,5
DA:49,1
DA:50,1
DA:51,5
DA:52,16
DA:53,2
DA:54,2
DA:55,2
DA:56,15
DA:57,2
DA:58,2
DA:59,2
DA:60,1
DA:61,1
DA:62,1
DA:63,1
DA:64,1
DA:65,1
DA:66,1
DA:67,1
DA:68,0
DA:69,0
DA:70,2
DA:71,2
DA:72,15
DA:74,15
DA:75,15
DA:76,1
DA:77,1
DA:78,1
DA:79,1
DA:80,8
DA:81,2
DA:82,2
DA:83,0
DA:84,2
DA:85,8
DA:86,1
DA:87,1
DA:88,1
DA:89,15
DA:90,1
DA:91,1
DA:92,1
DA:93,1
DA:94,1
DA:95,1
DA:96,0
DA:97,0
DA:98,0
DA:99,0
DA:100,0
DA:101,0
DA:102,1
DA:103,1
DA:104,15
DA:106,15
DA:107,15
DA:108,15
DA:109,15
DA:110,15
DA:111,15
DA:113,15
DA:114,15
DA:115,15
DA:116,15
DA:118,15
DA:119,15
DA:120,15
DA:121,15
DA:122,15
DA:123,15
DA:124,60
DA:125,60
DA:126,60
DA:128,60
DA:129,60
DA:130,60
DA:131,15
DA:132,15
DA:133,15
DA:134,15
DA:135,15
DA:137,15
DA:138,15
DA:139,15
DA:140,15
DA:142,15
DA:143,15
DA:144,15
DA:145,15
DA:146,15
DA:147,15
DA:148,15
DA:149,15
DA:151,15
DA:152,15
DA:153,15
DA:154,15
DA:156,15
DA:157,15
DA:158,15
DA:159,15
DA:160,15
DA:161,15
DA:162,15
DA:163,15
DA:165,15
DA:167,24
DA:168,24
DA:169,24
DA:170,24
DA:171,24
DA:172,24
DA:173,24
DA:175,24
LF:132
LH:123
BRDA:25,0,0,15
BRDA:115,1,0,13
BRDA:116,2,0,13
BRDA:116,3,0,3
BRDA:146,4,0,2
BRDA:146,5,0,13
BRDA:39,6,0,2
BRDA:43,7,0,16
BRDA:44,8,0,5
BRDA:47,9,0,4
BRDA:48,10,0,1
BRDA:56,11,0,2
BRDA:59,12,0,1
BRDA:60,13,0,0
BRDA:67,14,0,0
BRDA:75,15,0,1
BRDA:79,16,0,8
BRDA:80,17,0,2
BRDA:82,18,0,0
BRDA:89,19,0,1
BRDA:94,20,0,0
BRDA:95,21,0,0
BRDA:123,22,0,60
BRDA:126,23,0,2
BRDA:145,24,0,2
BRDA:161,25,0,1
BRDA:167,26,0,24
BRF:27
BRH:22
end_of_record
TN:
SF:src/screens/events/guests/DeleteConfirmDialog.tsx
FN:31,DeleteConfirmDialog
FN:39,onOpenChange
FN:62,onChange
FN:73,onClick
FNF:4
FNH:3
FNDA:64,DeleteConfirmDialog
FNDA:0,onOpenChange
FNDA:19,onChange
FNDA:1,onClick
DA:1,1
DA:29,1
DA:31,1
DA:32,64
DA:33,64
DA:34,64
DA:35,64
DA:36,64
DA:38,64
DA:39,64
DA:40,64
DA:41,64
DA:42,64
DA:43,64
DA:44,64
DA:45,64
DA:46,64
DA:47,64
DA:48,29
DA:49,35
DA:51,64
DA:52,64
DA:54,64
DA:55,22
DA:56,22
DA:57,22
DA:58,22
DA:59,22
DA:60,22
DA:61,22
DA:62,22
DA:63,22
DA:64,22
DA:65,22
DA:66,22
DA:69,64
DA:70,64
DA:71,64
DA:72,64
DA:73,64
DA:74,64
DA:76,64
DA:77,64
DA:78,64
DA:79,64
DA:80,64
DA:81,64
DA:82,64
DA:84,64
DA:85,64
DA:86,64
DA:87,64
DA:89,64
LF:53
LH:53
BRDA:31,0,0,64
BRDA:36,1,0,22
BRDA:43,2,0,40
BRDA:43,3,0,5
BRDA:43,4,0,35
BRDA:47,5,0,29
BRDA:48,6,0,35
BRDA:54,7,0,22
BRDA:62,8,0,19
BRDA:73,9,0,1
BRF:10
BRH:10
end_of_record
TN:
SF:src/screens/events/guests/EventGuestsTab.tsx
FN:22,EventGuestsTab
FN:36,queryFn
FN:69,handleSortClick
FN:78,handleRowClick
FN:84,clearFilters
FN:99,onSelectionCleared
FN:100,onAddClick
FN:123,onAddGuest
FN:136,onOpenChange
FN:140,onDeleted
FN:149,sortValue
FNF:11
FNH:6
FNDA:23,EventGuestsTab
FNDA:7,queryFn
FNDA:1,handleSortClick
FNDA:1,handleRowClick
FNDA:0,clearFilters
FNDA:0,onSelectionCleared
FNDA:1,onAddClick
FNDA:0,onAddGuest
FNDA:0,onOpenChange
FNDA:0,onDeleted
FNDA:96,sortValue
DA:1,1
DA:22,1
DA:23,23
DA:24,23
DA:25,23
DA:26,23
DA:27,23
DA:28,23
DA:30,23
DA:31,23
DA:32,23
DA:34,23
DA:35,23
DA:36,23
DA:37,23
DA:38,23
DA:40,23
DA:41,23
DA:45,23
DA:46,17
DA:47,17
DA:48,17
DA:49,1
DA:50,1
DA:51,17
DA:52,1
DA:53,4
DA:54,3
DA:55,3
DA:56,1
DA:57,1
DA:58,17
DA:59,17
DA:60,48
DA:61,48
DA:62,48
DA:63,24
DA:64,0
DA:65,17
DA:66,17
DA:67,23
DA:69,23
DA:70,1
DA:71,1
DA:72,1
DA:73,0
DA:74,0
DA:75,0
DA:76,1
DA:78,23
DA:79,1
DA:80,1
DA:81,1
DA:83,23
DA:84,23
DA:85,0
DA:86,0
DA:87,0
DA:89,23
DA:90,23
DA:91,23
DA:92,23
DA:93,23
DA:94,23
DA:95,23
DA:96,23
DA:97,23
DA:98,23
DA:99,23
DA:100,23
DA:101,23
DA:103,23
DA:104,7
DA:105,7
DA:106,7
DA:107,16
DA:108,0
DA:109,0
DA:110,0
DA:112,16
DA:113,16
DA:114,16
DA:115,16
DA:116,16
DA:117,16
DA:118,16
DA:119,16
DA:120,16
DA:121,16
DA:122,16
DA:123,16
DA:124,16
DA:127,23
DA:128,23
DA:129,23
DA:130,23
DA:131,23
DA:133,23
DA:134,23
DA:135,23
DA:136,23
DA:137,0
DA:138,0
DA:139,0
DA:140,23
DA:141,0
DA:142,0
DA:143,0
DA:144,23
DA:145,23
DA:147,23
DA:149,96
DA:150,96
DA:151,96
DA:152,96
DA:153,96
DA:154,96
DA:155,96
DA:156,96
DA:157,96
LF:120
LH:104
BRDA:22,0,0,23
BRDA:40,1,0,16
BRDA:40,2,0,7
BRDA:41,3,0,16
BRDA:83,4,0,22
BRDA:103,5,0,7
BRDA:106,6,0,16
BRDA:107,7,0,0
BRDA:36,8,0,7
BRDA:45,9,0,17
BRDA:48,10,0,1
BRDA:51,11,0,1
BRDA:58,12,0,16
BRDA:58,13,0,1
BRDA:49,14,0,4
BRDA:52,15,0,4
BRDA:53,16,0,3
BRDA:54,17,0,2
BRDA:54,18,0,3
BRDA:55,19,0,2
BRDA:59,20,0,48
BRDA:62,21,0,24
BRDA:63,22,0,0
BRDA:69,23,0,1
BRDA:72,24,0,0
BRDA:71,25,0,1
BRDA:71,26,0,0
BRDA:78,27,0,1
BRDA:100,28,0,1
BRDA:105,29,0,35
BRDA:149,30,0,96
BRDA:152,31,0,0
BRDA:153,32,0,0
BRDA:154,33,0,0
BRDA:155,34,0,0
BRF:35
BRH:27
end_of_record
TN:
SF:src/screens/events/guests/GuestDetailDrawer.tsx
FN:29,GuestDetailDrawer
FN:37,queryFn
FN:43,handleDelete
FN:171,onClick
FN:175,onClick
FN:176,onClick
FN:203,DetailRow
FN:217,NoteCard
FNF:8
FNH:3
FNDA:24,GuestDetailDrawer
FNDA:1,queryFn
FNDA:0,handleDelete
FNDA:0,onClick
FNDA:0,onClick
FNDA:0,onClick
FNDA:10,DetailRow
FNDA:0,NoteCard
DA:1,1
DA:29,1
DA:30,24
DA:31,24
DA:32,24
DA:35,24
DA:36,24
DA:37,24
DA:38,24
DA:39,24
DA:40,24
DA:41,24
DA:43,24
DA:44,0
DA:45,0
DA:46,0
DA:47,0
DA:48,0
DA:49,0
DA:50,0
DA:51,0
DA:52,0
DA:54,24
DA:55,24
DA:56,24
DA:57,24
DA:58,24
DA:59,22
DA:61,2
DA:62,2
DA:63,2
DA:64,2
DA:65,2
DA:66,2
DA:67,2
DA:68,2
DA:69,2
DA:70,2
DA:72,2
DA:73,0
DA:75,2
DA:76,2
DA:77,2
DA:78,2
DA:79,2
DA:81,2
DA:83,2
DA:84,2
DA:85,2
DA:86,2
DA:87,2
DA:88,2
DA:89,2
DA:92,2
DA:93,2
DA:94,2
DA:95,2
DA:96,2
DA:97,2
DA:98,2
DA:99,2
DA:102,2
DA:103,0
DA:104,0
DA:105,0
DA:106,0
DA:107,0
DA:108,0
DA:109,0
DA:110,0
DA:112,0
DA:113,0
DA:114,0
DA:115,0
DA:116,0
DA:117,0
DA:119,0
DA:123,2
DA:124,2
DA:125,2
DA:126,1
DA:127,1
DA:128,1
DA:130,0
DA:131,0
DA:132,0
DA:133,0
DA:134,0
DA:135,0
DA:136,0
DA:137,0
DA:138,0
DA:139,0
DA:140,0
DA:141,0
DA:142,0
DA:143,0
DA:144,0
DA:146,0
DA:147,0
DA:148,0
DA:150,2
DA:153,2
DA:154,2
DA:155,2
DA:156,2
DA:157,2
DA:158,0
DA:159,2
DA:160,2
DA:161,2
DA:162,2
DA:163,2
DA:164,2
DA:165,2
DA:166,2
DA:167,2
DA:168,2
DA:170,2
DA:171,2
DA:172,2
DA:173,2
DA:174,2
DA:175,2
DA:176,2
DA:177,2
DA:178,2
DA:180,24
DA:181,24
DA:183,24
DA:184,2
DA:185,2
DA:186,2
DA:187,2
DA:188,2
DA:191,24
DA:192,24
DA:193,24
DA:194,24
DA:195,24
DA:196,24
DA:197,24
DA:198,24
DA:199,24
DA:201,24
DA:203,10
DA:204,10
DA:205,10
DA:206,10
DA:207,10
DA:208,10
DA:209,10
DA:210,10
DA:211,10
DA:212,10
DA:213,10
DA:215,10
DA:217,0
DA:218,0
DA:219,0
DA:220,0
DA:221,0
DA:222,0
DA:223,0
DA:224,0
DA:226,0
LF:166
LH:113
BRDA:29,0,0,24
BRDA:36,1,0,2
BRDA:41,2,0,1
BRDA:41,3,0,23
BRDA:58,4,0,22
BRDA:59,5,0,2
BRDA:72,6,0,0
BRDA:102,7,0,0
BRDA:125,8,0,1
BRDA:126,9,0,1
BRDA:128,10,0,0
BRDA:157,11,0,0
BRDA:183,12,0,2
BRDA:195,13,0,2
BRDA:195,14,0,22
BRDA:37,15,0,1
BRDA:203,16,0,10
BRDA:210,17,0,2
BRDA:210,18,0,8
BRDA:211,19,0,8
BRF:20
BRH:16
end_of_record
TN:
SF:src/screens/events/guests/GuestFormDialog.tsx
FN:55,defaultsFromGuest
FN:70,GuestFormDialog
FN:86,mutationFn
FN:107,onSuccess
FN:119,onError
FN:133,onOpenChange
FN:152,render
FN:165,render
FN:176,render
FN:190,render
FN:202,render
FN:225,render
FN:238,render
FN:257,render
FN:277,render
FN:282,onCheckedChange
FN:295,render
FN:300,onCheckedChange
FN:316,onClick
FNF:19
FNH:16
FNDA:101,defaultsFromGuest
FNDA:92,GuestFormDialog
FNDA:4,mutationFn
FNDA:3,onSuccess
FNDA:1,onError
FNDA:0,onOpenChange
FNDA:95,render
FNDA:77,render
FNDA:52,render
FNDA:52,render
FNDA:52,render
FNDA:52,render
FNDA:52,render
FNDA:52,render
FNDA:52,render
FNDA:1,onCheckedChange
FNDA:52,render
FNDA:0,onCheckedChange
FNDA:0,onClick
DA:1,1
DA:30,1
DA:31,1
DA:32,1
DA:33,1
DA:34,1
DA:35,1
DA:36,1
DA:37,1
DA:38,1
DA:39,1
DA:40,1
DA:41,1
DA:55,101
DA:56,101
DA:57,101
DA:58,101
DA:59,101
DA:60,101
DA:61,101
DA:62,101
DA:63,101
DA:64,101
DA:65,101
DA:66,101
DA:67,101
DA:68,101
DA:70,1
DA:71,92
DA:72,92
DA:73,92
DA:75,92
DA:76,92
DA:77,92
DA:78,92
DA:81,92
DA:82,17
DA:83,92
DA:85,92
DA:86,92
DA:87,4
DA:88,4
DA:89,4
DA:90,4
DA:91,4
DA:92,4
DA:93,4
DA:94,4
DA:95,4
DA:96,4
DA:97,4
DA:98,4
DA:99,4
DA:100,1
DA:101,1
DA:102,1
DA:103,4
DA:104,3
DA:105,2
DA:106,4
DA:107,92
DA:108,3
DA:109,3
DA:110,3
DA:111,3
DA:112,3
DA:113,3
DA:114,3
DA:115,3
DA:116,3
DA:117,3
DA:118,3
DA:119,92
DA:120,1
DA:121,1
DA:122,1
DA:123,1
DA:124,1
DA:125,0
DA:126,0
DA:127,1
DA:128,1
DA:129,1
DA:130,92
DA:132,92
DA:133,92
DA:134,92
DA:135,92
DA:136,92
DA:137,92
DA:138,92
DA:139,15
DA:140,77
DA:141,92
DA:142,92
DA:144,92
DA:145,92
DA:146,92
DA:147,92
DA:149,92
DA:150,92
DA:151,92
DA:152,92
DA:153,95
DA:154,95
DA:155,95
DA:156,95
DA:157,95
DA:159,92
DA:161,92
DA:162,92
DA:163,92
DA:164,92
DA:165,92
DA:166,77
DA:167,77
DA:168,77
DA:169,77
DA:170,77
DA:172,92
DA:173,92
DA:174,92
DA:175,92
DA:176,92
DA:177,52
DA:178,52
DA:179,52
DA:180,52
DA:181,52
DA:183,92
DA:184,92
DA:186,92
DA:187,92
DA:188,92
DA:189,92
DA:190,92
DA:191,52
DA:192,52
DA:193,52
DA:194,52
DA:195,52
DA:196,52
DA:198,92
DA:199,92
DA:200,92
DA:201,92
DA:202,92
DA:203,52
DA:204,52
DA:205,52
DA:206,52
DA:207,52
DA:208,52
DA:209,208
DA:210,208
DA:211,208
DA:212,208
DA:213,52
DA:214,52
DA:215,52
DA:216,52
DA:217,52
DA:219,92
DA:220,92
DA:222,92
DA:223,92
DA:224,92
DA:225,92
DA:226,52
DA:227,52
DA:228,52
DA:229,52
DA:230,52
DA:231,52
DA:233,92
DA:235,92
DA:236,92
DA:237,92
DA:238,92
DA:239,52
DA:240,52
DA:241,52
DA:242,52
DA:243,52
DA:244,52
DA:245,52
DA:246,52
DA:247,52
DA:248,52
DA:249,52
DA:250,52
DA:252,92
DA:254,92
DA:255,92
DA:256,92
DA:257,92
DA:258,52
DA:259,52
DA:260,52
DA:261,52
DA:262,52
DA:263,52
DA:264,52
DA:265,52
DA:266,52
DA:267,52
DA:268,52
DA:269,52
DA:271,92
DA:273,92
DA:274,92
DA:275,92
DA:276,92
DA:277,92
DA:278,52
DA:279,52
DA:280,52
DA:281,52
DA:282,52
DA:283,52
DA:284,52
DA:285,52
DA:286,52
DA:287,52
DA:288,52
DA:289,52
DA:291,92
DA:292,92
DA:293,92
DA:294,92
DA:295,92
DA:296,52
DA:297,52
DA:298,52
DA:299,52
DA:300,52
DA:301,52
DA:302,52
DA:303,52
DA:304,52
DA:305,52
DA:306,52
DA:307,52
DA:309,92
DA:310,92
DA:312,92
DA:313,92
DA:314,92
DA:315,92
DA:316,92
DA:317,92
DA:319,92
DA:320,92
DA:321,92
DA:322,92
DA:323,92
DA:324,92
DA:325,92
DA:326,92
DA:327,92
DA:329,92
LF:261
LH:259
BRDA:55,0,0,101
BRDA:57,1,0,17
BRDA:57,2,0,84
BRDA:58,3,0,17
BRDA:58,4,0,84
BRDA:59,5,0,17
BRDA:60,6,0,17
BRDA:60,7,0,94
BRDA:61,8,0,17
BRDA:61,9,0,84
BRDA:62,10,0,17
BRDA:63,11,0,17
BRDA:63,12,0,97
BRDA:64,13,0,17
BRDA:65,14,0,17
BRDA:66,15,0,17
BRDA:70,16,0,92
BRDA:71,17,0,15
BRDA:71,18,0,77
BRDA:136,19,0,15
BRDA:136,20,0,77
BRDA:138,21,0,15
BRDA:139,22,0,77
BRDA:321,23,0,15
BRDA:321,24,0,77
BRDA:81,25,0,17
BRDA:82,26,0,9
BRDA:86,27,0,4
BRDA:89,28,0,2
BRDA:99,29,0,1
BRDA:99,30,0,1
BRDA:102,31,0,3
BRDA:103,32,0,0
BRDA:103,33,0,3
BRDA:104,34,0,2
BRDA:107,35,0,3
BRDA:111,36,0,1
BRDA:111,37,0,2
BRDA:117,38,0,1
BRDA:119,39,0,1
BRDA:122,40,0,0
BRDA:124,41,0,0
BRDA:146,42,0,4
BRDA:152,43,0,95
BRDA:165,44,0,77
BRDA:176,45,0,52
BRDA:190,46,0,52
BRDA:202,47,0,52
BRDA:208,48,0,208
BRDA:225,49,0,52
BRDA:238,50,0,52
BRDA:257,51,0,52
BRDA:277,52,0,52
BRDA:282,53,0,1
BRDA:295,54,0,52
BRF:55
BRH:52
end_of_record
TN:
SF:src/screens/events/guests/GuestsTable.tsx
FN:45,GuestsTable
FN:57,toggleAll
FN:67,toggleOne
FN:76,mutationFn
FN:78,onSuccess
FN:82,onError
FN:129,onClick
FN:135,onClick
FN:138,onCheckedChange
FN:149,onClick
FN:164,onSelect
FN:193,SortHeader
FN:205,onClick
FN:218,TagCell
FNF:14
FNH:13
FNDA:27,GuestsTable
FNDA:1,toggleAll
FNDA:2,toggleOne
FNDA:1,mutationFn
FNDA:1,onSuccess
FNDA:0,onError
FNDA:2,onClick
FNDA:2,onClick
FNDA:2,onCheckedChange
FNDA:2,onClick
FNDA:1,onSelect
FNDA:125,SortHeader
FNDA:2,onClick
FNDA:83,TagCell
DA:1,1
DA:45,1
DA:46,27
DA:47,27
DA:48,27
DA:49,27
DA:50,27
DA:51,27
DA:53,27
DA:54,27
DA:55,27
DA:57,27
DA:58,1
DA:59,1
DA:60,1
DA:61,3
DA:62,0
DA:63,3
DA:64,1
DA:65,1
DA:67,27
DA:68,2
DA:69,2
DA:70,0
DA:71,2
DA:72,2
DA:75,27
DA:76,27
DA:77,1
DA:78,27
DA:79,1
DA:80,1
DA:81,1
DA:82,27
DA:83,0
DA:84,0
DA:85,0
DA:86,0
DA:87,27
DA:89,27
DA:90,2
DA:91,2
DA:92,2
DA:93,2
DA:94,2
DA:95,2
DA:96,2
DA:97,1
DA:98,1
DA:100,2
DA:101,2
DA:103,2
DA:105,25
DA:106,25
DA:107,25
DA:108,25
DA:109,25
DA:110,25
DA:111,25
DA:112,25
DA:113,25
DA:114,25
DA:115,25
DA:116,25
DA:117,25
DA:118,25
DA:119,25
DA:120,25
DA:121,25
DA:122,25
DA:123,25
DA:124,25
DA:125,25
DA:126,25
DA:127,83
DA:128,83
DA:129,83
DA:130,83
DA:131,83
DA:132,83
DA:133,83
DA:135,83
DA:136,83
DA:137,83
DA:138,83
DA:139,83
DA:140,83
DA:141,83
DA:142,83
DA:143,83
DA:144,83
DA:145,83
DA:146,83
DA:147,83
DA:148,83
DA:149,83
DA:150,83
DA:151,83
DA:152,83
DA:153,83
DA:154,83
DA:155,83
DA:157,83
DA:158,83
DA:159,83
DA:160,83
DA:161,83
DA:162,332
DA:163,332
DA:164,332
DA:165,332
DA:167,332
DA:168,332
DA:169,332
DA:170,332
DA:171,332
DA:172,332
DA:173,332
DA:174,83
DA:175,83
DA:176,83
DA:177,83
DA:178,83
DA:179,83
DA:180,83
DA:181,83
DA:182,83
DA:183,83
DA:184,83
DA:185,25
DA:186,25
DA:187,25
DA:188,25
DA:190,25
DA:193,125
DA:194,125
DA:195,125
DA:198,125
DA:199,125
DA:200,125
DA:201,125
DA:202,125
DA:203,125
DA:204,125
DA:205,125
DA:206,125
DA:207,125
DA:208,125
DA:209,125
DA:211,125
DA:212,125
DA:213,125
DA:214,125
DA:216,125
DA:218,83
DA:219,83
DA:220,83
DA:221,83
DA:222,83
DA:223,83
DA:224,83
DA:225,37
DA:226,37
DA:227,37
DA:228,40
DA:229,40
DA:230,40
DA:232,40
DA:233,40
DA:234,37
DA:235,37
DA:237,37
LF:172
LH:166
BRDA:45,0,0,27
BRDA:53,1,0,25
BRDA:55,2,0,0
BRDA:55,3,0,2
BRDA:55,4,0,25
BRDA:89,5,0,2
BRDA:94,6,0,1
BRDA:94,7,0,1
BRDA:95,8,0,1
BRDA:95,9,0,1
BRDA:96,10,0,1
BRDA:97,11,0,1
BRDA:103,12,0,25
BRDA:53,13,0,27
BRDA:54,14,0,78
BRDA:57,15,0,1
BRDA:58,16,0,0
BRDA:60,17,0,3
BRDA:61,18,0,0
BRDA:67,19,0,2
BRDA:69,20,0,0
BRDA:76,21,0,1
BRDA:78,22,0,1
BRDA:126,23,0,83
BRDA:132,24,0,2
BRDA:132,25,0,81
BRDA:144,26,0,44
BRDA:147,27,0,44
BRDA:179,28,0,59
BRDA:129,29,0,2
BRDA:135,30,0,2
BRDA:138,31,0,2
BRDA:149,32,0,2
BRDA:161,33,0,332
BRDA:164,34,0,1
BRDA:193,35,0,125
BRDA:200,36,0,100
BRDA:200,37,0,25
BRDA:200,38,0,24
BRDA:200,39,0,1
BRDA:208,40,0,25
BRDA:212,41,0,100
BRDA:205,42,0,2
BRDA:218,43,0,83
BRDA:220,44,0,23
BRDA:221,45,0,15
BRDA:222,46,0,1
BRDA:223,47,0,1
BRDA:224,48,0,46
BRDA:224,49,0,37
BRDA:227,50,0,40
BRF:51
BRH:47
end_of_record
TN:
SF:src/screens/events/guests/GuestsToolbar.tsx
FN:24,GuestsToolbar
FN:37,onClick
FN:46,onChange
FN:52,onClick
FN:59,onClick
FN:88,StatusChip
FNF:6
FNH:4
FNDA:23,GuestsToolbar
FNDA:0,onClick
FNDA:3,onChange
FNDA:0,onClick
FNDA:1,onClick
FNDA:115,StatusChip
DA:1,1
DA:24,1
DA:25,23
DA:26,23
DA:27,23
DA:28,23
DA:29,23
DA:30,23
DA:31,23
DA:32,23
DA:33,23
DA:34,23
DA:35,4
DA:36,4
DA:37,4
DA:38,4
DA:39,4
DA:41,4
DA:42,4
DA:43,19
DA:44,23
DA:45,23
DA:46,23
DA:47,23
DA:48,23
DA:49,23
DA:51,23
DA:52,23
DA:54,23
DA:55,23
DA:56,92
DA:57,92
DA:58,92
DA:59,92
DA:60,92
DA:62,92
DA:63,92
DA:64,23
DA:65,23
DA:67,23
DA:68,23
DA:69,1
DA:70,1
DA:71,1
DA:72,1
DA:73,1
DA:75,23
DA:76,0
DA:77,0
DA:78,0
DA:80,23
DA:81,23
DA:82,23
DA:83,23
DA:84,23
DA:86,23
DA:88,115
DA:89,115
DA:90,115
DA:91,115
DA:92,115
DA:93,115
DA:94,115
DA:95,115
DA:96,115
DA:97,115
DA:98,115
DA:99,115
DA:100,23
DA:101,92
DA:102,115
DA:104,115
DA:105,115
DA:106,115
DA:107,115
DA:108,115
DA:109,115
DA:111,115
DA:112,115
DA:113,115
DA:115,115
LF:81
LH:78
BRDA:24,0,0,23
BRDA:28,1,0,16
BRDA:28,2,0,7
BRDA:34,3,0,4
BRDA:42,4,0,19
BRDA:68,5,0,1
BRDA:75,6,0,0
BRDA:46,7,0,3
BRDA:55,8,0,92
BRDA:60,9,0,64
BRDA:60,10,0,28
BRDA:59,11,0,1
BRDA:88,12,0,115
BRDA:99,13,0,23
BRDA:100,14,0,92
BRDA:108,15,0,23
BRDA:108,16,0,92
BRF:17
BRH:16
end_of_record
TN:
SF:src/screens/events/guests/rsvpMeta.tsx
FN:24,RsvpBadge
FNF:1
FNH:1
FNDA:86,RsvpBadge
DA:1,1
DA:15,1
DA:16,1
DA:17,1
DA:18,1
DA:19,1
DA:20,1
DA:22,1
DA:24,1
DA:25,86
DA:26,86
DA:27,86
LF:12
LH:12
BRDA:24,0,0,86
BRF:1
BRH:1
end_of_record
TN:
SF:src/sdk/auth.ts
FN:6,register
FN:17,login
FN:23,me
FN:27,logout
FNF:4
FNH:4
FNDA:16,register
FNDA:4,login
FNDA:1,me
FNDA:1,logout
DA:1,1
DA:5,1
DA:6,1
DA:11,16
DA:12,16
DA:13,16
DA:14,16
DA:15,16
DA:17,1
DA:18,4
DA:19,1
DA:20,1
DA:21,4
DA:23,1
DA:24,1
DA:25,1
DA:27,1
DA:28,1
DA:29,0
DA:30,1
DA:31,1
DA:32,1
LF:22
LH:21
BRDA:6,0,0,16
BRDA:17,1,0,4
BRDA:18,2,0,1
BRDA:23,3,0,1
BRDA:27,4,0,1
BRDA:28,5,0,0
BRF:6
BRH:5
end_of_record
TN:
SF:src/sdk/catalog.ts
FN:7,list
FN:10,create
FN:15,replaceAll
FN:20,update
FN:25,delete
FNF:5
FNH:2
FNDA:1,list
FNDA:0,create
FNDA:1,replaceAll
FNDA:0,update
FNDA:0,delete
DA:1,1
DA:6,1
DA:7,1
DA:8,1
DA:9,1
DA:10,1
DA:12,0
DA:13,0
DA:14,0
DA:15,1
DA:17,1
DA:18,1
DA:19,1
DA:20,1
DA:22,0
DA:23,0
DA:24,0
DA:25,1
DA:26,0
DA:27,0
DA:28,1
LF:21
LH:13
BRDA:7,0,0,1
BRDA:15,1,0,1
BRF:2
BRH:2
end_of_record
TN:
SF:src/sdk/client.ts
FN:17,getToken
FN:25,setToken
FN:47,ApiError
FN:77,subscribe
FN:82,notifyListeners
FN:90,isServerReachable
FN:92,markReachable
FN:98,markUnreachable
FN:115,request
FN:176,classifyStatus
FN:186,safeJsonParse
FN:192,get
FN:193,post
FN:194,put
FN:195,patch
FN:196,delete
FNF:16
FNH:16
FNDA:71,getToken
FNDA:286,setToken
FNDA:26,ApiError
FNDA:4,subscribe
FNDA:468,notifyListeners
FNDA:23,isServerReachable
FNDA:89,markReachable
FNDA:1,markUnreachable
FNDA:90,request
FNDA:11,classifyStatus
FNDA:85,safeJsonParse
FNDA:36,get
FNDA:35,post
FNDA:4,put
FNDA:11,patch
FNDA:4,delete
DA:14,1
DA:17,1
DA:18,71
DA:19,71
DA:20,71
DA:21,0
DA:22,0
DA:23,71
DA:25,1
DA:26,286
DA:27,286
DA:28,210
DA:29,286
DA:30,286
DA:31,286
DA:46,1
DA:47,1
DA:48,26
DA:51,26
DA:52,26
DA:53,26
DA:54,26
DA:55,26
DA:56,26
DA:57,26
DA:58,1
DA:75,1
DA:77,1
DA:78,4
DA:79,4
DA:80,4
DA:82,468
DA:83,468
DA:84,24
DA:85,24
DA:86,468
DA:89,1
DA:90,1
DA:92,89
DA:93,89
DA:94,1
DA:95,1
DA:96,1
DA:97,89
DA:98,1
DA:99,1
DA:100,1
DA:101,1
DA:102,1
DA:103,1
DA:115,90
DA:116,90
DA:117,90
DA:118,90
DA:119,90
DA:120,90
DA:121,90
DA:122,90
DA:123,90
DA:124,90
DA:125,68
DA:126,68
DA:127,68
DA:129,90
DA:130,90
DA:132,90
DA:133,90
DA:134,90
DA:135,90
DA:136,90
DA:137,90
DA:138,90
DA:139,90
DA:140,90
DA:143,1
DA:144,1
DA:145,1
DA:146,1
DA:147,1
DA:149,89
DA:152,90
DA:153,4
DA:154,4
DA:155,4
DA:157,85
DA:158,90
DA:160,90
DA:161,11
DA:162,11
DA:163,11
DA:164,11
DA:165,11
DA:166,11
DA:167,11
DA:168,11
DA:169,11
DA:170,11
DA:172,74
DA:173,74
DA:174,74
DA:176,11
DA:177,11
DA:178,11
DA:179,8
DA:180,8
DA:181,3
DA:182,2
DA:183,2
DA:184,2
DA:186,85
DA:187,85
DA:188,85
DA:191,1
DA:192,1
DA:193,1
DA:194,1
DA:195,1
DA:196,1
DA:197,1
LF:119
LH:117
BRDA:17,0,0,71
BRDA:19,1,0,0
BRDA:20,2,0,0
BRDA:25,3,0,286
BRDA:27,4,0,227
BRDA:27,5,0,76
BRDA:27,6,0,210
BRDA:29,7,0,0
BRDA:47,8,0,26
BRDA:77,9,0,4
BRDA:79,10,0,2
BRDA:82,11,0,468
BRDA:83,12,0,24
BRDA:84,13,0,0
BRDA:90,14,0,23
BRDA:92,15,0,89
BRDA:93,16,0,1
BRDA:98,17,0,1
BRDA:115,18,0,90
BRDA:123,19,0,49
BRDA:124,20,0,68
BRDA:126,21,0,67
BRDA:137,22,0,49
BRDA:137,23,0,41
BRDA:139,24,0,89
BRDA:140,25,0,1
BRDA:147,26,0,89
BRDA:152,27,0,4
BRDA:155,28,0,85
BRDA:158,29,0,0
BRDA:160,30,0,11
BRDA:161,31,0,0
BRDA:165,32,0,0
BRDA:170,33,0,74
BRDA:176,34,0,11
BRDA:177,35,0,8
BRDA:177,36,0,4
BRDA:177,37,0,7
BRDA:178,38,0,10
BRDA:178,39,0,2
BRDA:178,40,0,8
BRDA:178,41,0,5
BRDA:179,42,0,3
BRDA:179,43,0,2
BRDA:180,44,0,0
BRDA:180,45,0,3
BRDA:181,46,0,1
BRDA:181,47,0,2
BRDA:182,48,0,0
BRDA:186,49,0,85
BRDA:187,50,0,0
BRDA:192,51,0,36
BRDA:193,52,0,35
BRDA:194,53,0,4
BRDA:195,54,0,11
BRDA:196,55,0,4
BRF:56
BRH:46
end_of_record
TN:
SF:src/sdk/events.ts
FN:32,list
FN:44,get
FN:48,create
FN:52,update
FN:56,delete
FN:60,listSubEvents
FN:64,createSubEvent
FNF:7
FNH:5
FNDA:8,list
FNDA:3,get
FNDA:5,create
FNDA:1,update
FNDA:1,delete
FNDA:0,listSubEvents
FNDA:0,createSubEvent
DA:1,1
DA:31,1
DA:32,1
DA:33,8
DA:34,8
DA:35,8
DA:36,8
DA:37,8
DA:38,8
DA:39,8
DA:40,8
DA:41,8
DA:42,8
DA:44,1
DA:45,3
DA:46,3
DA:48,1
DA:49,5
DA:50,5
DA:52,1
DA:53,1
DA:54,1
DA:56,1
DA:57,1
DA:58,1
DA:60,1
DA:61,0
DA:62,0
DA:64,1
DA:65,0
DA:66,0
DA:67,1
LF:32
LH:28
BRDA:32,0,0,8
BRDA:34,1,0,0
BRDA:34,2,0,0
BRDA:35,3,0,1
BRDA:36,4,0,0
BRDA:37,5,0,0
BRDA:38,6,0,0
BRDA:39,7,0,0
BRDA:41,8,0,1
BRDA:41,9,0,7
BRDA:44,10,0,3
BRDA:48,11,0,5
BRDA:52,12,0,1
BRDA:56,13,0,1
BRF:14
BRH:8
end_of_record
TN:
SF:src/sdk/guests.ts
FN:34,list
FN:38,create
FN:42,update
FN:46,delete
FN:50,rotatePortalToken
FN:54,revokePortalToken
FN:60,list
FN:67,info
FN:71,verifyPassword
FN:75,submitRsvp
FNF:10
FNH:7
FNDA:8,list
FNDA:4,create
FNDA:7,update
FNDA:2,delete
FNDA:0,rotatePortalToken
FNDA:0,revokePortalToken
FNDA:1,list
FNDA:1,info
FNDA:0,verifyPassword
FNDA:1,submitRsvp
DA:1,1
DA:33,1
DA:34,1
DA:35,8
DA:36,8
DA:38,1
DA:39,4
DA:40,4
DA:42,1
DA:43,7
DA:44,7
DA:46,1
DA:47,2
DA:48,2
DA:50,1
DA:51,0
DA:52,0
DA:54,1
DA:55,0
DA:56,0
DA:57,1
DA:59,1
DA:60,1
DA:61,1
DA:62,1
DA:63,1
DA:66,1
DA:67,1
DA:68,1
DA:69,1
DA:71,1
DA:72,0
DA:73,0
DA:75,1
DA:76,1
DA:77,1
DA:78,1
LF:37
LH:31
BRDA:34,0,0,8
BRDA:38,1,0,4
BRDA:42,2,0,7
BRDA:46,3,0,2
BRDA:60,4,0,1
BRDA:67,5,0,1
BRDA:75,6,0,1
BRF:7
BRH:7
end_of_record
TN:
SF:src/sdk/index.ts
FNF:0
FNH:0
DA:1,1
DA:27,1
DA:28,1
DA:29,1
DA:30,1
DA:31,1
DA:32,1
DA:33,1
DA:34,1
DA:35,1
DA:36,1
DA:37,1
DA:38,1
DA:39,1
DA:40,1
DA:41,1
LF:16
LH:16
BRF:0
BRH:0
end_of_record
TN:
SF:src/sdk/layouts.ts
FN:5,list
FN:12,get
FN:15,create
FN:26,save
FN:29,listVersions
FN:32,delete
FNF:6
FNH:2
FNDA:1,list
FNDA:0,get
FNDA:0,create
FNDA:1,save
FNDA:0,listVersions
FNDA:0,delete
DA:1,1
DA:4,1
DA:5,1
DA:6,1
DA:7,1
DA:8,1
DA:9,1
DA:10,1
DA:11,1
DA:12,1
DA:13,0
DA:14,0
DA:15,1
DA:23,0
DA:24,0
DA:25,0
DA:26,1
DA:27,1
DA:28,1
DA:29,1
DA:30,0
DA:31,0
DA:32,1
DA:33,0
DA:34,0
DA:35,1
LF:26
LH:17
BRDA:5,0,0,1
BRDA:10,1,0,0
BRDA:26,2,0,1
BRF:3
BRH:2
end_of_record
TN:
SF:src/sdk/orgs.ts
FN:5,list
FN:9,get
FN:13,updateBranding
FNF:3
FNH:2
FNDA:2,list
FNDA:0,get
FNDA:1,updateBranding
DA:1,1
DA:4,1
DA:5,1
DA:6,2
DA:7,2
DA:9,1
DA:10,0
DA:11,0
DA:13,1
DA:14,1
DA:15,1
DA:16,1
LF:12
LH:10
BRDA:5,0,0,2
BRDA:13,1,0,1
BRF:2
BRH:2
end_of_record
TN:
SF:src/sdk/platformConfig.ts
FN:12,getOrg
FN:15,putOrg
FN:19,getEvent
FN:22,putEvent
FN:26,getUserPreferences
FN:29,putUserPreferences
FNF:6
FNH:2
FNDA:4,getOrg
FNDA:2,putOrg
FNDA:0,getEvent
FNDA:0,putEvent
FNDA:0,getUserPreferences
FNDA:0,putUserPreferences
DA:1,1
DA:11,1
DA:12,1
DA:13,4
DA:14,4
DA:15,1
DA:16,2
DA:17,2
DA:19,1
DA:20,0
DA:21,0
DA:22,1
DA:23,0
DA:24,0
DA:26,1
DA:27,0
DA:28,0
DA:29,1
DA:30,0
DA:31,0
DA:32,1
LF:21
LH:13
BRDA:12,0,0,4
BRDA:15,1,0,2
BRF:2
BRH:2
end_of_record
TN:
SF:src/sdk/roles.ts
FN:5,listRoles
FN:9,permissionCatalog
FN:13,createCustomRole
FN:24,updateCustomRole
FN:33,deleteCustomRole
FN:38,listMembers
FN:42,addMember
FN:46,updateMemberRole
FN:50,removeMember
FNF:9
FNH:4
FNDA:2,listRoles
FNDA:1,permissionCatalog
FNDA:1,createCustomRole
FNDA:2,updateCustomRole
FNDA:0,deleteCustomRole
FNDA:0,listMembers
FNDA:0,addMember
FNDA:0,updateMemberRole
FNDA:0,removeMember
DA:1,1
DA:4,1
DA:5,1
DA:6,2
DA:7,2
DA:9,1
DA:10,1
DA:11,1
DA:13,1
DA:20,1
DA:21,1
DA:22,1
DA:24,1
DA:29,2
DA:30,2
DA:31,2
DA:33,1
DA:34,0
DA:35,0
DA:38,1
DA:39,0
DA:40,0
DA:42,1
DA:43,0
DA:44,0
DA:46,1
DA:47,0
DA:48,0
DA:50,1
DA:51,0
DA:52,0
DA:53,1
LF:32
LH:22
BRDA:5,0,0,2
BRDA:9,1,0,1
BRDA:13,2,0,1
BRDA:24,3,0,2
BRF:4
BRH:4
end_of_record
TN:
SF:src/sdk/timeline.ts
FN:18,list
FN:21,create
FN:24,update
FN:27,delete
FNF:4
FNH:1
FNDA:1,list
FNDA:0,create
FNDA:0,update
FNDA:0,delete
DA:1,1
DA:17,1
DA:18,1
DA:19,1
DA:20,1
DA:21,1
DA:22,0
DA:23,0
DA:24,1
DA:25,0
DA:26,0
DA:27,1
DA:28,0
DA:29,0
DA:30,1
LF:15
LH:9
BRDA:18,0,0,1
BRF:1
BRH:1
end_of_record
TN:
SF:src/sdk/vendors.ts
FN:19,list
FN:23,create
FN:26,update
FN:29,delete
FN:32,listPayments
FN:35,addPayment
FNF:6
FNH:2
FNDA:1,list
FNDA:0,create
FNDA:0,update
FNDA:0,delete
FNDA:0,listPayments
FNDA:1,addPayment
DA:1,1
DA:18,1
DA:19,1
DA:20,1
DA:21,1
DA:22,1
DA:23,1
DA:24,0
DA:25,0
DA:26,1
DA:27,0
DA:28,0
DA:29,1
DA:30,0
DA:31,0
DA:32,1
DA:33,0
DA:34,0
DA:35,1
DA:36,1
DA:37,1
DA:38,1
LF:22
LH:14
BRDA:19,0,0,1
BRDA:20,1,0,0
BRDA:35,2,0,1
BRF:3
BRH:2
end_of_record
TN:
SF:src/sdk/venues.ts
FN:21,list
FN:24,create
FN:27,update
FN:30,delete
FNF:4
FNH:4
FNDA:1,list
FNDA:1,create
FNDA:1,update
FNDA:1,delete
DA:1,1
DA:20,1
DA:21,1
DA:22,1
DA:23,1
DA:24,1
DA:25,1
DA:26,1
DA:27,1
DA:28,1
DA:29,1
DA:30,1
DA:31,1
DA:32,1
DA:33,1
LF:15
LH:15
BRDA:21,0,0,1
BRDA:24,1,0,1
BRDA:27,2,0,1
BRDA:30,3,0,1
BRF:4
BRH:4
end_of_record
TN:
SF:src/ui/AppShell.tsx
FN:58,AppShell
FN:170,Sidebar
FN:211,NavLinkItem
FN:237,PageHeader
FN:275,PageBody
FNF:5
FNH:2
FNDA:0,AppShell
FNDA:0,Sidebar
FNDA:0,NavLinkItem
FNDA:36,PageHeader
FNDA:36,PageBody
DA:1,1
DA:41,1
DA:42,1
DA:43,1
DA:44,1
DA:45,1
DA:46,1
DA:47,1
DA:48,1
DA:58,1
DA:59,0
DA:60,0
DA:61,0
DA:64,0
DA:66,0
DA:67,0
DA:69,0
DA:70,0
DA:72,0
DA:73,0
DA:74,0
DA:75,0
DA:76,0
DA:77,0
DA:79,0
DA:80,0
DA:83,0
DA:84,0
DA:85,0
DA:87,0
DA:88,0
DA:91,0
DA:94,0
DA:95,0
DA:96,0
DA:97,0
DA:98,0
DA:99,0
DA:101,0
DA:102,0
DA:103,0
DA:104,0
DA:105,0
DA:106,0
DA:109,0
DA:112,0
DA:113,0
DA:114,0
DA:115,0
DA:116,0
DA:117,0
DA:118,0
DA:119,0
DA:120,0
DA:121,0
DA:122,0
DA:124,0
DA:126,0
DA:127,0
DA:128,0
DA:129,0
DA:130,0
DA:133,0
DA:134,0
DA:135,0
DA:136,0
DA:137,0
DA:138,0
DA:140,0
DA:141,0
DA:142,0
DA:143,0
DA:145,0
DA:146,0
DA:147,0
DA:148,0
DA:149,0
DA:150,0
DA:151,0
DA:152,0
DA:153,0
DA:154,0
DA:155,0
DA:156,0
DA:157,0
DA:161,0
DA:162,0
DA:163,0
DA:164,0
DA:165,0
DA:167,0
DA:170,0
DA:171,0
DA:172,0
DA:173,0
DA:174,0
DA:178,0
DA:179,0
DA:180,0
DA:181,0
DA:182,0
DA:183,0
DA:184,0
DA:185,0
DA:187,0
DA:188,0
DA:189,0
DA:190,0
DA:191,0
DA:192,0
DA:193,0
DA:194,0
DA:195,0
DA:196,0
DA:198,0
DA:199,0
DA:200,0
DA:201,0
DA:203,0
DA:205,0
DA:206,0
DA:207,0
DA:209,0
DA:211,0
DA:212,0
DA:213,0
DA:214,0
DA:215,0
DA:216,0
DA:217,0
DA:219,0
DA:220,0
DA:221,0
DA:222,0
DA:223,0
DA:224,0
DA:225,0
DA:226,0
DA:227,0
DA:228,0
DA:230,0
DA:231,0
DA:232,0
DA:234,0
DA:237,1
DA:238,36
DA:239,36
DA:240,36
DA:241,36
DA:242,36
DA:247,36
DA:248,36
DA:249,36
DA:250,36
DA:251,36
DA:252,0
DA:253,0
DA:254,0
DA:256,0
DA:257,0
DA:258,0
DA:260,36
DA:261,36
DA:262,36
DA:263,36
DA:264,36
DA:266,36
DA:267,36
DA:268,36
DA:269,36
DA:270,36
DA:272,36
DA:275,1
DA:276,36
DA:277,36
DA:278,36
DA:279,36
DA:281,36
LF:178
LH:38
BRDA:237,0,0,36
BRDA:251,1,0,0
BRDA:267,2,0,25
BRDA:275,3,0,36
BRF:4
BRH:3
end_of_record
TN:
SF:src/ui/Badge.tsx
FN:28,Badge
FNF:1
FNH:1
FNDA:107,Badge
DA:1,1
DA:5,1
DA:6,1
DA:7,1
DA:8,1
DA:9,1
DA:10,1
DA:11,1
DA:12,1
DA:13,1
DA:14,1
DA:15,1
DA:16,1
DA:17,1
DA:18,1
DA:19,1
DA:20,1
DA:21,1
DA:22,1
DA:28,1
DA:29,107
DA:30,107
LF:22
LH:22
BRDA:28,0,0,107
BRF:1
BRH:1
end_of_record
TN:
SF:src/ui/Button.tsx
FNF:0
FNH:0
DA:1,1
DA:19,1
DA:20,1
DA:21,1
DA:22,1
DA:23,1
DA:24,1
DA:25,1
DA:26,1
DA:27,1
DA:28,1
DA:29,1
DA:30,1
DA:31,1
DA:32,1
DA:33,1
DA:34,1
DA:35,1
DA:36,1
DA:37,1
DA:38,1
DA:39,1
DA:40,1
DA:41,1
DA:42,1
DA:43,1
DA:44,1
DA:45,1
DA:46,1
DA:47,1
DA:48,1
DA:57,1
DA:58,1
DA:62,473
DA:63,1
DA:64,1
DA:65,1
DA:66,1
DA:67,1
DA:69,1
DA:70,1
DA:72,1
DA:73,472
DA:74,472
DA:75,472
DA:76,472
DA:77,473
DA:78,473
DA:80,473
DA:81,473
DA:82,473
DA:84,473
DA:85,1
DA:86,1
LF:54
LH:54
BRDA:58,0,0,473
BRDA:62,1,0,1
BRDA:72,2,0,472
BRDA:77,3,0,397
BRDA:80,4,0,25
BRF:5
BRH:5
end_of_record
TN:
SF:src/ui/Card.tsx
FNF:0
FNH:0
DA:1,1
DA:15,1
DA:16,1
DA:17,144
DA:18,144
DA:19,144
DA:20,144
DA:21,144
DA:22,144
DA:23,144
DA:24,144
DA:25,144
DA:27,1
DA:28,1
DA:30,1
DA:31,1
DA:32,113
DA:34,1
DA:35,1
DA:37,1
DA:38,1
DA:39,113
DA:41,1
DA:42,1
DA:44,1
DA:45,1
DA:46,113
DA:48,1
DA:49,1
DA:51,1
DA:52,1
DA:53,120
DA:55,1
DA:56,1
DA:58,1
DA:59,1
DA:60,1
DA:62,1
DA:63,1
LF:39
LH:39
BRDA:16,0,0,144
BRDA:21,1,0,1
BRDA:31,2,0,113
BRDA:38,3,0,113
BRDA:45,4,0,113
BRDA:52,5,0,120
BRDA:59,6,0,1
BRF:7
BRH:7
end_of_record
TN:
SF:src/ui/Checkbox.tsx
FNF:0
FNH:0
DA:1,1
DA:14,1
DA:17,1
DA:18,212
DA:19,212
DA:20,212
DA:21,212
DA:22,212
DA:23,212
DA:24,212
DA:25,212
DA:26,212
DA:27,212
DA:28,212
DA:29,212
DA:31,212
DA:33,212
DA:34,2
DA:35,210
DA:36,212
DA:37,212
DA:38,212
DA:39,1
LF:23
LH:23
BRDA:17,0,0,212
BRDA:33,1,0,2
BRDA:34,2,0,210
BRF:3
BRH:3
end_of_record
TN:
SF:src/ui/CommandPalette.tsx
FN:1,(empty-report)
FNF:1
FNH:0
FNDA:0,(empty-report)
DA:1,0
DA:39,0
DA:40,0
DA:41,0
DA:42,0
DA:43,0
DA:44,0
DA:45,0
DA:46,0
DA:47,0
DA:48,0
DA:49,0
DA:50,0
DA:51,0
DA:53,0
DA:54,0
DA:55,0
DA:56,0
DA:57,0
DA:58,0
DA:59,0
DA:60,0
DA:61,0
DA:62,0
DA:64,0
DA:65,0
DA:66,0
DA:67,0
DA:68,0
DA:69,0
DA:70,0
DA:71,0
DA:72,0
DA:74,0
DA:75,0
DA:76,0
DA:77,0
DA:79,0
DA:80,0
DA:81,0
DA:82,0
DA:83,0
DA:84,0
DA:86,0
DA:87,0
DA:88,0
DA:89,0
DA:90,0
DA:91,0
DA:92,0
DA:93,0
DA:94,0
DA:96,0
DA:97,0
DA:98,0
DA:99,0
DA:100,0
DA:101,0
DA:102,0
DA:103,0
DA:104,0
DA:105,0
DA:106,0
DA:108,0
LF:64
LH:0
BRDA:1,0,0,0
BRF:1
BRH:0
end_of_record
TN:
SF:src/ui/DataTable.tsx
FN:42,DataTable
FN:45,DataTable.rowKey
FN:78,__vite_ssr_import_0__.jsxDEV.onClick
FNF:3
FNH:3
FNDA:4,DataTable
FNDA:7,DataTable.rowKey
FNDA:1,__vite_ssr_import_0__.jsxDEV.onClick
DA:1,1
DA:42,1
DA:43,4
DA:44,4
DA:45,4
DA:46,4
DA:48,4
DA:49,4
DA:50,4
DA:51,4
DA:52,4
DA:53,4
DA:54,11
DA:55,11
DA:56,11
DA:57,11
DA:58,11
DA:59,11
DA:60,11
DA:62,11
DA:63,11
DA:64,4
DA:65,4
DA:66,4
DA:67,4
DA:68,4
DA:69,1
DA:70,1
DA:71,1
DA:72,1
DA:73,1
DA:75,3
DA:76,7
DA:77,7
DA:78,7
DA:79,7
DA:80,7
DA:81,7
DA:82,7
DA:84,7
DA:85,23
DA:86,23
DA:87,23
DA:88,7
DA:89,7
DA:90,3
DA:92,4
DA:93,4
DA:94,4
DA:96,4
LF:50
LH:50
BRDA:42,0,0,4
BRDA:46,1,0,0
BRDA:68,2,0,1
BRDA:73,3,0,3
BRDA:45,4,0,7
BRDA:45,5,0,0
BRDA:53,6,0,11
BRDA:75,7,0,7
BRDA:78,8,0,5
BRDA:78,9,0,2
BRDA:81,10,0,5
BRDA:78,11,0,1
BRDA:84,12,0,23
BRF:13
BRH:11
end_of_record
TN:
SF:src/ui/DropdownMenu.tsx
FNF:0
FNH:0
DA:1,1
DA:18,1
DA:19,1
DA:20,1
DA:21,1
DA:23,1
DA:26,1
DA:27,98
DA:28,98
DA:29,98
DA:30,98
DA:31,98
DA:32,98
DA:33,98
DA:34,98
DA:35,98
DA:36,98
DA:37,98
DA:38,98
DA:39,98
DA:40,98
DA:41,98
DA:42,98
DA:43,1
DA:44,1
DA:51,1
DA:54,1
DA:55,46
DA:56,46
DA:57,46
DA:58,46
DA:59,46
DA:60,46
DA:61,46
DA:62,6
DA:63,40
DA:64,46
DA:65,46
DA:66,46
DA:67,46
DA:68,46
DA:69,1
DA:71,1
DA:74,1
DA:75,12
DA:76,12
DA:77,12
DA:78,12
DA:79,12
DA:80,12
DA:81,1
DA:83,1
DA:86,1
DA:87,12
DA:88,12
DA:89,12
DA:90,12
DA:91,12
DA:92,12
DA:93,1
LF:60
LH:60
BRDA:26,0,0,98
BRDA:54,1,0,46
BRDA:61,2,0,6
BRDA:62,3,0,40
BRDA:74,4,0,12
BRDA:86,5,0,12
BRF:6
BRH:6
end_of_record
TN:
SF:src/ui/EmptyState.tsx
FN:16,EmptyState
FNF:1
FNH:1
FNDA:14,EmptyState
DA:1,1
DA:16,1
DA:17,14
DA:18,14
DA:19,14
DA:20,13
DA:21,13
DA:22,13
DA:24,14
DA:25,14
DA:26,14
DA:27,14
DA:28,14
DA:29,14
DA:31,14
LF:15
LH:15
BRDA:16,0,0,14
BRDA:19,1,0,13
BRF:2
BRH:2
end_of_record
TN:
SF:src/ui/Input.tsx
FNF:0
FNH:0
DA:1,1
DA:15,1
DA:16,1
DA:17,616
DA:18,85
DA:19,85
DA:20,85
DA:21,85
DA:22,85
DA:23,85
DA:24,85
DA:25,85
DA:27,85
DA:28,85
DA:29,85
DA:30,85
DA:31,85
DA:32,85
DA:33,85
DA:34,85
DA:35,85
DA:36,85
DA:38,85
DA:39,531
DA:40,531
DA:41,531
DA:42,531
DA:43,531
DA:44,531
DA:45,531
DA:46,531
DA:47,531
DA:48,616
DA:49,616
DA:50,616
DA:51,616
DA:52,616
DA:53,616
DA:55,616
DA:56,1
DA:57,1
LF:41
LH:41
BRDA:16,0,0,616
BRDA:17,1,0,531
BRDA:17,2,0,85
BRDA:23,3,0,0
BRDA:35,4,0,12
BRDA:38,5,0,531
BRDA:48,6,0,1
BRDA:48,7,0,530
BRDA:51,8,0,530
BRF:9
BRH:8
end_of_record
TN:
SF:src/ui/Select.tsx
FNF:0
FNH:0
DA:1,1
DA:20,1
DA:21,1
DA:22,1
DA:24,1
DA:27,1
DA:28,88
DA:29,88
DA:30,88
DA:31,88
DA:32,88
DA:33,88
DA:34,88
DA:35,88
DA:36,88
DA:37,88
DA:39,88
DA:40,88
DA:41,88
DA:42,88
DA:43,88
DA:44,88
DA:45,1
DA:47,1
DA:50,1
DA:51,88
DA:52,88
DA:53,88
DA:54,88
DA:55,88
DA:56,88
DA:57,88
DA:58,88
DA:59,88
DA:60,88
DA:61,88
DA:63,88
DA:64,88
DA:65,88
DA:66,88
DA:67,88
DA:68,1
DA:69,1
DA:71,1
DA:74,1
DA:75,460
DA:76,460
DA:77,460
DA:78,460
DA:79,460
DA:80,460
DA:81,460
DA:82,460
DA:83,460
DA:85,460
DA:86,460
DA:87,460
DA:88,460
DA:89,460
DA:90,460
DA:91,460
DA:92,460
DA:93,1
LF:63
LH:63
BRDA:27,0,0,88
BRDA:50,1,0,88
BRDA:74,2,0,460
BRF:3
BRH:3
end_of_record
TN:
SF:src/ui/Sheet.tsx
FN:104,SheetHeader
FN:108,SheetBody
FN:112,SheetFooter
FNF:3
FNH:3
FNDA:2,SheetHeader
FNDA:2,SheetBody
FNDA:2,SheetFooter
DA:1,1
DA:25,1
DA:26,1
DA:27,1
DA:29,1
DA:32,1
DA:33,3
DA:34,3
DA:35,3
DA:36,3
DA:37,3
DA:38,3
DA:39,3
DA:40,3
DA:41,3
DA:42,3
DA:43,3
DA:44,1
DA:46,1
DA:47,1
DA:48,1
DA:49,1
DA:50,1
DA:51,1
DA:52,1
DA:53,1
DA:54,1
DA:55,1
DA:56,1
DA:57,1
DA:58,1
DA:59,1
DA:60,1
DA:61,1
DA:62,1
DA:63,1
DA:64,1
DA:65,1
DA:66,1
DA:67,1
DA:68,1
DA:69,1
DA:70,1
DA:71,1
DA:79,1
DA:82,1
DA:83,24
DA:84,24
DA:85,24
DA:86,24
DA:87,24
DA:88,24
DA:90,24
DA:91,24
DA:92,24
DA:93,24
DA:94,24
DA:96,24
DA:97,24
DA:99,24
DA:100,24
DA:101,1
DA:102,1
DA:104,1
DA:105,2
DA:106,2
DA:108,1
DA:109,2
DA:110,2
DA:112,1
DA:113,2
DA:114,2
DA:116,1
DA:119,1
DA:120,2
DA:121,2
DA:122,2
DA:123,2
DA:124,2
DA:125,2
DA:126,1
DA:128,1
DA:131,1
DA:132,2
DA:133,2
DA:134,2
DA:135,2
DA:136,2
DA:137,2
DA:138,1
LF:90
LH:90
BRDA:32,0,0,3
BRDA:82,1,0,24
BRDA:104,2,0,2
BRDA:108,3,0,2
BRDA:112,4,0,2
BRDA:119,5,0,2
BRDA:131,6,0,2
BRF:7
BRH:7
end_of_record
TN:
SF:src/ui/StatCard.tsx
FN:36,StatCard
FNF:1
FNH:1
FNDA:12,StatCard
DA:1,1
DA:36,1
DA:37,12
DA:38,12
DA:39,12
DA:40,5
DA:41,7
DA:42,5
DA:43,2
DA:45,12
DA:46,12
DA:47,2
DA:48,10
DA:49,0
DA:50,10
DA:52,12
DA:53,12
DA:54,12
DA:55,12
DA:56,12
DA:57,12
DA:58,12
DA:59,12
DA:60,12
DA:61,12
DA:62,12
DA:63,5
DA:65,12
DA:66,11
DA:67,11
DA:68,10
DA:69,10
DA:70,10
DA:71,10
DA:72,10
DA:74,11
DA:75,6
DA:76,6
DA:77,6
DA:78,6
DA:80,11
DA:82,12
DA:83,12
DA:84,12
DA:85,12
DA:87,12
LF:46
LH:45
BRDA:36,0,0,12
BRDA:39,1,0,10
BRDA:39,2,0,5
BRDA:40,3,0,7
BRDA:41,4,0,5
BRDA:41,5,0,5
BRDA:42,6,0,2
BRDA:45,7,0,10
BRDA:45,8,0,8
BRDA:45,9,0,6
BRDA:46,10,0,2
BRDA:47,11,0,10
BRDA:48,12,0,0
BRDA:50,13,0,9
BRDA:50,14,0,1
BRDA:62,15,0,5
BRDA:65,16,0,2
BRDA:65,17,0,11
BRDA:67,18,0,10
BRDA:74,19,0,6
BRDA:83,20,0,3
BRF:21
BRH:20
end_of_record
TN:
SF:src/ui/ThemeToggle.tsx
FN:10,ThemeToggle
FN:25,onClick
FNF:2
FNH:2
FNDA:5,ThemeToggle
FNDA:3,onClick
DA:1,1
DA:10,1
DA:11,5
DA:12,2
DA:13,5
DA:15,5
DA:16,5
DA:17,3
DA:18,5
DA:19,5
DA:21,5
DA:22,5
DA:23,5
DA:24,5
DA:25,5
DA:26,5
DA:28,5
DA:29,5
DA:31,5
LF:19
LH:19
BRDA:10,0,0,5
BRDA:26,1,0,2
BRDA:26,2,0,3
BRDA:28,3,0,2
BRDA:28,4,0,3
BRDA:11,5,0,2
BRDA:12,6,0,0
BRDA:15,7,0,5
BRDA:16,8,0,2
BRDA:16,9,0,3
BRDA:18,10,0,0
BRDA:25,11,0,3
BRDA:25,12,0,1
BRDA:25,13,0,2
BRF:14
BRH:12
end_of_record
TN:
SF:src/ui/Toast.tsx
FN:59,ToastProvider
FN:79,onOpenChange
FN:112,useToast
FNF:3
FNH:2
FNDA:61,ToastProvider
FNDA:0,onOpenChange
FNDA:226,useToast
DA:1,1
DA:23,1
DA:24,1
DA:25,1
DA:26,1
DA:27,1
DA:28,1
DA:29,1
DA:30,1
DA:31,1
DA:32,1
DA:33,1
DA:34,1
DA:35,1
DA:36,1
DA:37,1
DA:38,1
DA:39,1
DA:40,1
DA:41,1
DA:42,1
DA:57,1
DA:59,1
DA:60,61
DA:62,61
DA:63,13
DA:64,13
DA:65,61
DA:66,61
DA:67,0
DA:68,61
DA:70,61
DA:71,61
DA:72,61
DA:73,61
DA:74,61
DA:75,13
DA:76,13
DA:77,13
DA:78,13
DA:79,13
DA:81,13
DA:82,13
DA:83,13
DA:84,13
DA:85,13
DA:87,13
DA:88,11
DA:89,11
DA:90,11
DA:92,13
DA:93,13
DA:94,13
DA:95,13
DA:97,13
DA:98,13
DA:99,13
DA:100,61
DA:101,61
DA:102,61
DA:103,61
DA:104,61
DA:105,61
DA:106,61
DA:107,61
DA:108,61
DA:110,61
DA:112,1
DA:113,226
DA:114,226
DA:115,221
DA:116,221
DA:118,1
DA:121,1
DA:122,0
DA:123,1
DA:124,1
LF:77
LH:75
BRDA:59,0,0,61
BRDA:62,1,0,13
BRDA:64,2,0,13
BRDA:74,3,0,13
BRDA:87,4,0,11
BRDA:112,5,0,226
BRDA:114,6,0,4
BRDA:114,7,0,221
BRF:8
BRH:8
end_of_record
TN:
SF:src/ui/lib/cn.ts
FN:15,cn
FNF:1
FNH:1
FNDA:7813,cn
DA:1,1
DA:15,1
DA:16,7813
DA:17,7813
LF:4
LH:4
BRDA:15,0,0,7813
BRF:1
BRH:1
end_of_record
